<?xml version="1.0" encoding="UTF-8"?>
<testsuite xmlns:xsi="http://www.w3.org/2001/XMLSchema-instance" xsi:noNamespaceSchemaLocation="https://maven.apache.org/surefire/maven-surefire-plugin/xsd/surefire-test-report.xsd" name="labrat.AppTest" time="0.032" tests="2" errors="0" skipped="1" failures="0">
  <properties>
[...]
</properties>
  <testcase name="shouldAnswerWithTrue" classname="labrat.AppTest" time="0.021"/>
  <testcase name="onlyOnStagingServer" classname="labrat.AppTest" time="0">
    <skipped message="Environment variable [ENV] with value [truje] does not match regular expression [true]"/>
  </testcase>
</testsuite>