<?xml version="1.0" encoding="UTF-8"?>
<testsuite xmlns:xsi="http://www.w3.org/2001/XMLSchema-instance" xsi:noNamespaceSchemaLocation="https://maven.apache.org/surefire/maven-surefire-plugin/xsd/surefire-test-report.xsd" name="labrat.CountingSortTest" time="0.834" tests="1000" errors="0" skipped="0" failures="0">
  <properties>
[...]
</properties>
  <testcase name="CountingSortTest[1]" classname="labrat.CountingSortTest" time="0.02"/>
  <testcase name="CountingSortTest[2]" classname="labrat.CountingSortTest" time="0.002"/>
  <testcase name="CountingSortTest[3]" classname="labrat.CountingSortTest" time="0.001"/>
  <testcase name="CountingSortTest[4]" classname="labrat.CountingSortTest" time="0.001"/>
  <testcase name="CountingSortTest[5]" classname="labrat.CountingSortTest" time="0.001"/>
  <testcase name="CountingSortTest[6]" classname="labrat.CountingSortTest" time="0.001"/>
  <testcase name="CountingSortTest[7]" classname="labrat.CountingSortTest" time="0.001"/>
  <testcase name="CountingSortTest[8]" classname="labrat.CountingSortTest" time="0.002"/>
  <testcase name="CountingSortTest[9]" classname="labrat.CountingSortTest" time="0"/>
  <testcase name="CountingSortTest[10]" classname="labrat.CountingSortTest" time="0.001"/>
  <testcase name="CountingSortTest[11]" classname="labrat.CountingSortTest" time="0.001"/>
  <testcase name="CountingSortTest[12]" classname="labrat.CountingSortTest" time="0.001"/>
  <testcase name="CountingSortTest[13]" classname="labrat.CountingSortTest" time="0.001"/>
  <testcase name="CountingSortTest[14]" classname="labrat.CountingSortTest" time="0.001"/>
  <testcase name="CountingSortTest[15]" classname="labrat.CountingSortTest" time="0.001"/>
  <testcase name="CountingSortTest[16]" classname="labrat.CountingSortTest" time="0.002"/>
  <testcase name="CountingSortTest[17]" classname="labrat.CountingSortTest" time="0.001"/>
  <testcase name="CountingSortTest[18]" classname="labrat.CountingSortTest" time="0.001"/>
  <testcase name="CountingSortTest[19]" classname="labrat.CountingSortTest" time="0"/>
  <testcase name="CountingSortTest[20]" classname="labrat.CountingSortTest" time="0.001"/>
  <testcase name="CountingSortTest[21]" classname="labrat.CountingSortTest" time="0.001"/>
  <testcase name="CountingSortTest[22]" classname="labrat.CountingSortTest" time="0.001"/>
  <testcase name="CountingSortTest[23]" classname="labrat.CountingSortTest" time="0.001"/>
  <testcase name="CountingSortTest[24]" classname="labrat.CountingSortTest" time="0.001"/>
  <testcase name="CountingSortTest[25]" classname="labrat.CountingSortTest" time="0.001"/>
  <testcase name="CountingSortTest[26]" classname="labrat.CountingSortTest" time="0"/>
  <testcase name="CountingSortTest[27]" classname="labrat.CountingSortTest" time="0.001"/>
  <testcase name="CountingSortTest[28]" classname="labrat.CountingSortTest" time="0.001"/>
  <testcase name="CountingSortTest[29]" classname="labrat.CountingSortTest" time="0.001"/>
  <testcase name="CountingSortTest[30]" classname="labrat.CountingSortTest" time="0.001"/>
  <testcase name="CountingSortTest[31]" classname="labrat.CountingSortTest" time="0.001"/>
  <testcase name="CountingSortTest[32]" classname="labrat.CountingSortTest" time="0.001"/>
  <testcase name="CountingSortTest[33]" classname="labrat.CountingSortTest" time="0.001"/>
  <testcase name="CountingSortTest[34]" classname="labrat.CountingSortTest" time="0.001"/>
  <testcase name="CountingSortTest[35]" classname="labrat.CountingSortTest" time="0"/>
  <testcase name="CountingSortTest[36]" classname="labrat.CountingSortTest" time="0"/>
  <testcase name="CountingSortTest[37]" classname="labrat.CountingSortTest" time="0.001"/>
  <testcase name="CountingSortTest[38]" classname="labrat.CountingSortTest" time="0"/>
  <testcase name="CountingSortTest[39]" classname="labrat.CountingSortTest" time="0.001"/>
  <testcase name="CountingSortTest[40]" classname="labrat.CountingSortTest" time="0"/>
  <testcase name="CountingSortTest[41]" classname="labrat.CountingSortTest" time="0.001"/>
  <testcase name="CountingSortTest[42]" classname="labrat.CountingSortTest" time="0"/>
  <testcase name="CountingSortTest[43]" classname="labrat.CountingSortTest" time="0.001"/>
  <testcase name="CountingSortTest[44]" classname="labrat.CountingSortTest" time="0"/>
  <testcase name="CountingSortTest[45]" classname="labrat.CountingSortTest" time="0.001"/>
  <testcase name="CountingSortTest[46]" classname="labrat.CountingSortTest" time="0"/>
  <testcase name="CountingSortTest[47]" classname="labrat.CountingSortTest" time="0.001"/>
  <testcase name="CountingSortTest[48]" classname="labrat.CountingSortTest" time="0"/>
  <testcase name="CountingSortTest[49]" classname="labrat.CountingSortTest" time="0.001"/>
  <testcase name="CountingSortTest[50]" classname="labrat.CountingSortTest" time="0.001"/>
  <testcase name="CountingSortTest[51]" classname="labrat.CountingSortTest" time="0"/>
  <testcase name="CountingSortTest[52]" classname="labrat.CountingSortTest" time="0.001"/>
  <testcase name="CountingSortTest[53]" classname="labrat.CountingSortTest" time="0"/>
  <testcase name="CountingSortTest[54]" classname="labrat.CountingSortTest" time="0.001"/>
  <testcase name="CountingSortTest[55]" classname="labrat.CountingSortTest" time="0.001"/>
  <testcase name="CountingSortTest[56]" classname="labrat.CountingSortTest" time="0"/>
  <testcase name="CountingSortTest[57]" classname="labrat.CountingSortTest" time="0.001"/>
  <testcase name="CountingSortTest[58]" classname="labrat.CountingSortTest" time="0.001"/>
  <testcase name="CountingSortTest[59]" classname="labrat.CountingSortTest" time="0.001"/>
  <testcase name="CountingSortTest[60]" classname="labrat.CountingSortTest" time="0"/>
  <testcase name="CountingSortTest[61]" classname="labrat.CountingSortTest" time="0"/>
  <testcase name="CountingSortTest[62]" classname="labrat.CountingSortTest" time="0.001"/>
  <testcase name="CountingSortTest[63]" classname="labrat.CountingSortTest" time="0"/>
  <testcase name="CountingSortTest[64]" classname="labrat.CountingSortTest" time="0.001"/>
  <testcase name="CountingSortTest[65]" classname="labrat.CountingSortTest" time="0.001"/>
  <testcase name="CountingSortTest[66]" classname="labrat.CountingSortTest" time="0.001"/>
  <testcase name="CountingSortTest[67]" classname="labrat.CountingSortTest" time="0.001"/>
  <testcase name="CountingSortTest[68]" classname="labrat.CountingSortTest" time="0"/>
  <testcase name="CountingSortTest[69]" classname="labrat.CountingSortTest" time="0.001"/>
  <testcase name="CountingSortTest[70]" classname="labrat.CountingSortTest" time="0.001"/>
  <testcase name="CountingSortTest[71]" classname="labrat.CountingSortTest" time="0.001"/>
  <testcase name="CountingSortTest[72]" classname="labrat.CountingSortTest" time="0.001"/>
  <testcase name="CountingSortTest[73]" classname="labrat.CountingSortTest" time="0"/>
  <testcase name="CountingSortTest[74]" classname="labrat.CountingSortTest" time="0.001"/>
  <testcase name="CountingSortTest[75]" classname="labrat.CountingSortTest" time="0.001"/>
  <testcase name="CountingSortTest[76]" classname="labrat.CountingSortTest" time="0"/>
  <testcase name="CountingSortTest[77]" classname="labrat.CountingSortTest" time="0"/>
  <testcase name="CountingSortTest[78]" classname="labrat.CountingSortTest" time="0.001"/>
  <testcase name="CountingSortTest[79]" classname="labrat.CountingSortTest" time="0.001"/>
  <testcase name="CountingSortTest[80]" classname="labrat.CountingSortTest" time="0.001"/>
  <testcase name="CountingSortTest[81]" classname="labrat.CountingSortTest" time="0"/>
  <testcase name="CountingSortTest[82]" classname="labrat.CountingSortTest" time="0.001"/>
  <testcase name="CountingSortTest[83]" classname="labrat.CountingSortTest" time="0.001"/>
  <testcase name="CountingSortTest[84]" classname="labrat.CountingSortTest" time="0.001"/>
  <testcase name="CountingSortTest[85]" classname="labrat.CountingSortTest" time="0"/>
  <testcase name="CountingSortTest[86]" classname="labrat.CountingSortTest" time="0.001"/>
  <testcase name="CountingSortTest[87]" classname="labrat.CountingSortTest" time="0.001"/>
  <testcase name="CountingSortTest[88]" classname="labrat.CountingSortTest" time="0"/>
  <testcase name="CountingSortTest[89]" classname="labrat.CountingSortTest" time="0.001"/>
  <testcase name="CountingSortTest[90]" classname="labrat.CountingSortTest" time="0.001"/>
  <testcase name="CountingSortTest[91]" classname="labrat.CountingSortTest" time="0"/>
  <testcase name="CountingSortTest[92]" classname="labrat.CountingSortTest" time="0"/>
  <testcase name="CountingSortTest[93]" classname="labrat.CountingSortTest" time="0.001"/>
  <testcase name="CountingSortTest[94]" classname="labrat.CountingSortTest" time="0.008"/>
  <testcase name="CountingSortTest[95]" classname="labrat.CountingSortTest" time="0.001"/>
  <testcase name="CountingSortTest[96]" classname="labrat.CountingSortTest" time="0.001"/>
  <testcase name="CountingSortTest[97]" classname="labrat.CountingSortTest" time="0.001"/>
  <testcase name="CountingSortTest[98]" classname="labrat.CountingSortTest" time="0.001"/>
  <testcase name="CountingSortTest[99]" classname="labrat.CountingSortTest" time="0.001"/>
  <testcase name="CountingSortTest[100]" classname="labrat.CountingSortTest" time="0.003"/>
  <testcase name="CountingSortTest[101]" classname="labrat.CountingSortTest" time="0"/>
  <testcase name="CountingSortTest[102]" classname="labrat.CountingSortTest" time="0.001"/>
  <testcase name="CountingSortTest[103]" classname="labrat.CountingSortTest" time="0.001"/>
  <testcase name="CountingSortTest[104]" classname="labrat.CountingSortTest" time="0.001"/>
  <testcase name="CountingSortTest[105]" classname="labrat.CountingSortTest" time="0.001"/>
  <testcase name="CountingSortTest[106]" classname="labrat.CountingSortTest" time="0"/>
  <testcase name="CountingSortTest[107]" classname="labrat.CountingSortTest" time="0.001"/>
  <testcase name="CountingSortTest[108]" classname="labrat.CountingSortTest" time="0"/>
  <testcase name="CountingSortTest[109]" classname="labrat.CountingSortTest" time="0.001"/>
  <testcase name="CountingSortTest[110]" classname="labrat.CountingSortTest" time="0"/>
  <testcase name="CountingSortTest[111]" classname="labrat.CountingSortTest" time="0.001"/>
  <testcase name="CountingSortTest[112]" classname="labrat.CountingSortTest" time="0.001"/>
  <testcase name="CountingSortTest[113]" classname="labrat.CountingSortTest" time="0"/>
  <testcase name="CountingSortTest[114]" classname="labrat.CountingSortTest" time="0.001"/>
  <testcase name="CountingSortTest[115]" classname="labrat.CountingSortTest" time="0.001"/>
  <testcase name="CountingSortTest[116]" classname="labrat.CountingSortTest" time="0"/>
  <testcase name="CountingSortTest[117]" classname="labrat.CountingSortTest" time="0.001"/>
  <testcase name="CountingSortTest[118]" classname="labrat.CountingSortTest" time="0"/>
  <testcase name="CountingSortTest[119]" classname="labrat.CountingSortTest" time="0.001"/>
  <testcase name="CountingSortTest[120]" classname="labrat.CountingSortTest" time="0"/>
  <testcase name="CountingSortTest[121]" classname="labrat.CountingSortTest" time="0"/>
  <testcase name="CountingSortTest[122]" classname="labrat.CountingSortTest" time="0.001"/>
  <testcase name="CountingSortTest[123]" classname="labrat.CountingSortTest" time="0"/>
  <testcase name="CountingSortTest[124]" classname="labrat.CountingSortTest" time="0"/>
  <testcase name="CountingSortTest[125]" classname="labrat.CountingSortTest" time="0"/>
  <testcase name="CountingSortTest[126]" classname="labrat.CountingSortTest" time="0.002"/>
  <testcase name="CountingSortTest[127]" classname="labrat.CountingSortTest" time="0.001"/>
  <testcase name="CountingSortTest[128]" classname="labrat.CountingSortTest" time="0.001"/>
  <testcase name="CountingSortTest[129]" classname="labrat.CountingSortTest" time="0"/>
  <testcase name="CountingSortTest[130]" classname="labrat.CountingSortTest" time="0.001"/>
  <testcase name="CountingSortTest[131]" classname="labrat.CountingSortTest" time="0"/>
  <testcase name="CountingSortTest[132]" classname="labrat.CountingSortTest" time="0"/>
  <testcase name="CountingSortTest[133]" classname="labrat.CountingSortTest" time="0.001"/>
  <testcase name="CountingSortTest[134]" classname="labrat.CountingSortTest" time="0"/>
  <testcase name="CountingSortTest[135]" classname="labrat.CountingSortTest" time="0"/>
  <testcase name="CountingSortTest[136]" classname="labrat.CountingSortTest" time="0.001"/>
  <testcase name="CountingSortTest[137]" classname="labrat.CountingSortTest" time="0.001"/>
  <testcase name="CountingSortTest[138]" classname="labrat.CountingSortTest" time="0"/>
  <testcase name="CountingSortTest[139]" classname="labrat.CountingSortTest" time="0.001"/>
  <testcase name="CountingSortTest[140]" classname="labrat.CountingSortTest" time="0.001"/>
  <testcase name="CountingSortTest[141]" classname="labrat.CountingSortTest" time="0.001"/>
  <testcase name="CountingSortTest[142]" classname="labrat.CountingSortTest" time="0"/>
  <testcase name="CountingSortTest[143]" classname="labrat.CountingSortTest" time="0"/>
  <testcase name="CountingSortTest[144]" classname="labrat.CountingSortTest" time="0.001"/>
  <testcase name="CountingSortTest[145]" classname="labrat.CountingSortTest" time="0"/>
  <testcase name="CountingSortTest[146]" classname="labrat.CountingSortTest" time="0.001"/>
  <testcase name="CountingSortTest[147]" classname="labrat.CountingSortTest" time="0.001"/>
  <testcase name="CountingSortTest[148]" classname="labrat.CountingSortTest" time="0"/>
  <testcase name="CountingSortTest[149]" classname="labrat.CountingSortTest" time="0"/>
  <testcase name="CountingSortTest[150]" classname="labrat.CountingSortTest" time="0"/>
  <testcase name="CountingSortTest[151]" classname="labrat.CountingSortTest" time="0.001"/>
  <testcase name="CountingSortTest[152]" classname="labrat.CountingSortTest" time="0.001"/>
  <testcase name="CountingSortTest[153]" classname="labrat.CountingSortTest" time="0.001"/>
  <testcase name="CountingSortTest[154]" classname="labrat.CountingSortTest" time="0.001"/>
  <testcase name="CountingSortTest[155]" classname="labrat.CountingSortTest" time="0"/>
  <testcase name="CountingSortTest[156]" classname="labrat.CountingSortTest" time="0"/>
  <testcase name="CountingSortTest[157]" classname="labrat.CountingSortTest" time="0"/>
  <testcase name="CountingSortTest[158]" classname="labrat.CountingSortTest" time="0"/>
  <testcase name="CountingSortTest[159]" classname="labrat.CountingSortTest" time="0"/>
  <testcase name="CountingSortTest[160]" classname="labrat.CountingSortTest" time="0.001"/>
  <testcase name="CountingSortTest[161]" classname="labrat.CountingSortTest" time="0.001"/>
  <testcase name="CountingSortTest[162]" classname="labrat.CountingSortTest" time="0"/>
  <testcase name="CountingSortTest[163]" classname="labrat.CountingSortTest" time="0"/>
  <testcase name="CountingSortTest[164]" classname="labrat.CountingSortTest" time="0"/>
  <testcase name="CountingSortTest[165]" classname="labrat.CountingSortTest" time="0.001"/>
  <testcase name="CountingSortTest[166]" classname="labrat.CountingSortTest" time="0.001"/>
  <testcase name="CountingSortTest[167]" classname="labrat.CountingSortTest" time="0"/>
  <testcase name="CountingSortTest[168]" classname="labrat.CountingSortTest" time="0"/>
  <testcase name="CountingSortTest[169]" classname="labrat.CountingSortTest" time="0.001"/>
  <testcase name="CountingSortTest[170]" classname="labrat.CountingSortTest" time="0.001"/>
  <testcase name="CountingSortTest[171]" classname="labrat.CountingSortTest" time="0"/>
  <testcase name="CountingSortTest[172]" classname="labrat.CountingSortTest" time="0.001"/>
  <testcase name="CountingSortTest[173]" classname="labrat.CountingSortTest" time="0"/>
  <testcase name="CountingSortTest[174]" classname="labrat.CountingSortTest" time="0"/>
  <testcase name="CountingSortTest[175]" classname="labrat.CountingSortTest" time="0.001"/>
  <testcase name="CountingSortTest[176]" classname="labrat.CountingSortTest" time="0.001"/>
  <testcase name="CountingSortTest[177]" classname="labrat.CountingSortTest" time="0"/>
  <testcase name="CountingSortTest[178]" classname="labrat.CountingSortTest" time="0.001"/>
  <testcase name="CountingSortTest[179]" classname="labrat.CountingSortTest" time="0.001"/>
  <testcase name="CountingSortTest[180]" classname="labrat.CountingSortTest" time="0.001"/>
  <testcase name="CountingSortTest[181]" classname="labrat.CountingSortTest" time="0.001"/>
  <testcase name="CountingSortTest[182]" classname="labrat.CountingSortTest" time="0"/>
  <testcase name="CountingSortTest[183]" classname="labrat.CountingSortTest" time="0"/>
  <testcase name="CountingSortTest[184]" classname="labrat.CountingSortTest" time="0"/>
  <testcase name="CountingSortTest[185]" classname="labrat.CountingSortTest" time="0"/>
  <testcase name="CountingSortTest[186]" classname="labrat.CountingSortTest" time="0.001"/>
  <testcase name="CountingSortTest[187]" classname="labrat.CountingSortTest" time="0.001"/>
  <testcase name="CountingSortTest[188]" classname="labrat.CountingSortTest" time="0"/>
  <testcase name="CountingSortTest[189]" classname="labrat.CountingSortTest" time="0"/>
  <testcase name="CountingSortTest[190]" classname="labrat.CountingSortTest" time="0"/>
  <testcase name="CountingSortTest[191]" classname="labrat.CountingSortTest" time="0.001"/>
  <testcase name="CountingSortTest[192]" classname="labrat.CountingSortTest" time="0.001"/>
  <testcase name="CountingSortTest[193]" classname="labrat.CountingSortTest" time="0.001"/>
  <testcase name="CountingSortTest[194]" classname="labrat.CountingSortTest" time="0"/>
  <testcase name="CountingSortTest[195]" classname="labrat.CountingSortTest" time="0"/>
  <testcase name="CountingSortTest[196]" classname="labrat.CountingSortTest" time="0"/>
  <testcase name="CountingSortTest[197]" classname="labrat.CountingSortTest" time="0"/>
  <testcase name="CountingSortTest[198]" classname="labrat.CountingSortTest" time="0"/>
  <testcase name="CountingSortTest[199]" classname="labrat.CountingSortTest" time="0"/>
  <testcase name="CountingSortTest[200]" classname="labrat.CountingSortTest" time="0"/>
  <testcase name="CountingSortTest[201]" classname="labrat.CountingSortTest" time="0"/>
  <testcase name="CountingSortTest[202]" classname="labrat.CountingSortTest" time="0.001"/>
  <testcase name="CountingSortTest[203]" classname="labrat.CountingSortTest" time="0"/>
  <testcase name="CountingSortTest[204]" classname="labrat.CountingSortTest" time="0"/>
  <testcase name="CountingSortTest[205]" classname="labrat.CountingSortTest" time="0"/>
  <testcase name="CountingSortTest[206]" classname="labrat.CountingSortTest" time="0.001"/>
  <testcase name="CountingSortTest[207]" classname="labrat.CountingSortTest" time="0.001"/>
  <testcase name="CountingSortTest[208]" classname="labrat.CountingSortTest" time="0.001"/>
  <testcase name="CountingSortTest[209]" classname="labrat.CountingSortTest" time="0.001"/>
  <testcase name="CountingSortTest[210]" classname="labrat.CountingSortTest" time="0.001"/>
  <testcase name="CountingSortTest[211]" classname="labrat.CountingSortTest" time="0.001"/>
  <testcase name="CountingSortTest[212]" classname="labrat.CountingSortTest" time="0.001"/>
  <testcase name="CountingSortTest[213]" classname="labrat.CountingSortTest" time="0.001"/>
  <testcase name="CountingSortTest[214]" classname="labrat.CountingSortTest" time="0.001"/>
  <testcase name="CountingSortTest[215]" classname="labrat.CountingSortTest" time="0"/>
  <testcase name="CountingSortTest[216]" classname="labrat.CountingSortTest" time="0"/>
  <testcase name="CountingSortTest[217]" classname="labrat.CountingSortTest" time="0"/>
  <testcase name="CountingSortTest[218]" classname="labrat.CountingSortTest" time="0"/>
  <testcase name="CountingSortTest[219]" classname="labrat.CountingSortTest" time="0"/>
  <testcase name="CountingSortTest[220]" classname="labrat.CountingSortTest" time="0"/>
  <testcase name="CountingSortTest[221]" classname="labrat.CountingSortTest" time="0"/>
  <testcase name="CountingSortTest[222]" classname="labrat.CountingSortTest" time="0"/>
  <testcase name="CountingSortTest[223]" classname="labrat.CountingSortTest" time="0"/>
  <testcase name="CountingSortTest[224]" classname="labrat.CountingSortTest" time="0"/>
  <testcase name="CountingSortTest[225]" classname="labrat.CountingSortTest" time="0.001"/>
  <testcase name="CountingSortTest[226]" classname="labrat.CountingSortTest" time="0.001"/>
  <testcase name="CountingSortTest[227]" classname="labrat.CountingSortTest" time="0.001"/>
  <testcase name="CountingSortTest[228]" classname="labrat.CountingSortTest" time="0.001"/>
  <testcase name="CountingSortTest[229]" classname="labrat.CountingSortTest" time="0.001"/>
  <testcase name="CountingSortTest[230]" classname="labrat.CountingSortTest" time="0.001"/>
  <testcase name="CountingSortTest[231]" classname="labrat.CountingSortTest" time="0.001"/>
  <testcase name="CountingSortTest[232]" classname="labrat.CountingSortTest" time="0.001"/>
  <testcase name="CountingSortTest[233]" classname="labrat.CountingSortTest" time="0.001"/>
  <testcase name="CountingSortTest[234]" classname="labrat.CountingSortTest" time="0.001"/>
  <testcase name="CountingSortTest[235]" classname="labrat.CountingSortTest" time="0.001"/>
  <testcase name="CountingSortTest[236]" classname="labrat.CountingSortTest" time="0.001"/>
  <testcase name="CountingSortTest[237]" classname="labrat.CountingSortTest" time="0.001"/>
  <testcase name="CountingSortTest[238]" classname="labrat.CountingSortTest" time="0.001"/>
  <testcase name="CountingSortTest[239]" classname="labrat.CountingSortTest" time="0.001"/>
  <testcase name="CountingSortTest[240]" classname="labrat.CountingSortTest" time="0"/>
  <testcase name="CountingSortTest[241]" classname="labrat.CountingSortTest" time="0"/>
  <testcase name="CountingSortTest[242]" classname="labrat.CountingSortTest" time="0"/>
  <testcase name="CountingSortTest[243]" classname="labrat.CountingSortTest" time="0"/>
  <testcase name="CountingSortTest[244]" classname="labrat.CountingSortTest" time="0"/>
  <testcase name="CountingSortTest[245]" classname="labrat.CountingSortTest" time="0"/>
  <testcase name="CountingSortTest[246]" classname="labrat.CountingSortTest" time="0"/>
  <testcase name="CountingSortTest[247]" classname="labrat.CountingSortTest" time="0"/>
  <testcase name="CountingSortTest[248]" classname="labrat.CountingSortTest" time="0.001"/>
  <testcase name="CountingSortTest[249]" classname="labrat.CountingSortTest" time="0.001"/>
  <testcase name="CountingSortTest[250]" classname="labrat.CountingSortTest" time="0.001"/>
  <testcase name="CountingSortTest[251]" classname="labrat.CountingSortTest" time="0.001"/>
  <testcase name="CountingSortTest[252]" classname="labrat.CountingSortTest" time="0.001"/>
  <testcase name="CountingSortTest[253]" classname="labrat.CountingSortTest" time="0.001"/>
  <testcase name="CountingSortTest[254]" classname="labrat.CountingSortTest" time="0.001"/>
  <testcase name="CountingSortTest[255]" classname="labrat.CountingSortTest" time="0.001"/>
  <testcase name="CountingSortTest[256]" classname="labrat.CountingSortTest" time="0.001"/>
  <testcase name="CountingSortTest[257]" classname="labrat.CountingSortTest" time="0.001"/>
  <testcase name="CountingSortTest[258]" classname="labrat.CountingSortTest" time="0.002"/>
  <testcase name="CountingSortTest[259]" classname="labrat.CountingSortTest" time="0"/>
  <testcase name="CountingSortTest[260]" classname="labrat.CountingSortTest" time="0"/>
  <testcase name="CountingSortTest[261]" classname="labrat.CountingSortTest" time="0"/>
  <testcase name="CountingSortTest[262]" classname="labrat.CountingSortTest" time="0"/>
  <testcase name="CountingSortTest[263]" classname="labrat.CountingSortTest" time="0"/>
  <testcase name="CountingSortTest[264]" classname="labrat.CountingSortTest" time="0"/>
  <testcase name="CountingSortTest[265]" classname="labrat.CountingSortTest" time="0"/>
  <testcase name="CountingSortTest[266]" classname="labrat.CountingSortTest" time="0"/>
  <testcase name="CountingSortTest[267]" classname="labrat.CountingSortTest" time="0"/>
  <testcase name="CountingSortTest[268]" classname="labrat.CountingSortTest" time="0"/>
  <testcase name="CountingSortTest[269]" classname="labrat.CountingSortTest" time="0.001"/>
  <testcase name="CountingSortTest[270]" classname="labrat.CountingSortTest" time="0.001"/>
  <testcase name="CountingSortTest[271]" classname="labrat.CountingSortTest" time="0.001"/>
  <testcase name="CountingSortTest[272]" classname="labrat.CountingSortTest" time="0.001"/>
  <testcase name="CountingSortTest[273]" classname="labrat.CountingSortTest" time="0"/>
  <testcase name="CountingSortTest[274]" classname="labrat.CountingSortTest" time="0"/>
  <testcase name="CountingSortTest[275]" classname="labrat.CountingSortTest" time="0.001"/>
  <testcase name="CountingSortTest[276]" classname="labrat.CountingSortTest" time="0.001"/>
  <testcase name="CountingSortTest[277]" classname="labrat.CountingSortTest" time="0.001"/>
  <testcase name="CountingSortTest[278]" classname="labrat.CountingSortTest" time="0.001"/>
  <testcase name="CountingSortTest[279]" classname="labrat.CountingSortTest" time="0"/>
  <testcase name="CountingSortTest[280]" classname="labrat.CountingSortTest" time="0"/>
  <testcase name="CountingSortTest[281]" classname="labrat.CountingSortTest" time="0"/>
  <testcase name="CountingSortTest[282]" classname="labrat.CountingSortTest" time="0"/>
  <testcase name="CountingSortTest[283]" classname="labrat.CountingSortTest" time="0.001"/>
  <testcase name="CountingSortTest[284]" classname="labrat.CountingSortTest" time="0.001"/>
  <testcase name="CountingSortTest[285]" classname="labrat.CountingSortTest" time="0"/>
  <testcase name="CountingSortTest[286]" classname="labrat.CountingSortTest" time="0"/>
  <testcase name="CountingSortTest[287]" classname="labrat.CountingSortTest" time="0"/>
  <testcase name="CountingSortTest[288]" classname="labrat.CountingSortTest" time="0"/>
  <testcase name="CountingSortTest[289]" classname="labrat.CountingSortTest" time="0"/>
  <testcase name="CountingSortTest[290]" classname="labrat.CountingSortTest" time="0"/>
  <testcase name="CountingSortTest[291]" classname="labrat.CountingSortTest" time="0.001"/>
  <testcase name="CountingSortTest[292]" classname="labrat.CountingSortTest" time="0.001"/>
  <testcase name="CountingSortTest[293]" classname="labrat.CountingSortTest" time="0"/>
  <testcase name="CountingSortTest[294]" classname="labrat.CountingSortTest" time="0"/>
  <testcase name="CountingSortTest[295]" classname="labrat.CountingSortTest" time="0"/>
  <testcase name="CountingSortTest[296]" classname="labrat.CountingSortTest" time="0"/>
  <testcase name="CountingSortTest[297]" classname="labrat.CountingSortTest" time="0.001"/>
  <testcase name="CountingSortTest[298]" classname="labrat.CountingSortTest" time="0"/>
  <testcase name="CountingSortTest[299]" classname="labrat.CountingSortTest" time="0"/>
  <testcase name="CountingSortTest[300]" classname="labrat.CountingSortTest" time="0"/>
  <testcase name="CountingSortTest[301]" classname="labrat.CountingSortTest" time="0.001"/>
  <testcase name="CountingSortTest[302]" classname="labrat.CountingSortTest" time="0.001"/>
  <testcase name="CountingSortTest[303]" classname="labrat.CountingSortTest" time="0"/>
  <testcase name="CountingSortTest[304]" classname="labrat.CountingSortTest" time="0"/>
  <testcase name="CountingSortTest[305]" classname="labrat.CountingSortTest" time="0"/>
  <testcase name="CountingSortTest[306]" classname="labrat.CountingSortTest" time="0"/>
  <testcase name="CountingSortTest[307]" classname="labrat.CountingSortTest" time="0"/>
  <testcase name="CountingSortTest[308]" classname="labrat.CountingSortTest" time="0.001"/>
  <testcase name="CountingSortTest[309]" classname="labrat.CountingSortTest" time="0.001"/>
  <testcase name="CountingSortTest[310]" classname="labrat.CountingSortTest" time="0.001"/>
  <testcase name="CountingSortTest[311]" classname="labrat.CountingSortTest" time="0"/>
  <testcase name="CountingSortTest[312]" classname="labrat.CountingSortTest" time="0"/>
  <testcase name="CountingSortTest[313]" classname="labrat.CountingSortTest" time="0"/>
  <testcase name="CountingSortTest[314]" classname="labrat.CountingSortTest" time="0"/>
  <testcase name="CountingSortTest[315]" classname="labrat.CountingSortTest" time="0.001"/>
  <testcase name="CountingSortTest[316]" classname="labrat.CountingSortTest" time="0"/>
  <testcase name="CountingSortTest[317]" classname="labrat.CountingSortTest" time="0"/>
  <testcase name="CountingSortTest[318]" classname="labrat.CountingSortTest" time="0"/>
  <testcase name="CountingSortTest[319]" classname="labrat.CountingSortTest" time="0.001"/>
  <testcase name="CountingSortTest[320]" classname="labrat.CountingSortTest" time="0.001"/>
  <testcase name="CountingSortTest[321]" classname="labrat.CountingSortTest" time="0"/>
  <testcase name="CountingSortTest[322]" classname="labrat.CountingSortTest" time="0"/>
  <testcase name="CountingSortTest[323]" classname="labrat.CountingSortTest" time="0"/>
  <testcase name="CountingSortTest[324]" classname="labrat.CountingSortTest" time="0"/>
  <testcase name="CountingSortTest[325]" classname="labrat.CountingSortTest" time="0"/>
  <testcase name="CountingSortTest[326]" classname="labrat.CountingSortTest" time="0.001"/>
  <testcase name="CountingSortTest[327]" classname="labrat.CountingSortTest" time="0.001"/>
  <testcase name="CountingSortTest[328]" classname="labrat.CountingSortTest" time="0"/>
  <testcase name="CountingSortTest[329]" classname="labrat.CountingSortTest" time="0"/>
  <testcase name="CountingSortTest[330]" classname="labrat.CountingSortTest" time="0"/>
  <testcase name="CountingSortTest[331]" classname="labrat.CountingSortTest" time="0"/>
  <testcase name="CountingSortTest[332]" classname="labrat.CountingSortTest" time="0.001"/>
  <testcase name="CountingSortTest[333]" classname="labrat.CountingSortTest" time="0.001"/>
  <testcase name="CountingSortTest[334]" classname="labrat.CountingSortTest" time="0.001"/>
  <testcase name="CountingSortTest[335]" classname="labrat.CountingSortTest" time="0"/>
  <testcase name="CountingSortTest[336]" classname="labrat.CountingSortTest" time="0"/>
  <testcase name="CountingSortTest[337]" classname="labrat.CountingSortTest" time="0"/>
  <testcase name="CountingSortTest[338]" classname="labrat.CountingSortTest" time="0.001"/>
  <testcase name="CountingSortTest[339]" classname="labrat.CountingSortTest" time="0"/>
  <testcase name="CountingSortTest[340]" classname="labrat.CountingSortTest" time="0"/>
  <testcase name="CountingSortTest[341]" classname="labrat.CountingSortTest" time="0"/>
  <testcase name="CountingSortTest[342]" classname="labrat.CountingSortTest" time="0.001"/>
  <testcase name="CountingSortTest[343]" classname="labrat.CountingSortTest" time="0"/>
  <testcase name="CountingSortTest[344]" classname="labrat.CountingSortTest" time="0"/>
  <testcase name="CountingSortTest[345]" classname="labrat.CountingSortTest" time="0"/>
  <testcase name="CountingSortTest[346]" classname="labrat.CountingSortTest" time="0"/>
  <testcase name="CountingSortTest[347]" classname="labrat.CountingSortTest" time="0"/>
  <testcase name="CountingSortTest[348]" classname="labrat.CountingSortTest" time="0"/>
  <testcase name="CountingSortTest[349]" classname="labrat.CountingSortTest" time="0.001"/>
  <testcase name="CountingSortTest[350]" classname="labrat.CountingSortTest" time="0"/>
  <testcase name="CountingSortTest[351]" classname="labrat.CountingSortTest" time="0"/>
  <testcase name="CountingSortTest[352]" classname="labrat.CountingSortTest" time="0"/>
  <testcase name="CountingSortTest[353]" classname="labrat.CountingSortTest" time="0"/>
  <testcase name="CountingSortTest[354]" classname="labrat.CountingSortTest" time="0.001"/>
  <testcase name="CountingSortTest[355]" classname="labrat.CountingSortTest" time="0"/>
  <testcase name="CountingSortTest[356]" classname="labrat.CountingSortTest" time="0"/>
  <testcase name="CountingSortTest[357]" classname="labrat.CountingSortTest" time="0"/>
  <testcase name="CountingSortTest[358]" classname="labrat.CountingSortTest" time="0.001"/>
  <testcase name="CountingSortTest[359]" classname="labrat.CountingSortTest" time="0"/>
  <testcase name="CountingSortTest[360]" classname="labrat.CountingSortTest" time="0"/>
  <testcase name="CountingSortTest[361]" classname="labrat.CountingSortTest" time="0"/>
  <testcase name="CountingSortTest[362]" classname="labrat.CountingSortTest" time="0.001"/>
  <testcase name="CountingSortTest[363]" classname="labrat.CountingSortTest" time="0.001"/>
  <testcase name="CountingSortTest[364]" classname="labrat.CountingSortTest" time="0"/>
  <testcase name="CountingSortTest[365]" classname="labrat.CountingSortTest" time="0"/>
  <testcase name="CountingSortTest[366]" classname="labrat.CountingSortTest" time="0"/>
  <testcase name="CountingSortTest[367]" classname="labrat.CountingSortTest" time="0"/>
  <testcase name="CountingSortTest[368]" classname="labrat.CountingSortTest" time="0"/>
  <testcase name="CountingSortTest[369]" classname="labrat.CountingSortTest" time="0.001"/>
  <testcase name="CountingSortTest[370]" classname="labrat.CountingSortTest" time="0.001"/>
  <testcase name="CountingSortTest[371]" classname="labrat.CountingSortTest" time="0.001"/>
  <testcase name="CountingSortTest[372]" classname="labrat.CountingSortTest" time="0.001"/>
  <testcase name="CountingSortTest[373]" classname="labrat.CountingSortTest" time="0"/>
  <testcase name="CountingSortTest[374]" classname="labrat.CountingSortTest" time="0"/>
  <testcase name="CountingSortTest[375]" classname="labrat.CountingSortTest" time="0"/>
  <testcase name="CountingSortTest[376]" classname="labrat.CountingSortTest" time="0"/>
  <testcase name="CountingSortTest[377]" classname="labrat.CountingSortTest" time="0"/>
  <testcase name="CountingSortTest[378]" classname="labrat.CountingSortTest" time="0"/>
  <testcase name="CountingSortTest[379]" classname="labrat.CountingSortTest" time="0"/>
  <testcase name="CountingSortTest[380]" classname="labrat.CountingSortTest" time="0"/>
  <testcase name="CountingSortTest[381]" classname="labrat.CountingSortTest" time="0.001"/>
  <testcase name="CountingSortTest[382]" classname="labrat.CountingSortTest" time="0.001"/>
  <testcase name="CountingSortTest[383]" classname="labrat.CountingSortTest" time="0.001"/>
  <testcase name="CountingSortTest[384]" classname="labrat.CountingSortTest" time="0.001"/>
  <testcase name="CountingSortTest[385]" classname="labrat.CountingSortTest" time="0.001"/>
  <testcase name="CountingSortTest[386]" classname="labrat.CountingSortTest" time="0.001"/>
  <testcase name="CountingSortTest[387]" classname="labrat.CountingSortTest" time="0"/>
  <testcase name="CountingSortTest[388]" classname="labrat.CountingSortTest" time="0"/>
  <testcase name="CountingSortTest[389]" classname="labrat.CountingSortTest" time="0"/>
  <testcase name="CountingSortTest[390]" classname="labrat.CountingSortTest" time="0.001"/>
  <testcase name="CountingSortTest[391]" classname="labrat.CountingSortTest" time="0.001"/>
  <testcase name="CountingSortTest[392]" classname="labrat.CountingSortTest" time="0.001"/>
  <testcase name="CountingSortTest[393]" classname="labrat.CountingSortTest" time="0"/>
  <testcase name="CountingSortTest[394]" classname="labrat.CountingSortTest" time="0"/>
  <testcase name="CountingSortTest[395]" classname="labrat.CountingSortTest" time="0.001"/>
  <testcase name="CountingSortTest[396]" classname="labrat.CountingSortTest" time="0.001"/>
  <testcase name="CountingSortTest[397]" classname="labrat.CountingSortTest" time="0"/>
  <testcase name="CountingSortTest[398]" classname="labrat.CountingSortTest" time="0"/>
  <testcase name="CountingSortTest[399]" classname="labrat.CountingSortTest" time="0.001"/>
  <testcase name="CountingSortTest[400]" classname="labrat.CountingSortTest" time="0"/>
  <testcase name="CountingSortTest[401]" classname="labrat.CountingSortTest" time="0"/>
  <testcase name="CountingSortTest[402]" classname="labrat.CountingSortTest" time="0.001"/>
  <testcase name="CountingSortTest[403]" classname="labrat.CountingSortTest" time="0"/>
  <testcase name="CountingSortTest[404]" classname="labrat.CountingSortTest" time="0"/>
  <testcase name="CountingSortTest[405]" classname="labrat.CountingSortTest" time="0"/>
  <testcase name="CountingSortTest[406]" classname="labrat.CountingSortTest" time="0"/>
  <testcase name="CountingSortTest[407]" classname="labrat.CountingSortTest" time="0"/>
  <testcase name="CountingSortTest[408]" classname="labrat.CountingSortTest" time="0"/>
  <testcase name="CountingSortTest[409]" classname="labrat.CountingSortTest" time="0.001"/>
  <testcase name="CountingSortTest[410]" classname="labrat.CountingSortTest" time="0"/>
  <testcase name="CountingSortTest[411]" classname="labrat.CountingSortTest" time="0"/>
  <testcase name="CountingSortTest[412]" classname="labrat.CountingSortTest" time="0.001"/>
  <testcase name="CountingSortTest[413]" classname="labrat.CountingSortTest" time="0"/>
  <testcase name="CountingSortTest[414]" classname="labrat.CountingSortTest" time="0"/>
  <testcase name="CountingSortTest[415]" classname="labrat.CountingSortTest" time="0.001"/>
  <testcase name="CountingSortTest[416]" classname="labrat.CountingSortTest" time="0"/>
  <testcase name="CountingSortTest[417]" classname="labrat.CountingSortTest" time="0"/>
  <testcase name="CountingSortTest[418]" classname="labrat.CountingSortTest" time="0.001"/>
  <testcase name="CountingSortTest[419]" classname="labrat.CountingSortTest" time="0"/>
  <testcase name="CountingSortTest[420]" classname="labrat.CountingSortTest" time="0"/>
  <testcase name="CountingSortTest[421]" classname="labrat.CountingSortTest" time="0"/>
  <testcase name="CountingSortTest[422]" classname="labrat.CountingSortTest" time="0.001"/>
  <testcase name="CountingSortTest[423]" classname="labrat.CountingSortTest" time="0"/>
  <testcase name="CountingSortTest[424]" classname="labrat.CountingSortTest" time="0"/>
  <testcase name="CountingSortTest[425]" classname="labrat.CountingSortTest" time="0.001"/>
  <testcase name="CountingSortTest[426]" classname="labrat.CountingSortTest" time="0"/>
  <testcase name="CountingSortTest[427]" classname="labrat.CountingSortTest" time="0"/>
  <testcase name="CountingSortTest[428]" classname="labrat.CountingSortTest" time="0.001"/>
  <testcase name="CountingSortTest[429]" classname="labrat.CountingSortTest" time="0"/>
  <testcase name="CountingSortTest[430]" classname="labrat.CountingSortTest" time="0"/>
  <testcase name="CountingSortTest[431]" classname="labrat.CountingSortTest" time="0.001"/>
  <testcase name="CountingSortTest[432]" classname="labrat.CountingSortTest" time="0"/>
  <testcase name="CountingSortTest[433]" classname="labrat.CountingSortTest" time="0"/>
  <testcase name="CountingSortTest[434]" classname="labrat.CountingSortTest" time="0.001"/>
  <testcase name="CountingSortTest[435]" classname="labrat.CountingSortTest" time="0"/>
  <testcase name="CountingSortTest[436]" classname="labrat.CountingSortTest" time="0"/>
  <testcase name="CountingSortTest[437]" classname="labrat.CountingSortTest" time="0.001"/>
  <testcase name="CountingSortTest[438]" classname="labrat.CountingSortTest" time="0"/>
  <testcase name="CountingSortTest[439]" classname="labrat.CountingSortTest" time="0"/>
  <testcase name="CountingSortTest[440]" classname="labrat.CountingSortTest" time="0.001"/>
  <testcase name="CountingSortTest[441]" classname="labrat.CountingSortTest" time="0"/>
  <testcase name="CountingSortTest[442]" classname="labrat.CountingSortTest" time="0"/>
  <testcase name="CountingSortTest[443]" classname="labrat.CountingSortTest" time="0.001"/>
  <testcase name="CountingSortTest[444]" classname="labrat.CountingSortTest" time="0"/>
  <testcase name="CountingSortTest[445]" classname="labrat.CountingSortTest" time="0"/>
  <testcase name="CountingSortTest[446]" classname="labrat.CountingSortTest" time="0"/>
  <testcase name="CountingSortTest[447]" classname="labrat.CountingSortTest" time="0.001"/>
  <testcase name="CountingSortTest[448]" classname="labrat.CountingSortTest" time="0"/>
  <testcase name="CountingSortTest[449]" classname="labrat.CountingSortTest" time="0"/>
  <testcase name="CountingSortTest[450]" classname="labrat.CountingSortTest" time="0"/>
  <testcase name="CountingSortTest[451]" classname="labrat.CountingSortTest" time="0"/>
  <testcase name="CountingSortTest[452]" classname="labrat.CountingSortTest" time="0"/>
  <testcase name="CountingSortTest[453]" classname="labrat.CountingSortTest" time="0.001"/>
  <testcase name="CountingSortTest[454]" classname="labrat.CountingSortTest" time="0.001"/>
  <testcase name="CountingSortTest[455]" classname="labrat.CountingSortTest" time="0.001"/>
  <testcase name="CountingSortTest[456]" classname="labrat.CountingSortTest" time="0"/>
  <testcase name="CountingSortTest[457]" classname="labrat.CountingSortTest" time="0"/>
  <testcase name="CountingSortTest[458]" classname="labrat.CountingSortTest" time="0"/>
  <testcase name="CountingSortTest[459]" classname="labrat.CountingSortTest" time="0.001"/>
  <testcase name="CountingSortTest[460]" classname="labrat.CountingSortTest" time="0"/>
  <testcase name="CountingSortTest[461]" classname="labrat.CountingSortTest" time="0"/>
  <testcase name="CountingSortTest[462]" classname="labrat.CountingSortTest" time="0.001"/>
  <testcase name="CountingSortTest[463]" classname="labrat.CountingSortTest" time="0"/>
  <testcase name="CountingSortTest[464]" classname="labrat.CountingSortTest" time="0"/>
  <testcase name="CountingSortTest[465]" classname="labrat.CountingSortTest" time="0.001"/>
  <testcase name="CountingSortTest[466]" classname="labrat.CountingSortTest" time="0.001"/>
  <testcase name="CountingSortTest[467]" classname="labrat.CountingSortTest" time="0"/>
  <testcase name="CountingSortTest[468]" classname="labrat.CountingSortTest" time="0"/>
  <testcase name="CountingSortTest[469]" classname="labrat.CountingSortTest" time="0.001"/>
  <testcase name="CountingSortTest[470]" classname="labrat.CountingSortTest" time="0"/>
  <testcase name="CountingSortTest[471]" classname="labrat.CountingSortTest" time="0"/>
  <testcase name="CountingSortTest[472]" classname="labrat.CountingSortTest" time="0.001"/>
  <testcase name="CountingSortTest[473]" classname="labrat.CountingSortTest" time="0"/>
  <testcase name="CountingSortTest[474]" classname="labrat.CountingSortTest" time="0"/>
  <testcase name="CountingSortTest[475]" classname="labrat.CountingSortTest" time="0.001"/>
  <testcase name="CountingSortTest[476]" classname="labrat.CountingSortTest" time="0"/>
  <testcase name="CountingSortTest[477]" classname="labrat.CountingSortTest" time="0"/>
  <testcase name="CountingSortTest[478]" classname="labrat.CountingSortTest" time="0.001"/>
  <testcase name="CountingSortTest[479]" classname="labrat.CountingSortTest" time="0"/>
  <testcase name="CountingSortTest[480]" classname="labrat.CountingSortTest" time="0.001"/>
  <testcase name="CountingSortTest[481]" classname="labrat.CountingSortTest" time="0"/>
  <testcase name="CountingSortTest[482]" classname="labrat.CountingSortTest" time="0"/>
  <testcase name="CountingSortTest[483]" classname="labrat.CountingSortTest" time="0.001"/>
  <testcase name="CountingSortTest[484]" classname="labrat.CountingSortTest" time="0"/>
  <testcase name="CountingSortTest[485]" classname="labrat.CountingSortTest" time="0"/>
  <testcase name="CountingSortTest[486]" classname="labrat.CountingSortTest" time="0.001"/>
  <testcase name="CountingSortTest[487]" classname="labrat.CountingSortTest" time="0"/>
  <testcase name="CountingSortTest[488]" classname="labrat.CountingSortTest" time="0"/>
  <testcase name="CountingSortTest[489]" classname="labrat.CountingSortTest" time="0.001"/>
  <testcase name="CountingSortTest[490]" classname="labrat.CountingSortTest" time="0"/>
  <testcase name="CountingSortTest[491]" classname="labrat.CountingSortTest" time="0.001"/>
  <testcase name="CountingSortTest[492]" classname="labrat.CountingSortTest" time="0"/>
  <testcase name="CountingSortTest[493]" classname="labrat.CountingSortTest" time="0"/>
  <testcase name="CountingSortTest[494]" classname="labrat.CountingSortTest" time="0.001"/>
  <testcase name="CountingSortTest[495]" classname="labrat.CountingSortTest" time="0"/>
  <testcase name="CountingSortTest[496]" classname="labrat.CountingSortTest" time="0"/>
  <testcase name="CountingSortTest[497]" classname="labrat.CountingSortTest" time="0.001"/>
  <testcase name="CountingSortTest[498]" classname="labrat.CountingSortTest" time="0"/>
  <testcase name="CountingSortTest[499]" classname="labrat.CountingSortTest" time="0"/>
  <testcase name="CountingSortTest[500]" classname="labrat.CountingSortTest" time="0"/>
  <testcase name="CountingSortTest[501]" classname="labrat.CountingSortTest" time="0"/>
  <testcase name="CountingSortTest[502]" classname="labrat.CountingSortTest" time="0.001"/>
  <testcase name="CountingSortTest[503]" classname="labrat.CountingSortTest" time="0"/>
  <testcase name="CountingSortTest[504]" classname="labrat.CountingSortTest" time="0"/>
  <testcase name="CountingSortTest[505]" classname="labrat.CountingSortTest" time="0.001"/>
  <testcase name="CountingSortTest[506]" classname="labrat.CountingSortTest" time="0"/>
  <testcase name="CountingSortTest[507]" classname="labrat.CountingSortTest" time="0"/>
  <testcase name="CountingSortTest[508]" classname="labrat.CountingSortTest" time="0"/>
  <testcase name="CountingSortTest[509]" classname="labrat.CountingSortTest" time="0"/>
  <testcase name="CountingSortTest[510]" classname="labrat.CountingSortTest" time="0.001"/>
  <testcase name="CountingSortTest[511]" classname="labrat.CountingSortTest" time="0"/>
  <testcase name="CountingSortTest[512]" classname="labrat.CountingSortTest" time="0"/>
  <testcase name="CountingSortTest[513]" classname="labrat.CountingSortTest" time="0"/>
  <testcase name="CountingSortTest[514]" classname="labrat.CountingSortTest" time="0.001"/>
  <testcase name="CountingSortTest[515]" classname="labrat.CountingSortTest" time="0"/>
  <testcase name="CountingSortTest[516]" classname="labrat.CountingSortTest" time="0"/>
  <testcase name="CountingSortTest[517]" classname="labrat.CountingSortTest" time="0.001"/>
  <testcase name="CountingSortTest[518]" classname="labrat.CountingSortTest" time="0"/>
  <testcase name="CountingSortTest[519]" classname="labrat.CountingSortTest" time="0"/>
  <testcase name="CountingSortTest[520]" classname="labrat.CountingSortTest" time="0.001"/>
  <testcase name="CountingSortTest[521]" classname="labrat.CountingSortTest" time="0.001"/>
  <testcase name="CountingSortTest[522]" classname="labrat.CountingSortTest" time="0"/>
  <testcase name="CountingSortTest[523]" classname="labrat.CountingSortTest" time="0.001"/>
  <testcase name="CountingSortTest[524]" classname="labrat.CountingSortTest" time="0"/>
  <testcase name="CountingSortTest[525]" classname="labrat.CountingSortTest" time="0"/>
  <testcase name="CountingSortTest[526]" classname="labrat.CountingSortTest" time="0.001"/>
  <testcase name="CountingSortTest[527]" classname="labrat.CountingSortTest" time="0"/>
  <testcase name="CountingSortTest[528]" classname="labrat.CountingSortTest" time="0.001"/>
  <testcase name="CountingSortTest[529]" classname="labrat.CountingSortTest" time="0"/>
  <testcase name="CountingSortTest[530]" classname="labrat.CountingSortTest" time="0"/>
  <testcase name="CountingSortTest[531]" classname="labrat.CountingSortTest" time="0"/>
  <testcase name="CountingSortTest[532]" classname="labrat.CountingSortTest" time="0"/>
  <testcase name="CountingSortTest[533]" classname="labrat.CountingSortTest" time="0.001"/>
  <testcase name="CountingSortTest[534]" classname="labrat.CountingSortTest" time="0"/>
  <testcase name="CountingSortTest[535]" classname="labrat.CountingSortTest" time="0.001"/>
  <testcase name="CountingSortTest[536]" classname="labrat.CountingSortTest" time="0"/>
  <testcase name="CountingSortTest[537]" classname="labrat.CountingSortTest" time="0"/>
  <testcase name="CountingSortTest[538]" classname="labrat.CountingSortTest" time="0.001"/>
  <testcase name="CountingSortTest[539]" classname="labrat.CountingSortTest" time="0"/>
  <testcase name="CountingSortTest[540]" classname="labrat.CountingSortTest" time="0.001"/>
  <testcase name="CountingSortTest[541]" classname="labrat.CountingSortTest" time="0"/>
  <testcase name="CountingSortTest[542]" classname="labrat.CountingSortTest" time="0"/>
  <testcase name="CountingSortTest[543]" classname="labrat.CountingSortTest" time="0.001"/>
  <testcase name="CountingSortTest[544]" classname="labrat.CountingSortTest" time="0"/>
  <testcase name="CountingSortTest[545]" classname="labrat.CountingSortTest" time="0.001"/>
  <testcase name="CountingSortTest[546]" classname="labrat.CountingSortTest" time="0"/>
  <testcase name="CountingSortTest[547]" classname="labrat.CountingSortTest" time="0"/>
  <testcase name="CountingSortTest[548]" classname="labrat.CountingSortTest" time="0"/>
  <testcase name="CountingSortTest[549]" classname="labrat.CountingSortTest" time="0"/>
  <testcase name="CountingSortTest[550]" classname="labrat.CountingSortTest" time="0"/>
  <testcase name="CountingSortTest[551]" classname="labrat.CountingSortTest" time="0"/>
  <testcase name="CountingSortTest[552]" classname="labrat.CountingSortTest" time="0"/>
  <testcase name="CountingSortTest[553]" classname="labrat.CountingSortTest" time="0.001"/>
  <testcase name="CountingSortTest[554]" classname="labrat.CountingSortTest" time="0"/>
  <testcase name="CountingSortTest[555]" classname="labrat.CountingSortTest" time="0"/>
  <testcase name="CountingSortTest[556]" classname="labrat.CountingSortTest" time="0"/>
  <testcase name="CountingSortTest[557]" classname="labrat.CountingSortTest" time="0"/>
  <testcase name="CountingSortTest[558]" classname="labrat.CountingSortTest" time="0.001"/>
  <testcase name="CountingSortTest[559]" classname="labrat.CountingSortTest" time="0"/>
  <testcase name="CountingSortTest[560]" classname="labrat.CountingSortTest" time="0.001"/>
  <testcase name="CountingSortTest[561]" classname="labrat.CountingSortTest" time="0"/>
  <testcase name="CountingSortTest[562]" classname="labrat.CountingSortTest" time="0.001"/>
  <testcase name="CountingSortTest[563]" classname="labrat.CountingSortTest" time="0"/>
  <testcase name="CountingSortTest[564]" classname="labrat.CountingSortTest" time="0"/>
  <testcase name="CountingSortTest[565]" classname="labrat.CountingSortTest" time="0.001"/>
  <testcase name="CountingSortTest[566]" classname="labrat.CountingSortTest" time="0"/>
  <testcase name="CountingSortTest[567]" classname="labrat.CountingSortTest" time="0"/>
  <testcase name="CountingSortTest[568]" classname="labrat.CountingSortTest" time="0.001"/>
  <testcase name="CountingSortTest[569]" classname="labrat.CountingSortTest" time="0"/>
  <testcase name="CountingSortTest[570]" classname="labrat.CountingSortTest" time="0"/>
  <testcase name="CountingSortTest[571]" classname="labrat.CountingSortTest" time="0"/>
  <testcase name="CountingSortTest[572]" classname="labrat.CountingSortTest" time="0"/>
  <testcase name="CountingSortTest[573]" classname="labrat.CountingSortTest" time="0"/>
  <testcase name="CountingSortTest[574]" classname="labrat.CountingSortTest" time="0"/>
  <testcase name="CountingSortTest[575]" classname="labrat.CountingSortTest" time="0.001"/>
  <testcase name="CountingSortTest[576]" classname="labrat.CountingSortTest" time="0"/>
  <testcase name="CountingSortTest[577]" classname="labrat.CountingSortTest" time="0.001"/>
  <testcase name="CountingSortTest[578]" classname="labrat.CountingSortTest" time="0"/>
  <testcase name="CountingSortTest[579]" classname="labrat.CountingSortTest" time="0"/>
  <testcase name="CountingSortTest[580]" classname="labrat.CountingSortTest" time="0.001"/>
  <testcase name="CountingSortTest[581]" classname="labrat.CountingSortTest" time="0"/>
  <testcase name="CountingSortTest[582]" classname="labrat.CountingSortTest" time="0.001"/>
  <testcase name="CountingSortTest[583]" classname="labrat.CountingSortTest" time="0"/>
  <testcase name="CountingSortTest[584]" classname="labrat.CountingSortTest" time="0.001"/>
  <testcase name="CountingSortTest[585]" classname="labrat.CountingSortTest" time="0"/>
  <testcase name="CountingSortTest[586]" classname="labrat.CountingSortTest" time="0"/>
  <testcase name="CountingSortTest[587]" classname="labrat.CountingSortTest" time="0"/>
  <testcase name="CountingSortTest[588]" classname="labrat.CountingSortTest" time="0"/>
  <testcase name="CountingSortTest[589]" classname="labrat.CountingSortTest" time="0"/>
  <testcase name="CountingSortTest[590]" classname="labrat.CountingSortTest" time="0"/>
  <testcase name="CountingSortTest[591]" classname="labrat.CountingSortTest" time="0.001"/>
  <testcase name="CountingSortTest[592]" classname="labrat.CountingSortTest" time="0"/>
  <testcase name="CountingSortTest[593]" classname="labrat.CountingSortTest" time="0.001"/>
  <testcase name="CountingSortTest[594]" classname="labrat.CountingSortTest" time="0"/>
  <testcase name="CountingSortTest[595]" classname="labrat.CountingSortTest" time="0.001"/>
  <testcase name="CountingSortTest[596]" classname="labrat.CountingSortTest" time="0"/>
  <testcase name="CountingSortTest[597]" classname="labrat.CountingSortTest" time="0"/>
  <testcase name="CountingSortTest[598]" classname="labrat.CountingSortTest" time="0.001"/>
  <testcase name="CountingSortTest[599]" classname="labrat.CountingSortTest" time="0"/>
  <testcase name="CountingSortTest[600]" classname="labrat.CountingSortTest" time="0"/>
  <testcase name="CountingSortTest[601]" classname="labrat.CountingSortTest" time="0"/>
  <testcase name="CountingSortTest[602]" classname="labrat.CountingSortTest" time="0"/>
  <testcase name="CountingSortTest[603]" classname="labrat.CountingSortTest" time="0.001"/>
  <testcase name="CountingSortTest[604]" classname="labrat.CountingSortTest" time="0"/>
  <testcase name="CountingSortTest[605]" classname="labrat.CountingSortTest" time="0"/>
  <testcase name="CountingSortTest[606]" classname="labrat.CountingSortTest" time="0.001"/>
  <testcase name="CountingSortTest[607]" classname="labrat.CountingSortTest" time="0"/>
  <testcase name="CountingSortTest[608]" classname="labrat.CountingSortTest" time="0"/>
  <testcase name="CountingSortTest[609]" classname="labrat.CountingSortTest" time="0.001"/>
  <testcase name="CountingSortTest[610]" classname="labrat.CountingSortTest" time="0"/>
  <testcase name="CountingSortTest[611]" classname="labrat.CountingSortTest" time="0"/>
  <testcase name="CountingSortTest[612]" classname="labrat.CountingSortTest" time="0"/>
  <testcase name="CountingSortTest[613]" classname="labrat.CountingSortTest" time="0"/>
  <testcase name="CountingSortTest[614]" classname="labrat.CountingSortTest" time="0.001"/>
  <testcase name="CountingSortTest[615]" classname="labrat.CountingSortTest" time="0"/>
  <testcase name="CountingSortTest[616]" classname="labrat.CountingSortTest" time="0"/>
  <testcase name="CountingSortTest[617]" classname="labrat.CountingSortTest" time="0"/>
  <testcase name="CountingSortTest[618]" classname="labrat.CountingSortTest" time="0"/>
  <testcase name="CountingSortTest[619]" classname="labrat.CountingSortTest" time="0.001"/>
  <testcase name="CountingSortTest[620]" classname="labrat.CountingSortTest" time="0"/>
  <testcase name="CountingSortTest[621]" classname="labrat.CountingSortTest" time="0.001"/>
  <testcase name="CountingSortTest[622]" classname="labrat.CountingSortTest" time="0"/>
  <testcase name="CountingSortTest[623]" classname="labrat.CountingSortTest" time="0"/>
  <testcase name="CountingSortTest[624]" classname="labrat.CountingSortTest" time="0"/>
  <testcase name="CountingSortTest[625]" classname="labrat.CountingSortTest" time="0"/>
  <testcase name="CountingSortTest[626]" classname="labrat.CountingSortTest" time="0.001"/>
  <testcase name="CountingSortTest[627]" classname="labrat.CountingSortTest" time="0"/>
  <testcase name="CountingSortTest[628]" classname="labrat.CountingSortTest" time="0.001"/>
  <testcase name="CountingSortTest[629]" classname="labrat.CountingSortTest" time="0"/>
  <testcase name="CountingSortTest[630]" classname="labrat.CountingSortTest" time="0"/>
  <testcase name="CountingSortTest[631]" classname="labrat.CountingSortTest" time="0"/>
  <testcase name="CountingSortTest[632]" classname="labrat.CountingSortTest" time="0"/>
  <testcase name="CountingSortTest[633]" classname="labrat.CountingSortTest" time="0"/>
  <testcase name="CountingSortTest[634]" classname="labrat.CountingSortTest" time="0"/>
  <testcase name="CountingSortTest[635]" classname="labrat.CountingSortTest" time="0"/>
  <testcase name="CountingSortTest[636]" classname="labrat.CountingSortTest" time="0"/>
  <testcase name="CountingSortTest[637]" classname="labrat.CountingSortTest" time="0"/>
  <testcase name="CountingSortTest[638]" classname="labrat.CountingSortTest" time="0"/>
  <testcase name="CountingSortTest[639]" classname="labrat.CountingSortTest" time="0.001"/>
  <testcase name="CountingSortTest[640]" classname="labrat.CountingSortTest" time="0"/>
  <testcase name="CountingSortTest[641]" classname="labrat.CountingSortTest" time="0.001"/>
  <testcase name="CountingSortTest[642]" classname="labrat.CountingSortTest" time="0"/>
  <testcase name="CountingSortTest[643]" classname="labrat.CountingSortTest" time="0"/>
  <testcase name="CountingSortTest[644]" classname="labrat.CountingSortTest" time="0"/>
  <testcase name="CountingSortTest[645]" classname="labrat.CountingSortTest" time="0"/>
  <testcase name="CountingSortTest[646]" classname="labrat.CountingSortTest" time="0.001"/>
  <testcase name="CountingSortTest[647]" classname="labrat.CountingSortTest" time="0"/>
  <testcase name="CountingSortTest[648]" classname="labrat.CountingSortTest" time="0"/>
  <testcase name="CountingSortTest[649]" classname="labrat.CountingSortTest" time="0"/>
  <testcase name="CountingSortTest[650]" classname="labrat.CountingSortTest" time="0"/>
  <testcase name="CountingSortTest[651]" classname="labrat.CountingSortTest" time="0.001"/>
  <testcase name="CountingSortTest[652]" classname="labrat.CountingSortTest" time="0"/>
  <testcase name="CountingSortTest[653]" classname="labrat.CountingSortTest" time="0"/>
  <testcase name="CountingSortTest[654]" classname="labrat.CountingSortTest" time="0"/>
  <testcase name="CountingSortTest[655]" classname="labrat.CountingSortTest" time="0"/>
  <testcase name="CountingSortTest[656]" classname="labrat.CountingSortTest" time="0"/>
  <testcase name="CountingSortTest[657]" classname="labrat.CountingSortTest" time="0"/>
  <testcase name="CountingSortTest[658]" classname="labrat.CountingSortTest" time="0"/>
  <testcase name="CountingSortTest[659]" classname="labrat.CountingSortTest" time="0.001"/>
  <testcase name="CountingSortTest[660]" classname="labrat.CountingSortTest" time="0"/>
  <testcase name="CountingSortTest[661]" classname="labrat.CountingSortTest" time="0"/>
  <testcase name="CountingSortTest[662]" classname="labrat.CountingSortTest" time="0"/>
  <testcase name="CountingSortTest[663]" classname="labrat.CountingSortTest" time="0"/>
  <testcase name="CountingSortTest[664]" classname="labrat.CountingSortTest" time="0"/>
  <testcase name="CountingSortTest[665]" classname="labrat.CountingSortTest" time="0"/>
  <testcase name="CountingSortTest[666]" classname="labrat.CountingSortTest" time="0.001"/>
  <testcase name="CountingSortTest[667]" classname="labrat.CountingSortTest" time="0"/>
  <testcase name="CountingSortTest[668]" classname="labrat.CountingSortTest" time="0"/>
  <testcase name="CountingSortTest[669]" classname="labrat.CountingSortTest" time="0"/>
  <testcase name="CountingSortTest[670]" classname="labrat.CountingSortTest" time="0"/>
  <testcase name="CountingSortTest[671]" classname="labrat.CountingSortTest" time="0.001"/>
  <testcase name="CountingSortTest[672]" classname="labrat.CountingSortTest" time="0"/>
  <testcase name="CountingSortTest[673]" classname="labrat.CountingSortTest" time="0"/>
  <testcase name="CountingSortTest[674]" classname="labrat.CountingSortTest" time="0"/>
  <testcase name="CountingSortTest[675]" classname="labrat.CountingSortTest" time="0"/>
  <testcase name="CountingSortTest[676]" classname="labrat.CountingSortTest" time="0.001"/>
  <testcase name="CountingSortTest[677]" classname="labrat.CountingSortTest" time="0"/>
  <testcase name="CountingSortTest[678]" classname="labrat.CountingSortTest" time="0.001"/>
  <testcase name="CountingSortTest[679]" classname="labrat.CountingSortTest" time="0"/>
  <testcase name="CountingSortTest[680]" classname="labrat.CountingSortTest" time="0"/>
  <testcase name="CountingSortTest[681]" classname="labrat.CountingSortTest" time="0"/>
  <testcase name="CountingSortTest[682]" classname="labrat.CountingSortTest" time="0"/>
  <testcase name="CountingSortTest[683]" classname="labrat.CountingSortTest" time="0.001"/>
  <testcase name="CountingSortTest[684]" classname="labrat.CountingSortTest" time="0"/>
  <testcase name="CountingSortTest[685]" classname="labrat.CountingSortTest" time="0"/>
  <testcase name="CountingSortTest[686]" classname="labrat.CountingSortTest" time="0"/>
  <testcase name="CountingSortTest[687]" classname="labrat.CountingSortTest" time="0"/>
  <testcase name="CountingSortTest[688]" classname="labrat.CountingSortTest" time="0.001"/>
  <testcase name="CountingSortTest[689]" classname="labrat.CountingSortTest" time="0"/>
  <testcase name="CountingSortTest[690]" classname="labrat.CountingSortTest" time="0"/>
  <testcase name="CountingSortTest[691]" classname="labrat.CountingSortTest" time="0"/>
  <testcase name="CountingSortTest[692]" classname="labrat.CountingSortTest" time="0"/>
  <testcase name="CountingSortTest[693]" classname="labrat.CountingSortTest" time="0.001"/>
  <testcase name="CountingSortTest[694]" classname="labrat.CountingSortTest" time="0"/>
  <testcase name="CountingSortTest[695]" classname="labrat.CountingSortTest" time="0"/>
  <testcase name="CountingSortTest[696]" classname="labrat.CountingSortTest" time="0"/>
  <testcase name="CountingSortTest[697]" classname="labrat.CountingSortTest" time="0"/>
  <testcase name="CountingSortTest[698]" classname="labrat.CountingSortTest" time="0"/>
  <testcase name="CountingSortTest[699]" classname="labrat.CountingSortTest" time="0"/>
  <testcase name="CountingSortTest[700]" classname="labrat.CountingSortTest" time="0"/>
  <testcase name="CountingSortTest[701]" classname="labrat.CountingSortTest" time="0.001"/>
  <testcase name="CountingSortTest[702]" classname="labrat.CountingSortTest" time="0"/>
  <testcase name="CountingSortTest[703]" classname="labrat.CountingSortTest" time="0"/>
  <testcase name="CountingSortTest[704]" classname="labrat.CountingSortTest" time="0"/>
  <testcase name="CountingSortTest[705]" classname="labrat.CountingSortTest" time="0"/>
  <testcase name="CountingSortTest[706]" classname="labrat.CountingSortTest" time="0.001"/>
  <testcase name="CountingSortTest[707]" classname="labrat.CountingSortTest" time="0"/>
  <testcase name="CountingSortTest[708]" classname="labrat.CountingSortTest" time="0"/>
  <testcase name="CountingSortTest[709]" classname="labrat.CountingSortTest" time="0.001"/>
  <testcase name="CountingSortTest[710]" classname="labrat.CountingSortTest" time="0"/>
  <testcase name="CountingSortTest[711]" classname="labrat.CountingSortTest" time="0"/>
  <testcase name="CountingSortTest[712]" classname="labrat.CountingSortTest" time="0"/>
  <testcase name="CountingSortTest[713]" classname="labrat.CountingSortTest" time="0"/>
  <testcase name="CountingSortTest[714]" classname="labrat.CountingSortTest" time="0.001"/>
  <testcase name="CountingSortTest[715]" classname="labrat.CountingSortTest" time="0"/>
  <testcase name="CountingSortTest[716]" classname="labrat.CountingSortTest" time="0"/>
  <testcase name="CountingSortTest[717]" classname="labrat.CountingSortTest" time="0"/>
  <testcase name="CountingSortTest[718]" classname="labrat.CountingSortTest" time="0"/>
  <testcase name="CountingSortTest[719]" classname="labrat.CountingSortTest" time="0"/>
  <testcase name="CountingSortTest[720]" classname="labrat.CountingSortTest" time="0"/>
  <testcase name="CountingSortTest[721]" classname="labrat.CountingSortTest" time="0"/>
  <testcase name="CountingSortTest[722]" classname="labrat.CountingSortTest" time="0"/>
  <testcase name="CountingSortTest[723]" classname="labrat.CountingSortTest" time="0.001"/>
  <testcase name="CountingSortTest[724]" classname="labrat.CountingSortTest" time="0"/>
  <testcase name="CountingSortTest[725]" classname="labrat.CountingSortTest" time="0"/>
  <testcase name="CountingSortTest[726]" classname="labrat.CountingSortTest" time="0"/>
  <testcase name="CountingSortTest[727]" classname="labrat.CountingSortTest" time="0"/>
  <testcase name="CountingSortTest[728]" classname="labrat.CountingSortTest" time="0.001"/>
  <testcase name="CountingSortTest[729]" classname="labrat.CountingSortTest" time="0"/>
  <testcase name="CountingSortTest[730]" classname="labrat.CountingSortTest" time="0"/>
  <testcase name="CountingSortTest[731]" classname="labrat.CountingSortTest" time="0"/>
  <testcase name="CountingSortTest[732]" classname="labrat.CountingSortTest" time="0"/>
  <testcase name="CountingSortTest[733]" classname="labrat.CountingSortTest" time="0"/>
  <testcase name="CountingSortTest[734]" classname="labrat.CountingSortTest" time="0"/>
  <testcase name="CountingSortTest[735]" classname="labrat.CountingSortTest" time="0"/>
  <testcase name="CountingSortTest[736]" classname="labrat.CountingSortTest" time="0.001"/>
  <testcase name="CountingSortTest[737]" classname="labrat.CountingSortTest" time="0"/>
  <testcase name="CountingSortTest[738]" classname="labrat.CountingSortTest" time="0"/>
  <testcase name="CountingSortTest[739]" classname="labrat.CountingSortTest" time="0.001"/>
  <testcase name="CountingSortTest[740]" classname="labrat.CountingSortTest" time="0"/>
  <testcase name="CountingSortTest[741]" classname="labrat.CountingSortTest" time="0"/>
  <testcase name="CountingSortTest[742]" classname="labrat.CountingSortTest" time="0"/>
  <testcase name="CountingSortTest[743]" classname="labrat.CountingSortTest" time="0"/>
  <testcase name="CountingSortTest[744]" classname="labrat.CountingSortTest" time="0"/>
  <testcase name="CountingSortTest[745]" classname="labrat.CountingSortTest" time="0"/>
  <testcase name="CountingSortTest[746]" classname="labrat.CountingSortTest" time="0"/>
  <testcase name="CountingSortTest[747]" classname="labrat.CountingSortTest" time="0"/>
  <testcase name="CountingSortTest[748]" classname="labrat.CountingSortTest" time="0"/>
  <testcase name="CountingSortTest[749]" classname="labrat.CountingSortTest" time="0"/>
  <testcase name="CountingSortTest[750]" classname="labrat.CountingSortTest" time="0"/>
  <testcase name="CountingSortTest[751]" classname="labrat.CountingSortTest" time="0"/>
  <testcase name="CountingSortTest[752]" classname="labrat.CountingSortTest" time="0.001"/>
  <testcase name="CountingSortTest[753]" classname="labrat.CountingSortTest" time="0"/>
  <testcase name="CountingSortTest[754]" classname="labrat.CountingSortTest" time="0.001"/>
  <testcase name="CountingSortTest[755]" classname="labrat.CountingSortTest" time="0"/>
  <testcase name="CountingSortTest[756]" classname="labrat.CountingSortTest" time="0"/>
  <testcase name="CountingSortTest[757]" classname="labrat.CountingSortTest" time="0"/>
  <testcase name="CountingSortTest[758]" classname="labrat.CountingSortTest" time="0"/>
  <testcase name="CountingSortTest[759]" classname="labrat.CountingSortTest" time="0.001"/>
  <testcase name="CountingSortTest[760]" classname="labrat.CountingSortTest" time="0"/>
  <testcase name="CountingSortTest[761]" classname="labrat.CountingSortTest" time="0"/>
  <testcase name="CountingSortTest[762]" classname="labrat.CountingSortTest" time="0"/>
  <testcase name="CountingSortTest[763]" classname="labrat.CountingSortTest" time="0.001"/>
  <testcase name="CountingSortTest[764]" classname="labrat.CountingSortTest" time="0"/>
  <testcase name="CountingSortTest[765]" classname="labrat.CountingSortTest" time="0"/>
  <testcase name="CountingSortTest[766]" classname="labrat.CountingSortTest" time="0"/>
  <testcase name="CountingSortTest[767]" classname="labrat.CountingSortTest" time="0"/>
  <testcase name="CountingSortTest[768]" classname="labrat.CountingSortTest" time="0"/>
  <testcase name="CountingSortTest[769]" classname="labrat.CountingSortTest" time="0"/>
  <testcase name="CountingSortTest[770]" classname="labrat.CountingSortTest" time="0"/>
  <testcase name="CountingSortTest[771]" classname="labrat.CountingSortTest" time="0"/>
  <testcase name="CountingSortTest[772]" classname="labrat.CountingSortTest" time="0"/>
  <testcase name="CountingSortTest[773]" classname="labrat.CountingSortTest" time="0.001"/>
  <testcase name="CountingSortTest[774]" classname="labrat.CountingSortTest" time="0"/>
  <testcase name="CountingSortTest[775]" classname="labrat.CountingSortTest" time="0"/>
  <testcase name="CountingSortTest[776]" classname="labrat.CountingSortTest" time="0"/>
  <testcase name="CountingSortTest[777]" classname="labrat.CountingSortTest" time="0"/>
  <testcase name="CountingSortTest[778]" classname="labrat.CountingSortTest" time="0"/>
  <testcase name="CountingSortTest[779]" classname="labrat.CountingSortTest" time="0"/>
  <testcase name="CountingSortTest[780]" classname="labrat.CountingSortTest" time="0"/>
  <testcase name="CountingSortTest[781]" classname="labrat.CountingSortTest" time="0"/>
  <testcase name="CountingSortTest[782]" classname="labrat.CountingSortTest" time="0.001"/>
  <testcase name="CountingSortTest[783]" classname="labrat.CountingSortTest" time="0"/>
  <testcase name="CountingSortTest[784]" classname="labrat.CountingSortTest" time="0"/>
  <testcase name="CountingSortTest[785]" classname="labrat.CountingSortTest" time="0"/>
  <testcase name="CountingSortTest[786]" classname="labrat.CountingSortTest" time="0"/>
  <testcase name="CountingSortTest[787]" classname="labrat.CountingSortTest" time="0.001"/>
  <testcase name="CountingSortTest[788]" classname="labrat.CountingSortTest" time="0"/>
  <testcase name="CountingSortTest[789]" classname="labrat.CountingSortTest" time="0"/>
  <testcase name="CountingSortTest[790]" classname="labrat.CountingSortTest" time="0"/>
  <testcase name="CountingSortTest[791]" classname="labrat.CountingSortTest" time="0"/>
  <testcase name="CountingSortTest[792]" classname="labrat.CountingSortTest" time="0"/>
  <testcase name="CountingSortTest[793]" classname="labrat.CountingSortTest" time="0"/>
  <testcase name="CountingSortTest[794]" classname="labrat.CountingSortTest" time="0"/>
  <testcase name="CountingSortTest[795]" classname="labrat.CountingSortTest" time="0.001"/>
  <testcase name="CountingSortTest[796]" classname="labrat.CountingSortTest" time="0"/>
  <testcase name="CountingSortTest[797]" classname="labrat.CountingSortTest" time="0"/>
  <testcase name="CountingSortTest[798]" classname="labrat.CountingSortTest" time="0"/>
  <testcase name="CountingSortTest[799]" classname="labrat.CountingSortTest" time="0"/>
  <testcase name="CountingSortTest[800]" classname="labrat.CountingSortTest" time="0.001"/>
  <testcase name="CountingSortTest[801]" classname="labrat.CountingSortTest" time="0"/>
  <testcase name="CountingSortTest[802]" classname="labrat.CountingSortTest" time="0"/>
  <testcase name="CountingSortTest[803]" classname="labrat.CountingSortTest" time="0"/>
  <testcase name="CountingSortTest[804]" classname="labrat.CountingSortTest" time="0"/>
  <testcase name="CountingSortTest[805]" classname="labrat.CountingSortTest" time="0"/>
  <testcase name="CountingSortTest[806]" classname="labrat.CountingSortTest" time="0"/>
  <testcase name="CountingSortTest[807]" classname="labrat.CountingSortTest" time="0"/>
  <testcase name="CountingSortTest[808]" classname="labrat.CountingSortTest" time="0"/>
  <testcase name="CountingSortTest[809]" classname="labrat.CountingSortTest" time="0.001"/>
  <testcase name="CountingSortTest[810]" classname="labrat.CountingSortTest" time="0"/>
  <testcase name="CountingSortTest[811]" classname="labrat.CountingSortTest" time="0"/>
  <testcase name="CountingSortTest[812]" classname="labrat.CountingSortTest" time="0"/>
  <testcase name="CountingSortTest[813]" classname="labrat.CountingSortTest" time="0"/>
  <testcase name="CountingSortTest[814]" classname="labrat.CountingSortTest" time="0.001"/>
  <testcase name="CountingSortTest[815]" classname="labrat.CountingSortTest" time="0"/>
  <testcase name="CountingSortTest[816]" classname="labrat.CountingSortTest" time="0.001"/>
  <testcase name="CountingSortTest[817]" classname="labrat.CountingSortTest" time="0"/>
  <testcase name="CountingSortTest[818]" classname="labrat.CountingSortTest" time="0"/>
  <testcase name="CountingSortTest[819]" classname="labrat.CountingSortTest" time="0"/>
  <testcase name="CountingSortTest[820]" classname="labrat.CountingSortTest" time="0"/>
  <testcase name="CountingSortTest[821]" classname="labrat.CountingSortTest" time="0.001"/>
  <testcase name="CountingSortTest[822]" classname="labrat.CountingSortTest" time="0"/>
  <testcase name="CountingSortTest[823]" classname="labrat.CountingSortTest" time="0"/>
  <testcase name="CountingSortTest[824]" classname="labrat.CountingSortTest" time="0"/>
  <testcase name="CountingSortTest[825]" classname="labrat.CountingSortTest" time="0"/>
  <testcase name="CountingSortTest[826]" classname="labrat.CountingSortTest" time="0"/>
  <testcase name="CountingSortTest[827]" classname="labrat.CountingSortTest" time="0"/>
  <testcase name="CountingSortTest[828]" classname="labrat.CountingSortTest" time="0"/>
  <testcase name="CountingSortTest[829]" classname="labrat.CountingSortTest" time="0"/>
  <testcase name="CountingSortTest[830]" classname="labrat.CountingSortTest" time="0"/>
  <testcase name="CountingSortTest[831]" classname="labrat.CountingSortTest" time="0"/>
  <testcase name="CountingSortTest[832]" classname="labrat.CountingSortTest" time="0"/>
  <testcase name="CountingSortTest[833]" classname="labrat.CountingSortTest" time="0"/>
  <testcase name="CountingSortTest[834]" classname="labrat.CountingSortTest" time="0"/>
  <testcase name="CountingSortTest[835]" classname="labrat.CountingSortTest" time="0"/>
  <testcase name="CountingSortTest[836]" classname="labrat.CountingSortTest" time="0"/>
  <testcase name="CountingSortTest[837]" classname="labrat.CountingSortTest" time="0"/>
  <testcase name="CountingSortTest[838]" classname="labrat.CountingSortTest" time="0"/>
  <testcase name="CountingSortTest[839]" classname="labrat.CountingSortTest" time="0.001"/>
  <testcase name="CountingSortTest[840]" classname="labrat.CountingSortTest" time="0"/>
  <testcase name="CountingSortTest[841]" classname="labrat.CountingSortTest" time="0"/>
  <testcase name="CountingSortTest[842]" classname="labrat.CountingSortTest" time="0"/>
  <testcase name="CountingSortTest[843]" classname="labrat.CountingSortTest" time="0"/>
  <testcase name="CountingSortTest[844]" classname="labrat.CountingSortTest" time="0"/>
  <testcase name="CountingSortTest[845]" classname="labrat.CountingSortTest" time="0"/>
  <testcase name="CountingSortTest[846]" classname="labrat.CountingSortTest" time="0"/>
  <testcase name="CountingSortTest[847]" classname="labrat.CountingSortTest" time="0"/>
  <testcase name="CountingSortTest[848]" classname="labrat.CountingSortTest" time="0"/>
  <testcase name="CountingSortTest[849]" classname="labrat.CountingSortTest" time="0"/>
  <testcase name="CountingSortTest[850]" classname="labrat.CountingSortTest" time="0"/>
  <testcase name="CountingSortTest[851]" classname="labrat.CountingSortTest" time="0"/>
  <testcase name="CountingSortTest[852]" classname="labrat.CountingSortTest" time="0"/>
  <testcase name="CountingSortTest[853]" classname="labrat.CountingSortTest" time="0"/>
  <testcase name="CountingSortTest[854]" classname="labrat.CountingSortTest" time="0"/>
  <testcase name="CountingSortTest[855]" classname="labrat.CountingSortTest" time="0.001"/>
  <testcase name="CountingSortTest[856]" classname="labrat.CountingSortTest" time="0"/>
  <testcase name="CountingSortTest[857]" classname="labrat.CountingSortTest" time="0.001"/>
  <testcase name="CountingSortTest[858]" classname="labrat.CountingSortTest" time="0"/>
  <testcase name="CountingSortTest[859]" classname="labrat.CountingSortTest" time="0"/>
  <testcase name="CountingSortTest[860]" classname="labrat.CountingSortTest" time="0"/>
  <testcase name="CountingSortTest[861]" classname="labrat.CountingSortTest" time="0"/>
  <testcase name="CountingSortTest[862]" classname="labrat.CountingSortTest" time="0"/>
  <testcase name="CountingSortTest[863]" classname="labrat.CountingSortTest" time="0"/>
  <testcase name="CountingSortTest[864]" classname="labrat.CountingSortTest" time="0"/>
  <testcase name="CountingSortTest[865]" classname="labrat.CountingSortTest" time="0"/>
  <testcase name="CountingSortTest[866]" classname="labrat.CountingSortTest" time="0.001"/>
  <testcase name="CountingSortTest[867]" classname="labrat.CountingSortTest" time="0"/>
  <testcase name="CountingSortTest[868]" classname="labrat.CountingSortTest" time="0.001"/>
  <testcase name="CountingSortTest[869]" classname="labrat.CountingSortTest" time="0"/>
  <testcase name="CountingSortTest[870]" classname="labrat.CountingSortTest" time="0.001"/>
  <testcase name="CountingSortTest[871]" classname="labrat.CountingSortTest" time="0"/>
  <testcase name="CountingSortTest[872]" classname="labrat.CountingSortTest" time="0"/>
  <testcase name="CountingSortTest[873]" classname="labrat.CountingSortTest" time="0"/>
  <testcase name="CountingSortTest[874]" classname="labrat.CountingSortTest" time="0"/>
  <testcase name="CountingSortTest[875]" classname="labrat.CountingSortTest" time="0"/>
  <testcase name="CountingSortTest[876]" classname="labrat.CountingSortTest" time="0"/>
  <testcase name="CountingSortTest[877]" classname="labrat.CountingSortTest" time="0"/>
  <testcase name="CountingSortTest[878]" classname="labrat.CountingSortTest" time="0"/>
  <testcase name="CountingSortTest[879]" classname="labrat.CountingSortTest" time="0.001"/>
  <testcase name="CountingSortTest[880]" classname="labrat.CountingSortTest" time="0"/>
  <testcase name="CountingSortTest[881]" classname="labrat.CountingSortTest" time="0.001"/>
  <testcase name="CountingSortTest[882]" classname="labrat.CountingSortTest" time="0"/>
  <testcase name="CountingSortTest[883]" classname="labrat.CountingSortTest" time="0"/>
  <testcase name="CountingSortTest[884]" classname="labrat.CountingSortTest" time="0"/>
  <testcase name="CountingSortTest[885]" classname="labrat.CountingSortTest" time="0"/>
  <testcase name="CountingSortTest[886]" classname="labrat.CountingSortTest" time="0"/>
  <testcase name="CountingSortTest[887]" classname="labrat.CountingSortTest" time="0"/>
  <testcase name="CountingSortTest[888]" classname="labrat.CountingSortTest" time="0.001"/>
  <testcase name="CountingSortTest[889]" classname="labrat.CountingSortTest" time="0"/>
  <testcase name="CountingSortTest[890]" classname="labrat.CountingSortTest" time="0.001"/>
  <testcase name="CountingSortTest[891]" classname="labrat.CountingSortTest" time="0"/>
  <testcase name="CountingSortTest[892]" classname="labrat.CountingSortTest" time="0.001"/>
  <testcase name="CountingSortTest[893]" classname="labrat.CountingSortTest" time="0"/>
  <testcase name="CountingSortTest[894]" classname="labrat.CountingSortTest" time="0"/>
  <testcase name="CountingSortTest[895]" classname="labrat.CountingSortTest" time="0"/>
  <testcase name="CountingSortTest[896]" classname="labrat.CountingSortTest" time="0.001"/>
  <testcase name="CountingSortTest[897]" classname="labrat.CountingSortTest" time="0"/>
  <testcase name="CountingSortTest[898]" classname="labrat.CountingSortTest" time="0.001"/>
  <testcase name="CountingSortTest[899]" classname="labrat.CountingSortTest" time="0"/>
  <testcase name="CountingSortTest[900]" classname="labrat.CountingSortTest" time="0.001"/>
  <testcase name="CountingSortTest[901]" classname="labrat.CountingSortTest" time="0"/>
  <testcase name="CountingSortTest[902]" classname="labrat.CountingSortTest" time="0.001"/>
  <testcase name="CountingSortTest[903]" classname="labrat.CountingSortTest" time="0"/>
  <testcase name="CountingSortTest[904]" classname="labrat.CountingSortTest" time="0"/>
  <testcase name="CountingSortTest[905]" classname="labrat.CountingSortTest" time="0.001"/>
  <testcase name="CountingSortTest[906]" classname="labrat.CountingSortTest" time="0"/>
  <testcase name="CountingSortTest[907]" classname="labrat.CountingSortTest" time="0.001"/>
  <testcase name="CountingSortTest[908]" classname="labrat.CountingSortTest" time="0"/>
  <testcase name="CountingSortTest[909]" classname="labrat.CountingSortTest" time="0.001"/>
  <testcase name="CountingSortTest[910]" classname="labrat.CountingSortTest" time="0"/>
  <testcase name="CountingSortTest[911]" classname="labrat.CountingSortTest" time="0.001"/>
  <testcase name="CountingSortTest[912]" classname="labrat.CountingSortTest" time="0"/>
  <testcase name="CountingSortTest[913]" classname="labrat.CountingSortTest" time="0.001"/>
  <testcase name="CountingSortTest[914]" classname="labrat.CountingSortTest" time="0"/>
  <testcase name="CountingSortTest[915]" classname="labrat.CountingSortTest" time="0.001"/>
  <testcase name="CountingSortTest[916]" classname="labrat.CountingSortTest" time="0"/>
  <testcase name="CountingSortTest[917]" classname="labrat.CountingSortTest" time="0.001"/>
  <testcase name="CountingSortTest[918]" classname="labrat.CountingSortTest" time="0"/>
  <testcase name="CountingSortTest[919]" classname="labrat.CountingSortTest" time="0"/>
  <testcase name="CountingSortTest[920]" classname="labrat.CountingSortTest" time="0"/>
  <testcase name="CountingSortTest[921]" classname="labrat.CountingSortTest" time="0"/>
  <testcase name="CountingSortTest[922]" classname="labrat.CountingSortTest" time="0"/>
  <testcase name="CountingSortTest[923]" classname="labrat.CountingSortTest" time="0"/>
  <testcase name="CountingSortTest[924]" classname="labrat.CountingSortTest" time="0"/>
  <testcase name="CountingSortTest[925]" classname="labrat.CountingSortTest" time="0"/>
  <testcase name="CountingSortTest[926]" classname="labrat.CountingSortTest" time="0"/>
  <testcase name="CountingSortTest[927]" classname="labrat.CountingSortTest" time="0"/>
  <testcase name="CountingSortTest[928]" classname="labrat.CountingSortTest" time="0"/>
  <testcase name="CountingSortTest[929]" classname="labrat.CountingSortTest" time="0"/>
  <testcase name="CountingSortTest[930]" classname="labrat.CountingSortTest" time="0"/>
  <testcase name="CountingSortTest[931]" classname="labrat.CountingSortTest" time="0"/>
  <testcase name="CountingSortTest[932]" classname="labrat.CountingSortTest" time="0"/>
  <testcase name="CountingSortTest[933]" classname="labrat.CountingSortTest" time="0"/>
  <testcase name="CountingSortTest[934]" classname="labrat.CountingSortTest" time="0"/>
  <testcase name="CountingSortTest[935]" classname="labrat.CountingSortTest" time="0"/>
  <testcase name="CountingSortTest[936]" classname="labrat.CountingSortTest" time="0"/>
  <testcase name="CountingSortTest[937]" classname="labrat.CountingSortTest" time="0"/>
  <testcase name="CountingSortTest[938]" classname="labrat.CountingSortTest" time="0"/>
  <testcase name="CountingSortTest[939]" classname="labrat.CountingSortTest" time="0"/>
  <testcase name="CountingSortTest[940]" classname="labrat.CountingSortTest" time="0"/>
  <testcase name="CountingSortTest[941]" classname="labrat.CountingSortTest" time="0.001"/>
  <testcase name="CountingSortTest[942]" classname="labrat.CountingSortTest" time="0"/>
  <testcase name="CountingSortTest[943]" classname="labrat.CountingSortTest" time="0.001"/>
  <testcase name="CountingSortTest[944]" classname="labrat.CountingSortTest" time="0"/>
  <testcase name="CountingSortTest[945]" classname="labrat.CountingSortTest" time="0.001"/>
  <testcase name="CountingSortTest[946]" classname="labrat.CountingSortTest" time="0"/>
  <testcase name="CountingSortTest[947]" classname="labrat.CountingSortTest" time="0"/>
  <testcase name="CountingSortTest[948]" classname="labrat.CountingSortTest" time="0"/>
  <testcase name="CountingSortTest[949]" classname="labrat.CountingSortTest" time="0"/>
  <testcase name="CountingSortTest[950]" classname="labrat.CountingSortTest" time="0"/>
  <testcase name="CountingSortTest[951]" classname="labrat.CountingSortTest" time="0"/>
  <testcase name="CountingSortTest[952]" classname="labrat.CountingSortTest" time="0"/>
  <testcase name="CountingSortTest[953]" classname="labrat.CountingSortTest" time="0"/>
  <testcase name="CountingSortTest[954]" classname="labrat.CountingSortTest" time="0.001"/>
  <testcase name="CountingSortTest[955]" classname="labrat.CountingSortTest" time="0"/>
  <testcase name="CountingSortTest[956]" classname="labrat.CountingSortTest" time="0.001"/>
  <testcase name="CountingSortTest[957]" classname="labrat.CountingSortTest" time="0"/>
  <testcase name="CountingSortTest[958]" classname="labrat.CountingSortTest" time="0.001"/>
  <testcase name="CountingSortTest[959]" classname="labrat.CountingSortTest" time="0"/>
  <testcase name="CountingSortTest[960]" classname="labrat.CountingSortTest" time="0"/>
  <testcase name="CountingSortTest[961]" classname="labrat.CountingSortTest" time="0"/>
  <testcase name="CountingSortTest[962]" classname="labrat.CountingSortTest" time="0"/>
  <testcase name="CountingSortTest[963]" classname="labrat.CountingSortTest" time="0"/>
  <testcase name="CountingSortTest[964]" classname="labrat.CountingSortTest" time="0"/>
  <testcase name="CountingSortTest[965]" classname="labrat.CountingSortTest" time="0"/>
  <testcase name="CountingSortTest[966]" classname="labrat.CountingSortTest" time="0"/>
  <testcase name="CountingSortTest[967]" classname="labrat.CountingSortTest" time="0"/>
  <testcase name="CountingSortTest[968]" classname="labrat.CountingSortTest" time="0"/>
  <testcase name="CountingSortTest[969]" classname="labrat.CountingSortTest" time="0"/>
  <testcase name="CountingSortTest[970]" classname="labrat.CountingSortTest" time="0"/>
  <testcase name="CountingSortTest[971]" classname="labrat.CountingSortTest" time="0"/>
  <testcase name="CountingSortTest[972]" classname="labrat.CountingSortTest" time="0"/>
  <testcase name="CountingSortTest[973]" classname="labrat.CountingSortTest" time="0"/>
  <testcase name="CountingSortTest[974]" classname="labrat.CountingSortTest" time="0"/>
  <testcase name="CountingSortTest[975]" classname="labrat.CountingSortTest" time="0.001"/>
  <testcase name="CountingSortTest[976]" classname="labrat.CountingSortTest" time="0"/>
  <testcase name="CountingSortTest[977]" classname="labrat.CountingSortTest" time="0.001"/>
  <testcase name="CountingSortTest[978]" classname="labrat.CountingSortTest" time="0"/>
  <testcase name="CountingSortTest[979]" classname="labrat.CountingSortTest" time="0.001"/>
  <testcase name="CountingSortTest[980]" classname="labrat.CountingSortTest" time="0"/>
  <testcase name="CountingSortTest[981]" classname="labrat.CountingSortTest" time="0"/>
  <testcase name="CountingSortTest[982]" classname="labrat.CountingSortTest" time="0"/>
  <testcase name="CountingSortTest[983]" classname="labrat.CountingSortTest" time="0"/>
  <testcase name="CountingSortTest[984]" classname="labrat.CountingSortTest" time="0"/>
  <testcase name="CountingSortTest[985]" classname="labrat.CountingSortTest" time="0"/>
  <testcase name="CountingSortTest[986]" classname="labrat.CountingSortTest" time="0.001"/>
  <testcase name="CountingSortTest[987]" classname="labrat.CountingSortTest" time="0"/>
  <testcase name="CountingSortTest[988]" classname="labrat.CountingSortTest" time="0.001"/>
  <testcase name="CountingSortTest[989]" classname="labrat.CountingSortTest" time="0"/>
  <testcase name="CountingSortTest[990]" classname="labrat.CountingSortTest" time="0"/>
  <testcase name="CountingSortTest[991]" classname="labrat.CountingSortTest" time="0"/>
  <testcase name="CountingSortTest[992]" classname="labrat.CountingSortTest" time="0"/>
  <testcase name="CountingSortTest[993]" classname="labrat.CountingSortTest" time="0"/>
  <testcase name="CountingSortTest[994]" classname="labrat.CountingSortTest" time="0"/>
  <testcase name="CountingSortTest[995]" classname="labrat.CountingSortTest" time="0.001"/>
  <testcase name="CountingSortTest[996]" classname="labrat.CountingSortTest" time="0"/>
  <testcase name="CountingSortTest[997]" classname="labrat.CountingSortTest" time="0"/>
  <testcase name="CountingSortTest[998]" classname="labrat.CountingSortTest" time="0"/>
  <testcase name="CountingSortTest[999]" classname="labrat.CountingSortTest" time="0"/>
  <testcase name="CountingSortTest[1000]" classname="labrat.CountingSortTest" time="0"/>
</testsuite>