<?xml version="1.0" encoding="UTF-8"?>
<testsuite xmlns:xsi="http://www.w3.org/2001/XMLSchema-instance" xsi:noNamespaceSchemaLocation="https://maven.apache.org/surefire/maven-surefire-plugin/xsd/surefire-test-report.xsd" name="labrat.IntSortsTest" time="0.853" tests="3000" errors="0" skipped="0" failures="0">
  <properties>
[...]
</properties>
  <testcase name="HeapSortTest[1]" classname="labrat.IntSortsTest" time="0"/>
  <testcase name="HeapSortTest[2]" classname="labrat.IntSortsTest" time="0.001"/>
  <testcase name="HeapSortTest[3]" classname="labrat.IntSortsTest" time="0"/>
  <testcase name="HeapSortTest[4]" classname="labrat.IntSortsTest" time="0"/>
  <testcase name="HeapSortTest[5]" classname="labrat.IntSortsTest" time="0"/>
  <testcase name="HeapSortTest[6]" classname="labrat.IntSortsTest" time="0"/>
  <testcase name="HeapSortTest[7]" classname="labrat.IntSortsTest" time="0"/>
  <testcase name="HeapSortTest[8]" classname="labrat.IntSortsTest" time="0"/>
  <testcase name="HeapSortTest[9]" classname="labrat.IntSortsTest" time="0"/>
  <testcase name="HeapSortTest[10]" classname="labrat.IntSortsTest" time="0"/>
  <testcase name="HeapSortTest[11]" classname="labrat.IntSortsTest" time="0"/>
  <testcase name="HeapSortTest[12]" classname="labrat.IntSortsTest" time="0"/>
  <testcase name="HeapSortTest[13]" classname="labrat.IntSortsTest" time="0"/>
  <testcase name="HeapSortTest[14]" classname="labrat.IntSortsTest" time="0"/>
  <testcase name="HeapSortTest[15]" classname="labrat.IntSortsTest" time="0"/>
  <testcase name="HeapSortTest[16]" classname="labrat.IntSortsTest" time="0"/>
  <testcase name="HeapSortTest[17]" classname="labrat.IntSortsTest" time="0"/>
  <testcase name="HeapSortTest[18]" classname="labrat.IntSortsTest" time="0"/>
  <testcase name="HeapSortTest[19]" classname="labrat.IntSortsTest" time="0"/>
  <testcase name="HeapSortTest[20]" classname="labrat.IntSortsTest" time="0"/>
  <testcase name="HeapSortTest[21]" classname="labrat.IntSortsTest" time="0"/>
  <testcase name="HeapSortTest[22]" classname="labrat.IntSortsTest" time="0"/>
  <testcase name="HeapSortTest[23]" classname="labrat.IntSortsTest" time="0"/>
  <testcase name="HeapSortTest[24]" classname="labrat.IntSortsTest" time="0"/>
  <testcase name="HeapSortTest[25]" classname="labrat.IntSortsTest" time="0"/>
  <testcase name="HeapSortTest[26]" classname="labrat.IntSortsTest" time="0"/>
  <testcase name="HeapSortTest[27]" classname="labrat.IntSortsTest" time="0"/>
  <testcase name="HeapSortTest[28]" classname="labrat.IntSortsTest" time="0"/>
  <testcase name="HeapSortTest[29]" classname="labrat.IntSortsTest" time="0"/>
  <testcase name="HeapSortTest[30]" classname="labrat.IntSortsTest" time="0"/>
  <testcase name="HeapSortTest[31]" classname="labrat.IntSortsTest" time="0"/>
  <testcase name="HeapSortTest[32]" classname="labrat.IntSortsTest" time="0"/>
  <testcase name="HeapSortTest[33]" classname="labrat.IntSortsTest" time="0"/>
  <testcase name="HeapSortTest[34]" classname="labrat.IntSortsTest" time="0"/>
  <testcase name="HeapSortTest[35]" classname="labrat.IntSortsTest" time="0"/>
  <testcase name="HeapSortTest[36]" classname="labrat.IntSortsTest" time="0"/>
  <testcase name="HeapSortTest[37]" classname="labrat.IntSortsTest" time="0"/>
  <testcase name="HeapSortTest[38]" classname="labrat.IntSortsTest" time="0"/>
  <testcase name="HeapSortTest[39]" classname="labrat.IntSortsTest" time="0"/>
  <testcase name="HeapSortTest[40]" classname="labrat.IntSortsTest" time="0"/>
  <testcase name="HeapSortTest[41]" classname="labrat.IntSortsTest" time="0"/>
  <testcase name="HeapSortTest[42]" classname="labrat.IntSortsTest" time="0"/>
  <testcase name="HeapSortTest[43]" classname="labrat.IntSortsTest" time="0"/>
  <testcase name="HeapSortTest[44]" classname="labrat.IntSortsTest" time="0"/>
  <testcase name="HeapSortTest[45]" classname="labrat.IntSortsTest" time="0"/>
  <testcase name="HeapSortTest[46]" classname="labrat.IntSortsTest" time="0"/>
  <testcase name="HeapSortTest[47]" classname="labrat.IntSortsTest" time="0"/>
  <testcase name="HeapSortTest[48]" classname="labrat.IntSortsTest" time="0"/>
  <testcase name="HeapSortTest[49]" classname="labrat.IntSortsTest" time="0"/>
  <testcase name="HeapSortTest[50]" classname="labrat.IntSortsTest" time="0"/>
  <testcase name="HeapSortTest[51]" classname="labrat.IntSortsTest" time="0"/>
  <testcase name="HeapSortTest[52]" classname="labrat.IntSortsTest" time="0"/>
  <testcase name="HeapSortTest[53]" classname="labrat.IntSortsTest" time="0"/>
  <testcase name="HeapSortTest[54]" classname="labrat.IntSortsTest" time="0"/>
  <testcase name="HeapSortTest[55]" classname="labrat.IntSortsTest" time="0"/>
  <testcase name="HeapSortTest[56]" classname="labrat.IntSortsTest" time="0"/>
  <testcase name="HeapSortTest[57]" classname="labrat.IntSortsTest" time="0"/>
  <testcase name="HeapSortTest[58]" classname="labrat.IntSortsTest" time="0"/>
  <testcase name="HeapSortTest[59]" classname="labrat.IntSortsTest" time="0"/>
  <testcase name="HeapSortTest[60]" classname="labrat.IntSortsTest" time="0"/>
  <testcase name="HeapSortTest[61]" classname="labrat.IntSortsTest" time="0"/>
  <testcase name="HeapSortTest[62]" classname="labrat.IntSortsTest" time="0"/>
  <testcase name="HeapSortTest[63]" classname="labrat.IntSortsTest" time="0"/>
  <testcase name="HeapSortTest[64]" classname="labrat.IntSortsTest" time="0"/>
  <testcase name="HeapSortTest[65]" classname="labrat.IntSortsTest" time="0.001"/>
  <testcase name="HeapSortTest[66]" classname="labrat.IntSortsTest" time="0"/>
  <testcase name="HeapSortTest[67]" classname="labrat.IntSortsTest" time="0"/>
  <testcase name="HeapSortTest[68]" classname="labrat.IntSortsTest" time="0"/>
  <testcase name="HeapSortTest[69]" classname="labrat.IntSortsTest" time="0"/>
  <testcase name="HeapSortTest[70]" classname="labrat.IntSortsTest" time="0"/>
  <testcase name="HeapSortTest[71]" classname="labrat.IntSortsTest" time="0"/>
  <testcase name="HeapSortTest[72]" classname="labrat.IntSortsTest" time="0"/>
  <testcase name="HeapSortTest[73]" classname="labrat.IntSortsTest" time="0"/>
  <testcase name="HeapSortTest[74]" classname="labrat.IntSortsTest" time="0"/>
  <testcase name="HeapSortTest[75]" classname="labrat.IntSortsTest" time="0"/>
  <testcase name="HeapSortTest[76]" classname="labrat.IntSortsTest" time="0"/>
  <testcase name="HeapSortTest[77]" classname="labrat.IntSortsTest" time="0"/>
  <testcase name="HeapSortTest[78]" classname="labrat.IntSortsTest" time="0"/>
  <testcase name="HeapSortTest[79]" classname="labrat.IntSortsTest" time="0"/>
  <testcase name="HeapSortTest[80]" classname="labrat.IntSortsTest" time="0"/>
  <testcase name="HeapSortTest[81]" classname="labrat.IntSortsTest" time="0"/>
  <testcase name="HeapSortTest[82]" classname="labrat.IntSortsTest" time="0"/>
  <testcase name="HeapSortTest[83]" classname="labrat.IntSortsTest" time="0"/>
  <testcase name="HeapSortTest[84]" classname="labrat.IntSortsTest" time="0"/>
  <testcase name="HeapSortTest[85]" classname="labrat.IntSortsTest" time="0"/>
  <testcase name="HeapSortTest[86]" classname="labrat.IntSortsTest" time="0"/>
  <testcase name="HeapSortTest[87]" classname="labrat.IntSortsTest" time="0"/>
  <testcase name="HeapSortTest[88]" classname="labrat.IntSortsTest" time="0"/>
  <testcase name="HeapSortTest[89]" classname="labrat.IntSortsTest" time="0.001"/>
  <testcase name="HeapSortTest[90]" classname="labrat.IntSortsTest" time="0"/>
  <testcase name="HeapSortTest[91]" classname="labrat.IntSortsTest" time="0.001"/>
  <testcase name="HeapSortTest[92]" classname="labrat.IntSortsTest" time="0.008"/>
  <testcase name="HeapSortTest[93]" classname="labrat.IntSortsTest" time="0"/>
  <testcase name="HeapSortTest[94]" classname="labrat.IntSortsTest" time="0.001"/>
  <testcase name="HeapSortTest[95]" classname="labrat.IntSortsTest" time="0"/>
  <testcase name="HeapSortTest[96]" classname="labrat.IntSortsTest" time="0.001"/>
  <testcase name="HeapSortTest[97]" classname="labrat.IntSortsTest" time="0"/>
  <testcase name="HeapSortTest[98]" classname="labrat.IntSortsTest" time="0"/>
  <testcase name="HeapSortTest[99]" classname="labrat.IntSortsTest" time="0.001"/>
  <testcase name="HeapSortTest[100]" classname="labrat.IntSortsTest" time="0"/>
  <testcase name="HeapSortTest[101]" classname="labrat.IntSortsTest" time="0.001"/>
  <testcase name="HeapSortTest[102]" classname="labrat.IntSortsTest" time="0.001"/>
  <testcase name="HeapSortTest[103]" classname="labrat.IntSortsTest" time="0"/>
  <testcase name="HeapSortTest[104]" classname="labrat.IntSortsTest" time="0.001"/>
  <testcase name="HeapSortTest[105]" classname="labrat.IntSortsTest" time="0"/>
  <testcase name="HeapSortTest[106]" classname="labrat.IntSortsTest" time="0.001"/>
  <testcase name="HeapSortTest[107]" classname="labrat.IntSortsTest" time="0"/>
  <testcase name="HeapSortTest[108]" classname="labrat.IntSortsTest" time="0.001"/>
  <testcase name="HeapSortTest[109]" classname="labrat.IntSortsTest" time="0"/>
  <testcase name="HeapSortTest[110]" classname="labrat.IntSortsTest" time="0"/>
  <testcase name="HeapSortTest[111]" classname="labrat.IntSortsTest" time="0"/>
  <testcase name="HeapSortTest[112]" classname="labrat.IntSortsTest" time="0"/>
  <testcase name="HeapSortTest[113]" classname="labrat.IntSortsTest" time="0"/>
  <testcase name="HeapSortTest[114]" classname="labrat.IntSortsTest" time="0"/>
  <testcase name="HeapSortTest[115]" classname="labrat.IntSortsTest" time="0"/>
  <testcase name="HeapSortTest[116]" classname="labrat.IntSortsTest" time="0"/>
  <testcase name="HeapSortTest[117]" classname="labrat.IntSortsTest" time="0"/>
  <testcase name="HeapSortTest[118]" classname="labrat.IntSortsTest" time="0.001"/>
  <testcase name="HeapSortTest[119]" classname="labrat.IntSortsTest" time="0"/>
  <testcase name="HeapSortTest[120]" classname="labrat.IntSortsTest" time="0.001"/>
  <testcase name="HeapSortTest[121]" classname="labrat.IntSortsTest" time="0"/>
  <testcase name="HeapSortTest[122]" classname="labrat.IntSortsTest" time="0.001"/>
  <testcase name="HeapSortTest[123]" classname="labrat.IntSortsTest" time="0"/>
  <testcase name="HeapSortTest[124]" classname="labrat.IntSortsTest" time="0.001"/>
  <testcase name="HeapSortTest[125]" classname="labrat.IntSortsTest" time="0"/>
  <testcase name="HeapSortTest[126]" classname="labrat.IntSortsTest" time="0.001"/>
  <testcase name="HeapSortTest[127]" classname="labrat.IntSortsTest" time="0"/>
  <testcase name="HeapSortTest[128]" classname="labrat.IntSortsTest" time="0"/>
  <testcase name="HeapSortTest[129]" classname="labrat.IntSortsTest" time="0"/>
  <testcase name="HeapSortTest[130]" classname="labrat.IntSortsTest" time="0"/>
  <testcase name="HeapSortTest[131]" classname="labrat.IntSortsTest" time="0"/>
  <testcase name="HeapSortTest[132]" classname="labrat.IntSortsTest" time="0"/>
  <testcase name="HeapSortTest[133]" classname="labrat.IntSortsTest" time="0.001"/>
  <testcase name="HeapSortTest[134]" classname="labrat.IntSortsTest" time="0"/>
  <testcase name="HeapSortTest[135]" classname="labrat.IntSortsTest" time="0.001"/>
  <testcase name="HeapSortTest[136]" classname="labrat.IntSortsTest" time="0"/>
  <testcase name="HeapSortTest[137]" classname="labrat.IntSortsTest" time="0.001"/>
  <testcase name="HeapSortTest[138]" classname="labrat.IntSortsTest" time="0"/>
  <testcase name="HeapSortTest[139]" classname="labrat.IntSortsTest" time="0.001"/>
  <testcase name="HeapSortTest[140]" classname="labrat.IntSortsTest" time="0"/>
  <testcase name="HeapSortTest[141]" classname="labrat.IntSortsTest" time="0"/>
  <testcase name="HeapSortTest[142]" classname="labrat.IntSortsTest" time="0"/>
  <testcase name="HeapSortTest[143]" classname="labrat.IntSortsTest" time="0"/>
  <testcase name="HeapSortTest[144]" classname="labrat.IntSortsTest" time="0.001"/>
  <testcase name="HeapSortTest[145]" classname="labrat.IntSortsTest" time="0"/>
  <testcase name="HeapSortTest[146]" classname="labrat.IntSortsTest" time="0"/>
  <testcase name="HeapSortTest[147]" classname="labrat.IntSortsTest" time="0"/>
  <testcase name="HeapSortTest[148]" classname="labrat.IntSortsTest" time="0"/>
  <testcase name="HeapSortTest[149]" classname="labrat.IntSortsTest" time="0"/>
  <testcase name="HeapSortTest[150]" classname="labrat.IntSortsTest" time="0"/>
  <testcase name="HeapSortTest[151]" classname="labrat.IntSortsTest" time="0"/>
  <testcase name="HeapSortTest[152]" classname="labrat.IntSortsTest" time="0"/>
  <testcase name="HeapSortTest[153]" classname="labrat.IntSortsTest" time="0.001"/>
  <testcase name="HeapSortTest[154]" classname="labrat.IntSortsTest" time="0"/>
  <testcase name="HeapSortTest[155]" classname="labrat.IntSortsTest" time="0"/>
  <testcase name="HeapSortTest[156]" classname="labrat.IntSortsTest" time="0"/>
  <testcase name="HeapSortTest[157]" classname="labrat.IntSortsTest" time="0"/>
  <testcase name="HeapSortTest[158]" classname="labrat.IntSortsTest" time="0"/>
  <testcase name="HeapSortTest[159]" classname="labrat.IntSortsTest" time="0"/>
  <testcase name="HeapSortTest[160]" classname="labrat.IntSortsTest" time="0"/>
  <testcase name="HeapSortTest[161]" classname="labrat.IntSortsTest" time="0.001"/>
  <testcase name="HeapSortTest[162]" classname="labrat.IntSortsTest" time="0"/>
  <testcase name="HeapSortTest[163]" classname="labrat.IntSortsTest" time="0"/>
  <testcase name="HeapSortTest[164]" classname="labrat.IntSortsTest" time="0"/>
  <testcase name="HeapSortTest[165]" classname="labrat.IntSortsTest" time="0"/>
  <testcase name="HeapSortTest[166]" classname="labrat.IntSortsTest" time="0"/>
  <testcase name="HeapSortTest[167]" classname="labrat.IntSortsTest" time="0"/>
  <testcase name="HeapSortTest[168]" classname="labrat.IntSortsTest" time="0"/>
  <testcase name="HeapSortTest[169]" classname="labrat.IntSortsTest" time="0"/>
  <testcase name="HeapSortTest[170]" classname="labrat.IntSortsTest" time="0.001"/>
  <testcase name="HeapSortTest[171]" classname="labrat.IntSortsTest" time="0"/>
  <testcase name="HeapSortTest[172]" classname="labrat.IntSortsTest" time="0"/>
  <testcase name="HeapSortTest[173]" classname="labrat.IntSortsTest" time="0"/>
  <testcase name="HeapSortTest[174]" classname="labrat.IntSortsTest" time="0"/>
  <testcase name="HeapSortTest[175]" classname="labrat.IntSortsTest" time="0"/>
  <testcase name="HeapSortTest[176]" classname="labrat.IntSortsTest" time="0"/>
  <testcase name="HeapSortTest[177]" classname="labrat.IntSortsTest" time="0"/>
  <testcase name="HeapSortTest[178]" classname="labrat.IntSortsTest" time="0"/>
  <testcase name="HeapSortTest[179]" classname="labrat.IntSortsTest" time="0"/>
  <testcase name="HeapSortTest[180]" classname="labrat.IntSortsTest" time="0"/>
  <testcase name="HeapSortTest[181]" classname="labrat.IntSortsTest" time="0"/>
  <testcase name="HeapSortTest[182]" classname="labrat.IntSortsTest" time="0"/>
  <testcase name="HeapSortTest[183]" classname="labrat.IntSortsTest" time="0"/>
  <testcase name="HeapSortTest[184]" classname="labrat.IntSortsTest" time="0.001"/>
  <testcase name="HeapSortTest[185]" classname="labrat.IntSortsTest" time="0"/>
  <testcase name="HeapSortTest[186]" classname="labrat.IntSortsTest" time="0.001"/>
  <testcase name="HeapSortTest[187]" classname="labrat.IntSortsTest" time="0"/>
  <testcase name="HeapSortTest[188]" classname="labrat.IntSortsTest" time="0.001"/>
  <testcase name="HeapSortTest[189]" classname="labrat.IntSortsTest" time="0"/>
  <testcase name="HeapSortTest[190]" classname="labrat.IntSortsTest" time="0.001"/>
  <testcase name="HeapSortTest[191]" classname="labrat.IntSortsTest" time="0"/>
  <testcase name="HeapSortTest[192]" classname="labrat.IntSortsTest" time="0.001"/>
  <testcase name="HeapSortTest[193]" classname="labrat.IntSortsTest" time="0"/>
  <testcase name="HeapSortTest[194]" classname="labrat.IntSortsTest" time="0"/>
  <testcase name="HeapSortTest[195]" classname="labrat.IntSortsTest" time="0"/>
  <testcase name="HeapSortTest[196]" classname="labrat.IntSortsTest" time="0"/>
  <testcase name="HeapSortTest[197]" classname="labrat.IntSortsTest" time="0.001"/>
  <testcase name="HeapSortTest[198]" classname="labrat.IntSortsTest" time="0"/>
  <testcase name="HeapSortTest[199]" classname="labrat.IntSortsTest" time="0.001"/>
  <testcase name="HeapSortTest[200]" classname="labrat.IntSortsTest" time="0"/>
  <testcase name="HeapSortTest[201]" classname="labrat.IntSortsTest" time="0"/>
  <testcase name="HeapSortTest[202]" classname="labrat.IntSortsTest" time="0"/>
  <testcase name="HeapSortTest[203]" classname="labrat.IntSortsTest" time="0"/>
  <testcase name="HeapSortTest[204]" classname="labrat.IntSortsTest" time="0"/>
  <testcase name="HeapSortTest[205]" classname="labrat.IntSortsTest" time="0.001"/>
  <testcase name="HeapSortTest[206]" classname="labrat.IntSortsTest" time="0"/>
  <testcase name="HeapSortTest[207]" classname="labrat.IntSortsTest" time="0.001"/>
  <testcase name="HeapSortTest[208]" classname="labrat.IntSortsTest" time="0"/>
  <testcase name="HeapSortTest[209]" classname="labrat.IntSortsTest" time="0"/>
  <testcase name="HeapSortTest[210]" classname="labrat.IntSortsTest" time="0"/>
  <testcase name="HeapSortTest[211]" classname="labrat.IntSortsTest" time="0"/>
  <testcase name="HeapSortTest[212]" classname="labrat.IntSortsTest" time="0.001"/>
  <testcase name="HeapSortTest[213]" classname="labrat.IntSortsTest" time="0"/>
  <testcase name="HeapSortTest[214]" classname="labrat.IntSortsTest" time="0.001"/>
  <testcase name="HeapSortTest[215]" classname="labrat.IntSortsTest" time="0"/>
  <testcase name="HeapSortTest[216]" classname="labrat.IntSortsTest" time="0"/>
  <testcase name="HeapSortTest[217]" classname="labrat.IntSortsTest" time="0"/>
  <testcase name="HeapSortTest[218]" classname="labrat.IntSortsTest" time="0.001"/>
  <testcase name="HeapSortTest[219]" classname="labrat.IntSortsTest" time="0"/>
  <testcase name="HeapSortTest[220]" classname="labrat.IntSortsTest" time="0"/>
  <testcase name="HeapSortTest[221]" classname="labrat.IntSortsTest" time="0"/>
  <testcase name="HeapSortTest[222]" classname="labrat.IntSortsTest" time="0"/>
  <testcase name="HeapSortTest[223]" classname="labrat.IntSortsTest" time="0"/>
  <testcase name="HeapSortTest[224]" classname="labrat.IntSortsTest" time="0"/>
  <testcase name="HeapSortTest[225]" classname="labrat.IntSortsTest" time="0"/>
  <testcase name="HeapSortTest[226]" classname="labrat.IntSortsTest" time="0"/>
  <testcase name="HeapSortTest[227]" classname="labrat.IntSortsTest" time="0"/>
  <testcase name="HeapSortTest[228]" classname="labrat.IntSortsTest" time="0"/>
  <testcase name="HeapSortTest[229]" classname="labrat.IntSortsTest" time="0.001"/>
  <testcase name="HeapSortTest[230]" classname="labrat.IntSortsTest" time="0"/>
  <testcase name="HeapSortTest[231]" classname="labrat.IntSortsTest" time="0"/>
  <testcase name="HeapSortTest[232]" classname="labrat.IntSortsTest" time="0"/>
  <testcase name="HeapSortTest[233]" classname="labrat.IntSortsTest" time="0"/>
  <testcase name="HeapSortTest[234]" classname="labrat.IntSortsTest" time="0"/>
  <testcase name="HeapSortTest[235]" classname="labrat.IntSortsTest" time="0"/>
  <testcase name="HeapSortTest[236]" classname="labrat.IntSortsTest" time="0"/>
  <testcase name="HeapSortTest[237]" classname="labrat.IntSortsTest" time="0.001"/>
  <testcase name="HeapSortTest[238]" classname="labrat.IntSortsTest" time="0"/>
  <testcase name="HeapSortTest[239]" classname="labrat.IntSortsTest" time="0"/>
  <testcase name="HeapSortTest[240]" classname="labrat.IntSortsTest" time="0"/>
  <testcase name="HeapSortTest[241]" classname="labrat.IntSortsTest" time="0"/>
  <testcase name="HeapSortTest[242]" classname="labrat.IntSortsTest" time="0"/>
  <testcase name="HeapSortTest[243]" classname="labrat.IntSortsTest" time="0"/>
  <testcase name="HeapSortTest[244]" classname="labrat.IntSortsTest" time="0.001"/>
  <testcase name="HeapSortTest[245]" classname="labrat.IntSortsTest" time="0"/>
  <testcase name="HeapSortTest[246]" classname="labrat.IntSortsTest" time="0.001"/>
  <testcase name="HeapSortTest[247]" classname="labrat.IntSortsTest" time="0"/>
  <testcase name="HeapSortTest[248]" classname="labrat.IntSortsTest" time="0.001"/>
  <testcase name="HeapSortTest[249]" classname="labrat.IntSortsTest" time="0"/>
  <testcase name="HeapSortTest[250]" classname="labrat.IntSortsTest" time="0"/>
  <testcase name="HeapSortTest[251]" classname="labrat.IntSortsTest" time="0"/>
  <testcase name="HeapSortTest[252]" classname="labrat.IntSortsTest" time="0"/>
  <testcase name="HeapSortTest[253]" classname="labrat.IntSortsTest" time="0.001"/>
  <testcase name="HeapSortTest[254]" classname="labrat.IntSortsTest" time="0"/>
  <testcase name="HeapSortTest[255]" classname="labrat.IntSortsTest" time="0.001"/>
  <testcase name="HeapSortTest[256]" classname="labrat.IntSortsTest" time="0"/>
  <testcase name="HeapSortTest[257]" classname="labrat.IntSortsTest" time="0.001"/>
  <testcase name="HeapSortTest[258]" classname="labrat.IntSortsTest" time="0"/>
  <testcase name="HeapSortTest[259]" classname="labrat.IntSortsTest" time="0"/>
  <testcase name="HeapSortTest[260]" classname="labrat.IntSortsTest" time="0"/>
  <testcase name="HeapSortTest[261]" classname="labrat.IntSortsTest" time="0"/>
  <testcase name="HeapSortTest[262]" classname="labrat.IntSortsTest" time="0.001"/>
  <testcase name="HeapSortTest[263]" classname="labrat.IntSortsTest" time="0"/>
  <testcase name="HeapSortTest[264]" classname="labrat.IntSortsTest" time="0.001"/>
  <testcase name="HeapSortTest[265]" classname="labrat.IntSortsTest" time="0"/>
  <testcase name="HeapSortTest[266]" classname="labrat.IntSortsTest" time="0"/>
  <testcase name="HeapSortTest[267]" classname="labrat.IntSortsTest" time="0"/>
  <testcase name="HeapSortTest[268]" classname="labrat.IntSortsTest" time="0"/>
  <testcase name="HeapSortTest[269]" classname="labrat.IntSortsTest" time="0"/>
  <testcase name="HeapSortTest[270]" classname="labrat.IntSortsTest" time="0"/>
  <testcase name="HeapSortTest[271]" classname="labrat.IntSortsTest" time="0"/>
  <testcase name="HeapSortTest[272]" classname="labrat.IntSortsTest" time="0"/>
  <testcase name="HeapSortTest[273]" classname="labrat.IntSortsTest" time="0"/>
  <testcase name="HeapSortTest[274]" classname="labrat.IntSortsTest" time="0"/>
  <testcase name="HeapSortTest[275]" classname="labrat.IntSortsTest" time="0"/>
  <testcase name="HeapSortTest[276]" classname="labrat.IntSortsTest" time="0"/>
  <testcase name="HeapSortTest[277]" classname="labrat.IntSortsTest" time="0.001"/>
  <testcase name="HeapSortTest[278]" classname="labrat.IntSortsTest" time="0"/>
  <testcase name="HeapSortTest[279]" classname="labrat.IntSortsTest" time="0"/>
  <testcase name="HeapSortTest[280]" classname="labrat.IntSortsTest" time="0.001"/>
  <testcase name="HeapSortTest[281]" classname="labrat.IntSortsTest" time="0"/>
  <testcase name="HeapSortTest[282]" classname="labrat.IntSortsTest" time="0"/>
  <testcase name="HeapSortTest[283]" classname="labrat.IntSortsTest" time="0.001"/>
  <testcase name="HeapSortTest[284]" classname="labrat.IntSortsTest" time="0"/>
  <testcase name="HeapSortTest[285]" classname="labrat.IntSortsTest" time="0"/>
  <testcase name="HeapSortTest[286]" classname="labrat.IntSortsTest" time="0"/>
  <testcase name="HeapSortTest[287]" classname="labrat.IntSortsTest" time="0"/>
  <testcase name="HeapSortTest[288]" classname="labrat.IntSortsTest" time="0.001"/>
  <testcase name="HeapSortTest[289]" classname="labrat.IntSortsTest" time="0"/>
  <testcase name="HeapSortTest[290]" classname="labrat.IntSortsTest" time="0"/>
  <testcase name="HeapSortTest[291]" classname="labrat.IntSortsTest" time="0"/>
  <testcase name="HeapSortTest[292]" classname="labrat.IntSortsTest" time="0"/>
  <testcase name="HeapSortTest[293]" classname="labrat.IntSortsTest" time="0"/>
  <testcase name="HeapSortTest[294]" classname="labrat.IntSortsTest" time="0"/>
  <testcase name="HeapSortTest[295]" classname="labrat.IntSortsTest" time="0"/>
  <testcase name="HeapSortTest[296]" classname="labrat.IntSortsTest" time="0.001"/>
  <testcase name="HeapSortTest[297]" classname="labrat.IntSortsTest" time="0"/>
  <testcase name="HeapSortTest[298]" classname="labrat.IntSortsTest" time="0.001"/>
  <testcase name="HeapSortTest[299]" classname="labrat.IntSortsTest" time="0"/>
  <testcase name="HeapSortTest[300]" classname="labrat.IntSortsTest" time="0.001"/>
  <testcase name="HeapSortTest[301]" classname="labrat.IntSortsTest" time="0"/>
  <testcase name="HeapSortTest[302]" classname="labrat.IntSortsTest" time="0.001"/>
  <testcase name="HeapSortTest[303]" classname="labrat.IntSortsTest" time="0"/>
  <testcase name="HeapSortTest[304]" classname="labrat.IntSortsTest" time="0"/>
  <testcase name="HeapSortTest[305]" classname="labrat.IntSortsTest" time="0"/>
  <testcase name="HeapSortTest[306]" classname="labrat.IntSortsTest" time="0.001"/>
  <testcase name="HeapSortTest[307]" classname="labrat.IntSortsTest" time="0"/>
  <testcase name="HeapSortTest[308]" classname="labrat.IntSortsTest" time="0.001"/>
  <testcase name="HeapSortTest[309]" classname="labrat.IntSortsTest" time="0"/>
  <testcase name="HeapSortTest[310]" classname="labrat.IntSortsTest" time="0"/>
  <testcase name="HeapSortTest[311]" classname="labrat.IntSortsTest" time="0"/>
  <testcase name="HeapSortTest[312]" classname="labrat.IntSortsTest" time="0.001"/>
  <testcase name="HeapSortTest[313]" classname="labrat.IntSortsTest" time="0"/>
  <testcase name="HeapSortTest[314]" classname="labrat.IntSortsTest" time="0"/>
  <testcase name="HeapSortTest[315]" classname="labrat.IntSortsTest" time="0"/>
  <testcase name="HeapSortTest[316]" classname="labrat.IntSortsTest" time="0"/>
  <testcase name="HeapSortTest[317]" classname="labrat.IntSortsTest" time="0"/>
  <testcase name="HeapSortTest[318]" classname="labrat.IntSortsTest" time="0.001"/>
  <testcase name="HeapSortTest[319]" classname="labrat.IntSortsTest" time="0"/>
  <testcase name="HeapSortTest[320]" classname="labrat.IntSortsTest" time="0"/>
  <testcase name="HeapSortTest[321]" classname="labrat.IntSortsTest" time="0"/>
  <testcase name="HeapSortTest[322]" classname="labrat.IntSortsTest" time="0"/>
  <testcase name="HeapSortTest[323]" classname="labrat.IntSortsTest" time="0"/>
  <testcase name="HeapSortTest[324]" classname="labrat.IntSortsTest" time="0.001"/>
  <testcase name="HeapSortTest[325]" classname="labrat.IntSortsTest" time="0"/>
  <testcase name="HeapSortTest[326]" classname="labrat.IntSortsTest" time="0"/>
  <testcase name="HeapSortTest[327]" classname="labrat.IntSortsTest" time="0"/>
  <testcase name="HeapSortTest[328]" classname="labrat.IntSortsTest" time="0.001"/>
  <testcase name="HeapSortTest[329]" classname="labrat.IntSortsTest" time="0"/>
  <testcase name="HeapSortTest[330]" classname="labrat.IntSortsTest" time="0"/>
  <testcase name="HeapSortTest[331]" classname="labrat.IntSortsTest" time="0"/>
  <testcase name="HeapSortTest[332]" classname="labrat.IntSortsTest" time="0"/>
  <testcase name="HeapSortTest[333]" classname="labrat.IntSortsTest" time="0"/>
  <testcase name="HeapSortTest[334]" classname="labrat.IntSortsTest" time="0"/>
  <testcase name="HeapSortTest[335]" classname="labrat.IntSortsTest" time="0"/>
  <testcase name="HeapSortTest[336]" classname="labrat.IntSortsTest" time="0"/>
  <testcase name="HeapSortTest[337]" classname="labrat.IntSortsTest" time="0"/>
  <testcase name="HeapSortTest[338]" classname="labrat.IntSortsTest" time="0"/>
  <testcase name="HeapSortTest[339]" classname="labrat.IntSortsTest" time="0.001"/>
  <testcase name="HeapSortTest[340]" classname="labrat.IntSortsTest" time="0"/>
  <testcase name="HeapSortTest[341]" classname="labrat.IntSortsTest" time="0"/>
  <testcase name="HeapSortTest[342]" classname="labrat.IntSortsTest" time="0"/>
  <testcase name="HeapSortTest[343]" classname="labrat.IntSortsTest" time="0"/>
  <testcase name="HeapSortTest[344]" classname="labrat.IntSortsTest" time="0"/>
  <testcase name="HeapSortTest[345]" classname="labrat.IntSortsTest" time="0"/>
  <testcase name="HeapSortTest[346]" classname="labrat.IntSortsTest" time="0"/>
  <testcase name="HeapSortTest[347]" classname="labrat.IntSortsTest" time="0"/>
  <testcase name="HeapSortTest[348]" classname="labrat.IntSortsTest" time="0.001"/>
  <testcase name="HeapSortTest[349]" classname="labrat.IntSortsTest" time="0"/>
  <testcase name="HeapSortTest[350]" classname="labrat.IntSortsTest" time="0"/>
  <testcase name="HeapSortTest[351]" classname="labrat.IntSortsTest" time="0"/>
  <testcase name="HeapSortTest[352]" classname="labrat.IntSortsTest" time="0"/>
  <testcase name="HeapSortTest[353]" classname="labrat.IntSortsTest" time="0.001"/>
  <testcase name="HeapSortTest[354]" classname="labrat.IntSortsTest" time="0"/>
  <testcase name="HeapSortTest[355]" classname="labrat.IntSortsTest" time="0.001"/>
  <testcase name="HeapSortTest[356]" classname="labrat.IntSortsTest" time="0"/>
  <testcase name="HeapSortTest[357]" classname="labrat.IntSortsTest" time="0"/>
  <testcase name="HeapSortTest[358]" classname="labrat.IntSortsTest" time="0"/>
  <testcase name="HeapSortTest[359]" classname="labrat.IntSortsTest" time="0"/>
  <testcase name="HeapSortTest[360]" classname="labrat.IntSortsTest" time="0.001"/>
  <testcase name="HeapSortTest[361]" classname="labrat.IntSortsTest" time="0"/>
  <testcase name="HeapSortTest[362]" classname="labrat.IntSortsTest" time="0"/>
  <testcase name="HeapSortTest[363]" classname="labrat.IntSortsTest" time="0"/>
  <testcase name="HeapSortTest[364]" classname="labrat.IntSortsTest" time="0"/>
  <testcase name="HeapSortTest[365]" classname="labrat.IntSortsTest" time="0.001"/>
  <testcase name="HeapSortTest[366]" classname="labrat.IntSortsTest" time="0"/>
  <testcase name="HeapSortTest[367]" classname="labrat.IntSortsTest" time="0"/>
  <testcase name="HeapSortTest[368]" classname="labrat.IntSortsTest" time="0"/>
  <testcase name="HeapSortTest[369]" classname="labrat.IntSortsTest" time="0"/>
  <testcase name="HeapSortTest[370]" classname="labrat.IntSortsTest" time="0.001"/>
  <testcase name="HeapSortTest[371]" classname="labrat.IntSortsTest" time="0"/>
  <testcase name="HeapSortTest[372]" classname="labrat.IntSortsTest" time="0"/>
  <testcase name="HeapSortTest[373]" classname="labrat.IntSortsTest" time="0.001"/>
  <testcase name="HeapSortTest[374]" classname="labrat.IntSortsTest" time="0"/>
  <testcase name="HeapSortTest[375]" classname="labrat.IntSortsTest" time="0"/>
  <testcase name="HeapSortTest[376]" classname="labrat.IntSortsTest" time="0"/>
  <testcase name="HeapSortTest[377]" classname="labrat.IntSortsTest" time="0"/>
  <testcase name="HeapSortTest[378]" classname="labrat.IntSortsTest" time="0.001"/>
  <testcase name="HeapSortTest[379]" classname="labrat.IntSortsTest" time="0"/>
  <testcase name="HeapSortTest[380]" classname="labrat.IntSortsTest" time="0"/>
  <testcase name="HeapSortTest[381]" classname="labrat.IntSortsTest" time="0.001"/>
  <testcase name="HeapSortTest[382]" classname="labrat.IntSortsTest" time="0"/>
  <testcase name="HeapSortTest[383]" classname="labrat.IntSortsTest" time="0"/>
  <testcase name="HeapSortTest[384]" classname="labrat.IntSortsTest" time="0"/>
  <testcase name="HeapSortTest[385]" classname="labrat.IntSortsTest" time="0"/>
  <testcase name="HeapSortTest[386]" classname="labrat.IntSortsTest" time="0.001"/>
  <testcase name="HeapSortTest[387]" classname="labrat.IntSortsTest" time="0"/>
  <testcase name="HeapSortTest[388]" classname="labrat.IntSortsTest" time="0"/>
  <testcase name="HeapSortTest[389]" classname="labrat.IntSortsTest" time="0.001"/>
  <testcase name="HeapSortTest[390]" classname="labrat.IntSortsTest" time="0"/>
  <testcase name="HeapSortTest[391]" classname="labrat.IntSortsTest" time="0.001"/>
  <testcase name="HeapSortTest[392]" classname="labrat.IntSortsTest" time="0"/>
  <testcase name="HeapSortTest[393]" classname="labrat.IntSortsTest" time="0"/>
  <testcase name="HeapSortTest[394]" classname="labrat.IntSortsTest" time="0"/>
  <testcase name="HeapSortTest[395]" classname="labrat.IntSortsTest" time="0"/>
  <testcase name="HeapSortTest[396]" classname="labrat.IntSortsTest" time="0.001"/>
  <testcase name="HeapSortTest[397]" classname="labrat.IntSortsTest" time="0"/>
  <testcase name="HeapSortTest[398]" classname="labrat.IntSortsTest" time="0"/>
  <testcase name="HeapSortTest[399]" classname="labrat.IntSortsTest" time="0"/>
  <testcase name="HeapSortTest[400]" classname="labrat.IntSortsTest" time="0"/>
  <testcase name="HeapSortTest[401]" classname="labrat.IntSortsTest" time="0.001"/>
  <testcase name="HeapSortTest[402]" classname="labrat.IntSortsTest" time="0"/>
  <testcase name="HeapSortTest[403]" classname="labrat.IntSortsTest" time="0"/>
  <testcase name="HeapSortTest[404]" classname="labrat.IntSortsTest" time="0"/>
  <testcase name="HeapSortTest[405]" classname="labrat.IntSortsTest" time="0"/>
  <testcase name="HeapSortTest[406]" classname="labrat.IntSortsTest" time="0"/>
  <testcase name="HeapSortTest[407]" classname="labrat.IntSortsTest" time="0"/>
  <testcase name="HeapSortTest[408]" classname="labrat.IntSortsTest" time="0"/>
  <testcase name="HeapSortTest[409]" classname="labrat.IntSortsTest" time="0"/>
  <testcase name="HeapSortTest[410]" classname="labrat.IntSortsTest" time="0"/>
  <testcase name="HeapSortTest[411]" classname="labrat.IntSortsTest" time="0"/>
  <testcase name="HeapSortTest[412]" classname="labrat.IntSortsTest" time="0.001"/>
  <testcase name="HeapSortTest[413]" classname="labrat.IntSortsTest" time="0"/>
  <testcase name="HeapSortTest[414]" classname="labrat.IntSortsTest" time="0"/>
  <testcase name="HeapSortTest[415]" classname="labrat.IntSortsTest" time="0.001"/>
  <testcase name="HeapSortTest[416]" classname="labrat.IntSortsTest" time="0"/>
  <testcase name="HeapSortTest[417]" classname="labrat.IntSortsTest" time="0"/>
  <testcase name="HeapSortTest[418]" classname="labrat.IntSortsTest" time="0.001"/>
  <testcase name="HeapSortTest[419]" classname="labrat.IntSortsTest" time="0"/>
  <testcase name="HeapSortTest[420]" classname="labrat.IntSortsTest" time="0"/>
  <testcase name="HeapSortTest[421]" classname="labrat.IntSortsTest" time="0"/>
  <testcase name="HeapSortTest[422]" classname="labrat.IntSortsTest" time="0"/>
  <testcase name="HeapSortTest[423]" classname="labrat.IntSortsTest" time="0"/>
  <testcase name="HeapSortTest[424]" classname="labrat.IntSortsTest" time="0"/>
  <testcase name="HeapSortTest[425]" classname="labrat.IntSortsTest" time="0"/>
  <testcase name="HeapSortTest[426]" classname="labrat.IntSortsTest" time="0"/>
  <testcase name="HeapSortTest[427]" classname="labrat.IntSortsTest" time="0"/>
  <testcase name="HeapSortTest[428]" classname="labrat.IntSortsTest" time="0"/>
  <testcase name="HeapSortTest[429]" classname="labrat.IntSortsTest" time="0.001"/>
  <testcase name="HeapSortTest[430]" classname="labrat.IntSortsTest" time="0"/>
  <testcase name="HeapSortTest[431]" classname="labrat.IntSortsTest" time="0"/>
  <testcase name="HeapSortTest[432]" classname="labrat.IntSortsTest" time="0.001"/>
  <testcase name="HeapSortTest[433]" classname="labrat.IntSortsTest" time="0"/>
  <testcase name="HeapSortTest[434]" classname="labrat.IntSortsTest" time="0"/>
  <testcase name="HeapSortTest[435]" classname="labrat.IntSortsTest" time="0.001"/>
  <testcase name="HeapSortTest[436]" classname="labrat.IntSortsTest" time="0"/>
  <testcase name="HeapSortTest[437]" classname="labrat.IntSortsTest" time="0"/>
  <testcase name="HeapSortTest[438]" classname="labrat.IntSortsTest" time="0.001"/>
  <testcase name="HeapSortTest[439]" classname="labrat.IntSortsTest" time="0"/>
  <testcase name="HeapSortTest[440]" classname="labrat.IntSortsTest" time="0"/>
  <testcase name="HeapSortTest[441]" classname="labrat.IntSortsTest" time="0"/>
  <testcase name="HeapSortTest[442]" classname="labrat.IntSortsTest" time="0"/>
  <testcase name="HeapSortTest[443]" classname="labrat.IntSortsTest" time="0.001"/>
  <testcase name="HeapSortTest[444]" classname="labrat.IntSortsTest" time="0"/>
  <testcase name="HeapSortTest[445]" classname="labrat.IntSortsTest" time="0"/>
  <testcase name="HeapSortTest[446]" classname="labrat.IntSortsTest" time="0.001"/>
  <testcase name="HeapSortTest[447]" classname="labrat.IntSortsTest" time="0"/>
  <testcase name="HeapSortTest[448]" classname="labrat.IntSortsTest" time="0"/>
  <testcase name="HeapSortTest[449]" classname="labrat.IntSortsTest" time="0.001"/>
  <testcase name="HeapSortTest[450]" classname="labrat.IntSortsTest" time="0"/>
  <testcase name="HeapSortTest[451]" classname="labrat.IntSortsTest" time="0"/>
  <testcase name="HeapSortTest[452]" classname="labrat.IntSortsTest" time="0"/>
  <testcase name="HeapSortTest[453]" classname="labrat.IntSortsTest" time="0"/>
  <testcase name="HeapSortTest[454]" classname="labrat.IntSortsTest" time="0"/>
  <testcase name="HeapSortTest[455]" classname="labrat.IntSortsTest" time="0"/>
  <testcase name="HeapSortTest[456]" classname="labrat.IntSortsTest" time="0"/>
  <testcase name="HeapSortTest[457]" classname="labrat.IntSortsTest" time="0"/>
  <testcase name="HeapSortTest[458]" classname="labrat.IntSortsTest" time="0"/>
  <testcase name="HeapSortTest[459]" classname="labrat.IntSortsTest" time="0"/>
  <testcase name="HeapSortTest[460]" classname="labrat.IntSortsTest" time="0"/>
  <testcase name="HeapSortTest[461]" classname="labrat.IntSortsTest" time="0"/>
  <testcase name="HeapSortTest[462]" classname="labrat.IntSortsTest" time="0"/>
  <testcase name="HeapSortTest[463]" classname="labrat.IntSortsTest" time="0"/>
  <testcase name="HeapSortTest[464]" classname="labrat.IntSortsTest" time="0"/>
  <testcase name="HeapSortTest[465]" classname="labrat.IntSortsTest" time="0"/>
  <testcase name="HeapSortTest[466]" classname="labrat.IntSortsTest" time="0.001"/>
  <testcase name="HeapSortTest[467]" classname="labrat.IntSortsTest" time="0"/>
  <testcase name="HeapSortTest[468]" classname="labrat.IntSortsTest" time="0"/>
  <testcase name="HeapSortTest[469]" classname="labrat.IntSortsTest" time="0.001"/>
  <testcase name="HeapSortTest[470]" classname="labrat.IntSortsTest" time="0"/>
  <testcase name="HeapSortTest[471]" classname="labrat.IntSortsTest" time="0"/>
  <testcase name="HeapSortTest[472]" classname="labrat.IntSortsTest" time="0.001"/>
  <testcase name="HeapSortTest[473]" classname="labrat.IntSortsTest" time="0"/>
  <testcase name="HeapSortTest[474]" classname="labrat.IntSortsTest" time="0"/>
  <testcase name="HeapSortTest[475]" classname="labrat.IntSortsTest" time="0.001"/>
  <testcase name="HeapSortTest[476]" classname="labrat.IntSortsTest" time="0"/>
  <testcase name="HeapSortTest[477]" classname="labrat.IntSortsTest" time="0"/>
  <testcase name="HeapSortTest[478]" classname="labrat.IntSortsTest" time="0"/>
  <testcase name="HeapSortTest[479]" classname="labrat.IntSortsTest" time="0"/>
  <testcase name="HeapSortTest[480]" classname="labrat.IntSortsTest" time="0"/>
  <testcase name="HeapSortTest[481]" classname="labrat.IntSortsTest" time="0"/>
  <testcase name="HeapSortTest[482]" classname="labrat.IntSortsTest" time="0"/>
  <testcase name="HeapSortTest[483]" classname="labrat.IntSortsTest" time="0"/>
  <testcase name="HeapSortTest[484]" classname="labrat.IntSortsTest" time="0"/>
  <testcase name="HeapSortTest[485]" classname="labrat.IntSortsTest" time="0"/>
  <testcase name="HeapSortTest[486]" classname="labrat.IntSortsTest" time="0.001"/>
  <testcase name="HeapSortTest[487]" classname="labrat.IntSortsTest" time="0"/>
  <testcase name="HeapSortTest[488]" classname="labrat.IntSortsTest" time="0"/>
  <testcase name="HeapSortTest[489]" classname="labrat.IntSortsTest" time="0.001"/>
  <testcase name="HeapSortTest[490]" classname="labrat.IntSortsTest" time="0"/>
  <testcase name="HeapSortTest[491]" classname="labrat.IntSortsTest" time="0"/>
  <testcase name="HeapSortTest[492]" classname="labrat.IntSortsTest" time="0.001"/>
  <testcase name="HeapSortTest[493]" classname="labrat.IntSortsTest" time="0"/>
  <testcase name="HeapSortTest[494]" classname="labrat.IntSortsTest" time="0"/>
  <testcase name="HeapSortTest[495]" classname="labrat.IntSortsTest" time="0"/>
  <testcase name="HeapSortTest[496]" classname="labrat.IntSortsTest" time="0"/>
  <testcase name="HeapSortTest[497]" classname="labrat.IntSortsTest" time="0"/>
  <testcase name="HeapSortTest[498]" classname="labrat.IntSortsTest" time="0"/>
  <testcase name="HeapSortTest[499]" classname="labrat.IntSortsTest" time="0"/>
  <testcase name="HeapSortTest[500]" classname="labrat.IntSortsTest" time="0"/>
  <testcase name="HeapSortTest[501]" classname="labrat.IntSortsTest" time="0"/>
  <testcase name="HeapSortTest[502]" classname="labrat.IntSortsTest" time="0"/>
  <testcase name="HeapSortTest[503]" classname="labrat.IntSortsTest" time="0"/>
  <testcase name="HeapSortTest[504]" classname="labrat.IntSortsTest" time="0"/>
  <testcase name="HeapSortTest[505]" classname="labrat.IntSortsTest" time="0"/>
  <testcase name="HeapSortTest[506]" classname="labrat.IntSortsTest" time="0"/>
  <testcase name="HeapSortTest[507]" classname="labrat.IntSortsTest" time="0"/>
  <testcase name="HeapSortTest[508]" classname="labrat.IntSortsTest" time="0"/>
  <testcase name="HeapSortTest[509]" classname="labrat.IntSortsTest" time="0"/>
  <testcase name="HeapSortTest[510]" classname="labrat.IntSortsTest" time="0"/>
  <testcase name="HeapSortTest[511]" classname="labrat.IntSortsTest" time="0"/>
  <testcase name="HeapSortTest[512]" classname="labrat.IntSortsTest" time="0.001"/>
  <testcase name="HeapSortTest[513]" classname="labrat.IntSortsTest" time="0"/>
  <testcase name="HeapSortTest[514]" classname="labrat.IntSortsTest" time="0"/>
  <testcase name="HeapSortTest[515]" classname="labrat.IntSortsTest" time="0.001"/>
  <testcase name="HeapSortTest[516]" classname="labrat.IntSortsTest" time="0"/>
  <testcase name="HeapSortTest[517]" classname="labrat.IntSortsTest" time="0"/>
  <testcase name="HeapSortTest[518]" classname="labrat.IntSortsTest" time="0.001"/>
  <testcase name="HeapSortTest[519]" classname="labrat.IntSortsTest" time="0"/>
  <testcase name="HeapSortTest[520]" classname="labrat.IntSortsTest" time="0"/>
  <testcase name="HeapSortTest[521]" classname="labrat.IntSortsTest" time="0.001"/>
  <testcase name="HeapSortTest[522]" classname="labrat.IntSortsTest" time="0"/>
  <testcase name="HeapSortTest[523]" classname="labrat.IntSortsTest" time="0"/>
  <testcase name="HeapSortTest[524]" classname="labrat.IntSortsTest" time="0.001"/>
  <testcase name="HeapSortTest[525]" classname="labrat.IntSortsTest" time="0"/>
  <testcase name="HeapSortTest[526]" classname="labrat.IntSortsTest" time="0"/>
  <testcase name="HeapSortTest[527]" classname="labrat.IntSortsTest" time="0.001"/>
  <testcase name="HeapSortTest[528]" classname="labrat.IntSortsTest" time="0"/>
  <testcase name="HeapSortTest[529]" classname="labrat.IntSortsTest" time="0"/>
  <testcase name="HeapSortTest[530]" classname="labrat.IntSortsTest" time="0"/>
  <testcase name="HeapSortTest[531]" classname="labrat.IntSortsTest" time="0.001"/>
  <testcase name="HeapSortTest[532]" classname="labrat.IntSortsTest" time="0"/>
  <testcase name="HeapSortTest[533]" classname="labrat.IntSortsTest" time="0"/>
  <testcase name="HeapSortTest[534]" classname="labrat.IntSortsTest" time="0.001"/>
  <testcase name="HeapSortTest[535]" classname="labrat.IntSortsTest" time="0"/>
  <testcase name="HeapSortTest[536]" classname="labrat.IntSortsTest" time="0"/>
  <testcase name="HeapSortTest[537]" classname="labrat.IntSortsTest" time="0"/>
  <testcase name="HeapSortTest[538]" classname="labrat.IntSortsTest" time="0"/>
  <testcase name="HeapSortTest[539]" classname="labrat.IntSortsTest" time="0.001"/>
  <testcase name="HeapSortTest[540]" classname="labrat.IntSortsTest" time="0"/>
  <testcase name="HeapSortTest[541]" classname="labrat.IntSortsTest" time="0"/>
  <testcase name="HeapSortTest[542]" classname="labrat.IntSortsTest" time="0.001"/>
  <testcase name="HeapSortTest[543]" classname="labrat.IntSortsTest" time="0"/>
  <testcase name="HeapSortTest[544]" classname="labrat.IntSortsTest" time="0"/>
  <testcase name="HeapSortTest[545]" classname="labrat.IntSortsTest" time="0"/>
  <testcase name="HeapSortTest[546]" classname="labrat.IntSortsTest" time="0"/>
  <testcase name="HeapSortTest[547]" classname="labrat.IntSortsTest" time="0.001"/>
  <testcase name="HeapSortTest[548]" classname="labrat.IntSortsTest" time="0"/>
  <testcase name="HeapSortTest[549]" classname="labrat.IntSortsTest" time="0"/>
  <testcase name="HeapSortTest[550]" classname="labrat.IntSortsTest" time="0"/>
  <testcase name="HeapSortTest[551]" classname="labrat.IntSortsTest" time="0"/>
  <testcase name="HeapSortTest[552]" classname="labrat.IntSortsTest" time="0"/>
  <testcase name="HeapSortTest[553]" classname="labrat.IntSortsTest" time="0"/>
  <testcase name="HeapSortTest[554]" classname="labrat.IntSortsTest" time="0"/>
  <testcase name="HeapSortTest[555]" classname="labrat.IntSortsTest" time="0.001"/>
  <testcase name="HeapSortTest[556]" classname="labrat.IntSortsTest" time="0"/>
  <testcase name="HeapSortTest[557]" classname="labrat.IntSortsTest" time="0"/>
  <testcase name="HeapSortTest[558]" classname="labrat.IntSortsTest" time="0.001"/>
  <testcase name="HeapSortTest[559]" classname="labrat.IntSortsTest" time="0"/>
  <testcase name="HeapSortTest[560]" classname="labrat.IntSortsTest" time="0"/>
  <testcase name="HeapSortTest[561]" classname="labrat.IntSortsTest" time="0.001"/>
  <testcase name="HeapSortTest[562]" classname="labrat.IntSortsTest" time="0"/>
  <testcase name="HeapSortTest[563]" classname="labrat.IntSortsTest" time="0"/>
  <testcase name="HeapSortTest[564]" classname="labrat.IntSortsTest" time="0.001"/>
  <testcase name="HeapSortTest[565]" classname="labrat.IntSortsTest" time="0"/>
  <testcase name="HeapSortTest[566]" classname="labrat.IntSortsTest" time="0"/>
  <testcase name="HeapSortTest[567]" classname="labrat.IntSortsTest" time="0.001"/>
  <testcase name="HeapSortTest[568]" classname="labrat.IntSortsTest" time="0"/>
  <testcase name="HeapSortTest[569]" classname="labrat.IntSortsTest" time="0"/>
  <testcase name="HeapSortTest[570]" classname="labrat.IntSortsTest" time="0.001"/>
  <testcase name="HeapSortTest[571]" classname="labrat.IntSortsTest" time="0"/>
  <testcase name="HeapSortTest[572]" classname="labrat.IntSortsTest" time="0"/>
  <testcase name="HeapSortTest[573]" classname="labrat.IntSortsTest" time="0.001"/>
  <testcase name="HeapSortTest[574]" classname="labrat.IntSortsTest" time="0"/>
  <testcase name="HeapSortTest[575]" classname="labrat.IntSortsTest" time="0"/>
  <testcase name="HeapSortTest[576]" classname="labrat.IntSortsTest" time="0.001"/>
  <testcase name="HeapSortTest[577]" classname="labrat.IntSortsTest" time="0"/>
  <testcase name="HeapSortTest[578]" classname="labrat.IntSortsTest" time="0"/>
  <testcase name="HeapSortTest[579]" classname="labrat.IntSortsTest" time="0.001"/>
  <testcase name="HeapSortTest[580]" classname="labrat.IntSortsTest" time="0"/>
  <testcase name="HeapSortTest[581]" classname="labrat.IntSortsTest" time="0"/>
  <testcase name="HeapSortTest[582]" classname="labrat.IntSortsTest" time="0"/>
  <testcase name="HeapSortTest[583]" classname="labrat.IntSortsTest" time="0"/>
  <testcase name="HeapSortTest[584]" classname="labrat.IntSortsTest" time="0"/>
  <testcase name="HeapSortTest[585]" classname="labrat.IntSortsTest" time="0"/>
  <testcase name="HeapSortTest[586]" classname="labrat.IntSortsTest" time="0"/>
  <testcase name="HeapSortTest[587]" classname="labrat.IntSortsTest" time="0"/>
  <testcase name="HeapSortTest[588]" classname="labrat.IntSortsTest" time="0"/>
  <testcase name="HeapSortTest[589]" classname="labrat.IntSortsTest" time="0"/>
  <testcase name="HeapSortTest[590]" classname="labrat.IntSortsTest" time="0"/>
  <testcase name="HeapSortTest[591]" classname="labrat.IntSortsTest" time="0"/>
  <testcase name="HeapSortTest[592]" classname="labrat.IntSortsTest" time="0"/>
  <testcase name="HeapSortTest[593]" classname="labrat.IntSortsTest" time="0"/>
  <testcase name="HeapSortTest[594]" classname="labrat.IntSortsTest" time="0"/>
  <testcase name="HeapSortTest[595]" classname="labrat.IntSortsTest" time="0"/>
  <testcase name="HeapSortTest[596]" classname="labrat.IntSortsTest" time="0"/>
  <testcase name="HeapSortTest[597]" classname="labrat.IntSortsTest" time="0"/>
  <testcase name="HeapSortTest[598]" classname="labrat.IntSortsTest" time="0"/>
  <testcase name="HeapSortTest[599]" classname="labrat.IntSortsTest" time="0"/>
  <testcase name="HeapSortTest[600]" classname="labrat.IntSortsTest" time="0"/>
  <testcase name="HeapSortTest[601]" classname="labrat.IntSortsTest" time="0"/>
  <testcase name="HeapSortTest[602]" classname="labrat.IntSortsTest" time="0.001"/>
  <testcase name="HeapSortTest[603]" classname="labrat.IntSortsTest" time="0"/>
  <testcase name="HeapSortTest[604]" classname="labrat.IntSortsTest" time="0"/>
  <testcase name="HeapSortTest[605]" classname="labrat.IntSortsTest" time="0.001"/>
  <testcase name="HeapSortTest[606]" classname="labrat.IntSortsTest" time="0"/>
  <testcase name="HeapSortTest[607]" classname="labrat.IntSortsTest" time="0"/>
  <testcase name="HeapSortTest[608]" classname="labrat.IntSortsTest" time="0.001"/>
  <testcase name="HeapSortTest[609]" classname="labrat.IntSortsTest" time="0"/>
  <testcase name="HeapSortTest[610]" classname="labrat.IntSortsTest" time="0"/>
  <testcase name="HeapSortTest[611]" classname="labrat.IntSortsTest" time="0.001"/>
  <testcase name="HeapSortTest[612]" classname="labrat.IntSortsTest" time="0"/>
  <testcase name="HeapSortTest[613]" classname="labrat.IntSortsTest" time="0"/>
  <testcase name="HeapSortTest[614]" classname="labrat.IntSortsTest" time="0"/>
  <testcase name="HeapSortTest[615]" classname="labrat.IntSortsTest" time="0"/>
  <testcase name="HeapSortTest[616]" classname="labrat.IntSortsTest" time="0"/>
  <testcase name="HeapSortTest[617]" classname="labrat.IntSortsTest" time="0"/>
  <testcase name="HeapSortTest[618]" classname="labrat.IntSortsTest" time="0"/>
  <testcase name="HeapSortTest[619]" classname="labrat.IntSortsTest" time="0.001"/>
  <testcase name="HeapSortTest[620]" classname="labrat.IntSortsTest" time="0"/>
  <testcase name="HeapSortTest[621]" classname="labrat.IntSortsTest" time="0"/>
  <testcase name="HeapSortTest[622]" classname="labrat.IntSortsTest" time="0.001"/>
  <testcase name="HeapSortTest[623]" classname="labrat.IntSortsTest" time="0"/>
  <testcase name="HeapSortTest[624]" classname="labrat.IntSortsTest" time="0"/>
  <testcase name="HeapSortTest[625]" classname="labrat.IntSortsTest" time="0.001"/>
  <testcase name="HeapSortTest[626]" classname="labrat.IntSortsTest" time="0"/>
  <testcase name="HeapSortTest[627]" classname="labrat.IntSortsTest" time="0"/>
  <testcase name="HeapSortTest[628]" classname="labrat.IntSortsTest" time="0.001"/>
  <testcase name="HeapSortTest[629]" classname="labrat.IntSortsTest" time="0"/>
  <testcase name="HeapSortTest[630]" classname="labrat.IntSortsTest" time="0"/>
  <testcase name="HeapSortTest[631]" classname="labrat.IntSortsTest" time="0"/>
  <testcase name="HeapSortTest[632]" classname="labrat.IntSortsTest" time="0.001"/>
  <testcase name="HeapSortTest[633]" classname="labrat.IntSortsTest" time="0"/>
  <testcase name="HeapSortTest[634]" classname="labrat.IntSortsTest" time="0"/>
  <testcase name="HeapSortTest[635]" classname="labrat.IntSortsTest" time="0"/>
  <testcase name="HeapSortTest[636]" classname="labrat.IntSortsTest" time="0"/>
  <testcase name="HeapSortTest[637]" classname="labrat.IntSortsTest" time="0"/>
  <testcase name="HeapSortTest[638]" classname="labrat.IntSortsTest" time="0"/>
  <testcase name="HeapSortTest[639]" classname="labrat.IntSortsTest" time="0"/>
  <testcase name="HeapSortTest[640]" classname="labrat.IntSortsTest" time="0"/>
  <testcase name="HeapSortTest[641]" classname="labrat.IntSortsTest" time="0"/>
  <testcase name="HeapSortTest[642]" classname="labrat.IntSortsTest" time="0"/>
  <testcase name="HeapSortTest[643]" classname="labrat.IntSortsTest" time="0.001"/>
  <testcase name="HeapSortTest[644]" classname="labrat.IntSortsTest" time="0"/>
  <testcase name="HeapSortTest[645]" classname="labrat.IntSortsTest" time="0"/>
  <testcase name="HeapSortTest[646]" classname="labrat.IntSortsTest" time="0"/>
  <testcase name="HeapSortTest[647]" classname="labrat.IntSortsTest" time="0.001"/>
  <testcase name="HeapSortTest[648]" classname="labrat.IntSortsTest" time="0"/>
  <testcase name="HeapSortTest[649]" classname="labrat.IntSortsTest" time="0"/>
  <testcase name="HeapSortTest[650]" classname="labrat.IntSortsTest" time="0"/>
  <testcase name="HeapSortTest[651]" classname="labrat.IntSortsTest" time="0.001"/>
  <testcase name="HeapSortTest[652]" classname="labrat.IntSortsTest" time="0"/>
  <testcase name="HeapSortTest[653]" classname="labrat.IntSortsTest" time="0"/>
  <testcase name="HeapSortTest[654]" classname="labrat.IntSortsTest" time="0"/>
  <testcase name="HeapSortTest[655]" classname="labrat.IntSortsTest" time="0"/>
  <testcase name="HeapSortTest[656]" classname="labrat.IntSortsTest" time="0"/>
  <testcase name="HeapSortTest[657]" classname="labrat.IntSortsTest" time="0"/>
  <testcase name="HeapSortTest[658]" classname="labrat.IntSortsTest" time="0"/>
  <testcase name="HeapSortTest[659]" classname="labrat.IntSortsTest" time="0"/>
  <testcase name="HeapSortTest[660]" classname="labrat.IntSortsTest" time="0"/>
  <testcase name="HeapSortTest[661]" classname="labrat.IntSortsTest" time="0"/>
  <testcase name="HeapSortTest[662]" classname="labrat.IntSortsTest" time="0"/>
  <testcase name="HeapSortTest[663]" classname="labrat.IntSortsTest" time="0"/>
  <testcase name="HeapSortTest[664]" classname="labrat.IntSortsTest" time="0"/>
  <testcase name="HeapSortTest[665]" classname="labrat.IntSortsTest" time="0"/>
  <testcase name="HeapSortTest[666]" classname="labrat.IntSortsTest" time="0.001"/>
  <testcase name="HeapSortTest[667]" classname="labrat.IntSortsTest" time="0"/>
  <testcase name="HeapSortTest[668]" classname="labrat.IntSortsTest" time="0"/>
  <testcase name="HeapSortTest[669]" classname="labrat.IntSortsTest" time="0"/>
  <testcase name="HeapSortTest[670]" classname="labrat.IntSortsTest" time="0.001"/>
  <testcase name="HeapSortTest[671]" classname="labrat.IntSortsTest" time="0"/>
  <testcase name="HeapSortTest[672]" classname="labrat.IntSortsTest" time="0"/>
  <testcase name="HeapSortTest[673]" classname="labrat.IntSortsTest" time="0"/>
  <testcase name="HeapSortTest[674]" classname="labrat.IntSortsTest" time="0"/>
  <testcase name="HeapSortTest[675]" classname="labrat.IntSortsTest" time="0"/>
  <testcase name="HeapSortTest[676]" classname="labrat.IntSortsTest" time="0"/>
  <testcase name="HeapSortTest[677]" classname="labrat.IntSortsTest" time="0"/>
  <testcase name="HeapSortTest[678]" classname="labrat.IntSortsTest" time="0"/>
  <testcase name="HeapSortTest[679]" classname="labrat.IntSortsTest" time="0"/>
  <testcase name="HeapSortTest[680]" classname="labrat.IntSortsTest" time="0"/>
  <testcase name="HeapSortTest[681]" classname="labrat.IntSortsTest" time="0.001"/>
  <testcase name="HeapSortTest[682]" classname="labrat.IntSortsTest" time="0"/>
  <testcase name="HeapSortTest[683]" classname="labrat.IntSortsTest" time="0"/>
  <testcase name="HeapSortTest[684]" classname="labrat.IntSortsTest" time="0"/>
  <testcase name="HeapSortTest[685]" classname="labrat.IntSortsTest" time="0.001"/>
  <testcase name="HeapSortTest[686]" classname="labrat.IntSortsTest" time="0"/>
  <testcase name="HeapSortTest[687]" classname="labrat.IntSortsTest" time="0"/>
  <testcase name="HeapSortTest[688]" classname="labrat.IntSortsTest" time="0"/>
  <testcase name="HeapSortTest[689]" classname="labrat.IntSortsTest" time="0.001"/>
  <testcase name="HeapSortTest[690]" classname="labrat.IntSortsTest" time="0"/>
  <testcase name="HeapSortTest[691]" classname="labrat.IntSortsTest" time="0"/>
  <testcase name="HeapSortTest[692]" classname="labrat.IntSortsTest" time="0"/>
  <testcase name="HeapSortTest[693]" classname="labrat.IntSortsTest" time="0.001"/>
  <testcase name="HeapSortTest[694]" classname="labrat.IntSortsTest" time="0"/>
  <testcase name="HeapSortTest[695]" classname="labrat.IntSortsTest" time="0"/>
  <testcase name="HeapSortTest[696]" classname="labrat.IntSortsTest" time="0"/>
  <testcase name="HeapSortTest[697]" classname="labrat.IntSortsTest" time="0"/>
  <testcase name="HeapSortTest[698]" classname="labrat.IntSortsTest" time="0"/>
  <testcase name="HeapSortTest[699]" classname="labrat.IntSortsTest" time="0"/>
  <testcase name="HeapSortTest[700]" classname="labrat.IntSortsTest" time="0"/>
  <testcase name="HeapSortTest[701]" classname="labrat.IntSortsTest" time="0"/>
  <testcase name="HeapSortTest[702]" classname="labrat.IntSortsTest" time="0"/>
  <testcase name="HeapSortTest[703]" classname="labrat.IntSortsTest" time="0"/>
  <testcase name="HeapSortTest[704]" classname="labrat.IntSortsTest" time="0"/>
  <testcase name="HeapSortTest[705]" classname="labrat.IntSortsTest" time="0"/>
  <testcase name="HeapSortTest[706]" classname="labrat.IntSortsTest" time="0"/>
  <testcase name="HeapSortTest[707]" classname="labrat.IntSortsTest" time="0"/>
  <testcase name="HeapSortTest[708]" classname="labrat.IntSortsTest" time="0"/>
  <testcase name="HeapSortTest[709]" classname="labrat.IntSortsTest" time="0"/>
  <testcase name="HeapSortTest[710]" classname="labrat.IntSortsTest" time="0"/>
  <testcase name="HeapSortTest[711]" classname="labrat.IntSortsTest" time="0"/>
  <testcase name="HeapSortTest[712]" classname="labrat.IntSortsTest" time="0"/>
  <testcase name="HeapSortTest[713]" classname="labrat.IntSortsTest" time="0"/>
  <testcase name="HeapSortTest[714]" classname="labrat.IntSortsTest" time="0.001"/>
  <testcase name="HeapSortTest[715]" classname="labrat.IntSortsTest" time="0"/>
  <testcase name="HeapSortTest[716]" classname="labrat.IntSortsTest" time="0"/>
  <testcase name="HeapSortTest[717]" classname="labrat.IntSortsTest" time="0"/>
  <testcase name="HeapSortTest[718]" classname="labrat.IntSortsTest" time="0.001"/>
  <testcase name="HeapSortTest[719]" classname="labrat.IntSortsTest" time="0"/>
  <testcase name="HeapSortTest[720]" classname="labrat.IntSortsTest" time="0"/>
  <testcase name="HeapSortTest[721]" classname="labrat.IntSortsTest" time="0"/>
  <testcase name="HeapSortTest[722]" classname="labrat.IntSortsTest" time="0.001"/>
  <testcase name="HeapSortTest[723]" classname="labrat.IntSortsTest" time="0"/>
  <testcase name="HeapSortTest[724]" classname="labrat.IntSortsTest" time="0"/>
  <testcase name="HeapSortTest[725]" classname="labrat.IntSortsTest" time="0"/>
  <testcase name="HeapSortTest[726]" classname="labrat.IntSortsTest" time="0"/>
  <testcase name="HeapSortTest[727]" classname="labrat.IntSortsTest" time="0"/>
  <testcase name="HeapSortTest[728]" classname="labrat.IntSortsTest" time="0"/>
  <testcase name="HeapSortTest[729]" classname="labrat.IntSortsTest" time="0"/>
  <testcase name="HeapSortTest[730]" classname="labrat.IntSortsTest" time="0"/>
  <testcase name="HeapSortTest[731]" classname="labrat.IntSortsTest" time="0"/>
  <testcase name="HeapSortTest[732]" classname="labrat.IntSortsTest" time="0"/>
  <testcase name="HeapSortTest[733]" classname="labrat.IntSortsTest" time="0.001"/>
  <testcase name="HeapSortTest[734]" classname="labrat.IntSortsTest" time="0"/>
  <testcase name="HeapSortTest[735]" classname="labrat.IntSortsTest" time="0"/>
  <testcase name="HeapSortTest[736]" classname="labrat.IntSortsTest" time="0"/>
  <testcase name="HeapSortTest[737]" classname="labrat.IntSortsTest" time="0.001"/>
  <testcase name="HeapSortTest[738]" classname="labrat.IntSortsTest" time="0"/>
  <testcase name="HeapSortTest[739]" classname="labrat.IntSortsTest" time="0"/>
  <testcase name="HeapSortTest[740]" classname="labrat.IntSortsTest" time="0"/>
  <testcase name="HeapSortTest[741]" classname="labrat.IntSortsTest" time="0"/>
  <testcase name="HeapSortTest[742]" classname="labrat.IntSortsTest" time="0"/>
  <testcase name="HeapSortTest[743]" classname="labrat.IntSortsTest" time="0"/>
  <testcase name="HeapSortTest[744]" classname="labrat.IntSortsTest" time="0"/>
  <testcase name="HeapSortTest[745]" classname="labrat.IntSortsTest" time="0.001"/>
  <testcase name="HeapSortTest[746]" classname="labrat.IntSortsTest" time="0"/>
  <testcase name="HeapSortTest[747]" classname="labrat.IntSortsTest" time="0"/>
  <testcase name="HeapSortTest[748]" classname="labrat.IntSortsTest" time="0"/>
  <testcase name="HeapSortTest[749]" classname="labrat.IntSortsTest" time="0"/>
  <testcase name="HeapSortTest[750]" classname="labrat.IntSortsTest" time="0"/>
  <testcase name="HeapSortTest[751]" classname="labrat.IntSortsTest" time="0"/>
  <testcase name="HeapSortTest[752]" classname="labrat.IntSortsTest" time="0"/>
  <testcase name="HeapSortTest[753]" classname="labrat.IntSortsTest" time="0"/>
  <testcase name="HeapSortTest[754]" classname="labrat.IntSortsTest" time="0"/>
  <testcase name="HeapSortTest[755]" classname="labrat.IntSortsTest" time="0"/>
  <testcase name="HeapSortTest[756]" classname="labrat.IntSortsTest" time="0.001"/>
  <testcase name="HeapSortTest[757]" classname="labrat.IntSortsTest" time="0"/>
  <testcase name="HeapSortTest[758]" classname="labrat.IntSortsTest" time="0"/>
  <testcase name="HeapSortTest[759]" classname="labrat.IntSortsTest" time="0"/>
  <testcase name="HeapSortTest[760]" classname="labrat.IntSortsTest" time="0.001"/>
  <testcase name="HeapSortTest[761]" classname="labrat.IntSortsTest" time="0"/>
  <testcase name="HeapSortTest[762]" classname="labrat.IntSortsTest" time="0"/>
  <testcase name="HeapSortTest[763]" classname="labrat.IntSortsTest" time="0"/>
  <testcase name="HeapSortTest[764]" classname="labrat.IntSortsTest" time="0.001"/>
  <testcase name="HeapSortTest[765]" classname="labrat.IntSortsTest" time="0"/>
  <testcase name="HeapSortTest[766]" classname="labrat.IntSortsTest" time="0"/>
  <testcase name="HeapSortTest[767]" classname="labrat.IntSortsTest" time="0"/>
  <testcase name="HeapSortTest[768]" classname="labrat.IntSortsTest" time="0.001"/>
  <testcase name="HeapSortTest[769]" classname="labrat.IntSortsTest" time="0"/>
  <testcase name="HeapSortTest[770]" classname="labrat.IntSortsTest" time="0"/>
  <testcase name="HeapSortTest[771]" classname="labrat.IntSortsTest" time="0"/>
  <testcase name="HeapSortTest[772]" classname="labrat.IntSortsTest" time="0"/>
  <testcase name="HeapSortTest[773]" classname="labrat.IntSortsTest" time="0"/>
  <testcase name="HeapSortTest[774]" classname="labrat.IntSortsTest" time="0"/>
  <testcase name="HeapSortTest[775]" classname="labrat.IntSortsTest" time="0"/>
  <testcase name="HeapSortTest[776]" classname="labrat.IntSortsTest" time="0"/>
  <testcase name="HeapSortTest[777]" classname="labrat.IntSortsTest" time="0"/>
  <testcase name="HeapSortTest[778]" classname="labrat.IntSortsTest" time="0"/>
  <testcase name="HeapSortTest[779]" classname="labrat.IntSortsTest" time="0"/>
  <testcase name="HeapSortTest[780]" classname="labrat.IntSortsTest" time="0"/>
  <testcase name="HeapSortTest[781]" classname="labrat.IntSortsTest" time="0"/>
  <testcase name="HeapSortTest[782]" classname="labrat.IntSortsTest" time="0"/>
  <testcase name="HeapSortTest[783]" classname="labrat.IntSortsTest" time="0"/>
  <testcase name="HeapSortTest[784]" classname="labrat.IntSortsTest" time="0"/>
  <testcase name="HeapSortTest[785]" classname="labrat.IntSortsTest" time="0"/>
  <testcase name="HeapSortTest[786]" classname="labrat.IntSortsTest" time="0"/>
  <testcase name="HeapSortTest[787]" classname="labrat.IntSortsTest" time="0"/>
  <testcase name="HeapSortTest[788]" classname="labrat.IntSortsTest" time="0"/>
  <testcase name="HeapSortTest[789]" classname="labrat.IntSortsTest" time="0"/>
  <testcase name="HeapSortTest[790]" classname="labrat.IntSortsTest" time="0"/>
  <testcase name="HeapSortTest[791]" classname="labrat.IntSortsTest" time="0"/>
  <testcase name="HeapSortTest[792]" classname="labrat.IntSortsTest" time="0"/>
  <testcase name="HeapSortTest[793]" classname="labrat.IntSortsTest" time="0"/>
  <testcase name="HeapSortTest[794]" classname="labrat.IntSortsTest" time="0"/>
  <testcase name="HeapSortTest[795]" classname="labrat.IntSortsTest" time="0.001"/>
  <testcase name="HeapSortTest[796]" classname="labrat.IntSortsTest" time="0"/>
  <testcase name="HeapSortTest[797]" classname="labrat.IntSortsTest" time="0"/>
  <testcase name="HeapSortTest[798]" classname="labrat.IntSortsTest" time="0"/>
  <testcase name="HeapSortTest[799]" classname="labrat.IntSortsTest" time="0.001"/>
  <testcase name="HeapSortTest[800]" classname="labrat.IntSortsTest" time="0"/>
  <testcase name="HeapSortTest[801]" classname="labrat.IntSortsTest" time="0"/>
  <testcase name="HeapSortTest[802]" classname="labrat.IntSortsTest" time="0"/>
  <testcase name="HeapSortTest[803]" classname="labrat.IntSortsTest" time="0.001"/>
  <testcase name="HeapSortTest[804]" classname="labrat.IntSortsTest" time="0"/>
  <testcase name="HeapSortTest[805]" classname="labrat.IntSortsTest" time="0"/>
  <testcase name="HeapSortTest[806]" classname="labrat.IntSortsTest" time="0"/>
  <testcase name="HeapSortTest[807]" classname="labrat.IntSortsTest" time="0.001"/>
  <testcase name="HeapSortTest[808]" classname="labrat.IntSortsTest" time="0"/>
  <testcase name="HeapSortTest[809]" classname="labrat.IntSortsTest" time="0"/>
  <testcase name="HeapSortTest[810]" classname="labrat.IntSortsTest" time="0"/>
  <testcase name="HeapSortTest[811]" classname="labrat.IntSortsTest" time="0.001"/>
  <testcase name="HeapSortTest[812]" classname="labrat.IntSortsTest" time="0"/>
  <testcase name="HeapSortTest[813]" classname="labrat.IntSortsTest" time="0"/>
  <testcase name="HeapSortTest[814]" classname="labrat.IntSortsTest" time="0"/>
  <testcase name="HeapSortTest[815]" classname="labrat.IntSortsTest" time="0.001"/>
  <testcase name="HeapSortTest[816]" classname="labrat.IntSortsTest" time="0"/>
  <testcase name="HeapSortTest[817]" classname="labrat.IntSortsTest" time="0"/>
  <testcase name="HeapSortTest[818]" classname="labrat.IntSortsTest" time="0"/>
  <testcase name="HeapSortTest[819]" classname="labrat.IntSortsTest" time="0.001"/>
  <testcase name="HeapSortTest[820]" classname="labrat.IntSortsTest" time="0"/>
  <testcase name="HeapSortTest[821]" classname="labrat.IntSortsTest" time="0"/>
  <testcase name="HeapSortTest[822]" classname="labrat.IntSortsTest" time="0"/>
  <testcase name="HeapSortTest[823]" classname="labrat.IntSortsTest" time="0"/>
  <testcase name="HeapSortTest[824]" classname="labrat.IntSortsTest" time="0"/>
  <testcase name="HeapSortTest[825]" classname="labrat.IntSortsTest" time="0"/>
  <testcase name="HeapSortTest[826]" classname="labrat.IntSortsTest" time="0"/>
  <testcase name="HeapSortTest[827]" classname="labrat.IntSortsTest" time="0"/>
  <testcase name="HeapSortTest[828]" classname="labrat.IntSortsTest" time="0"/>
  <testcase name="HeapSortTest[829]" classname="labrat.IntSortsTest" time="0"/>
  <testcase name="HeapSortTest[830]" classname="labrat.IntSortsTest" time="0"/>
  <testcase name="HeapSortTest[831]" classname="labrat.IntSortsTest" time="0"/>
  <testcase name="HeapSortTest[832]" classname="labrat.IntSortsTest" time="0"/>
  <testcase name="HeapSortTest[833]" classname="labrat.IntSortsTest" time="0"/>
  <testcase name="HeapSortTest[834]" classname="labrat.IntSortsTest" time="0"/>
  <testcase name="HeapSortTest[835]" classname="labrat.IntSortsTest" time="0"/>
  <testcase name="HeapSortTest[836]" classname="labrat.IntSortsTest" time="0"/>
  <testcase name="HeapSortTest[837]" classname="labrat.IntSortsTest" time="0"/>
  <testcase name="HeapSortTest[838]" classname="labrat.IntSortsTest" time="0"/>
  <testcase name="HeapSortTest[839]" classname="labrat.IntSortsTest" time="0.001"/>
  <testcase name="HeapSortTest[840]" classname="labrat.IntSortsTest" time="0"/>
  <testcase name="HeapSortTest[841]" classname="labrat.IntSortsTest" time="0"/>
  <testcase name="HeapSortTest[842]" classname="labrat.IntSortsTest" time="0"/>
  <testcase name="HeapSortTest[843]" classname="labrat.IntSortsTest" time="0.001"/>
  <testcase name="HeapSortTest[844]" classname="labrat.IntSortsTest" time="0"/>
  <testcase name="HeapSortTest[845]" classname="labrat.IntSortsTest" time="0"/>
  <testcase name="HeapSortTest[846]" classname="labrat.IntSortsTest" time="0"/>
  <testcase name="HeapSortTest[847]" classname="labrat.IntSortsTest" time="0.001"/>
  <testcase name="HeapSortTest[848]" classname="labrat.IntSortsTest" time="0"/>
  <testcase name="HeapSortTest[849]" classname="labrat.IntSortsTest" time="0"/>
  <testcase name="HeapSortTest[850]" classname="labrat.IntSortsTest" time="0"/>
  <testcase name="HeapSortTest[851]" classname="labrat.IntSortsTest" time="0"/>
  <testcase name="HeapSortTest[852]" classname="labrat.IntSortsTest" time="0"/>
  <testcase name="HeapSortTest[853]" classname="labrat.IntSortsTest" time="0"/>
  <testcase name="HeapSortTest[854]" classname="labrat.IntSortsTest" time="0"/>
  <testcase name="HeapSortTest[855]" classname="labrat.IntSortsTest" time="0.001"/>
  <testcase name="HeapSortTest[856]" classname="labrat.IntSortsTest" time="0"/>
  <testcase name="HeapSortTest[857]" classname="labrat.IntSortsTest" time="0"/>
  <testcase name="HeapSortTest[858]" classname="labrat.IntSortsTest" time="0"/>
  <testcase name="HeapSortTest[859]" classname="labrat.IntSortsTest" time="0"/>
  <testcase name="HeapSortTest[860]" classname="labrat.IntSortsTest" time="0"/>
  <testcase name="HeapSortTest[861]" classname="labrat.IntSortsTest" time="0"/>
  <testcase name="HeapSortTest[862]" classname="labrat.IntSortsTest" time="0"/>
  <testcase name="HeapSortTest[863]" classname="labrat.IntSortsTest" time="0"/>
  <testcase name="HeapSortTest[864]" classname="labrat.IntSortsTest" time="0"/>
  <testcase name="HeapSortTest[865]" classname="labrat.IntSortsTest" time="0"/>
  <testcase name="HeapSortTest[866]" classname="labrat.IntSortsTest" time="0"/>
  <testcase name="HeapSortTest[867]" classname="labrat.IntSortsTest" time="0"/>
  <testcase name="HeapSortTest[868]" classname="labrat.IntSortsTest" time="0"/>
  <testcase name="HeapSortTest[869]" classname="labrat.IntSortsTest" time="0"/>
  <testcase name="HeapSortTest[870]" classname="labrat.IntSortsTest" time="0.001"/>
  <testcase name="HeapSortTest[871]" classname="labrat.IntSortsTest" time="0.004"/>
  <testcase name="HeapSortTest[872]" classname="labrat.IntSortsTest" time="0"/>
  <testcase name="HeapSortTest[873]" classname="labrat.IntSortsTest" time="0"/>
  <testcase name="HeapSortTest[874]" classname="labrat.IntSortsTest" time="0"/>
  <testcase name="HeapSortTest[875]" classname="labrat.IntSortsTest" time="0"/>
  <testcase name="HeapSortTest[876]" classname="labrat.IntSortsTest" time="0"/>
  <testcase name="HeapSortTest[877]" classname="labrat.IntSortsTest" time="0"/>
  <testcase name="HeapSortTest[878]" classname="labrat.IntSortsTest" time="0"/>
  <testcase name="HeapSortTest[879]" classname="labrat.IntSortsTest" time="0"/>
  <testcase name="HeapSortTest[880]" classname="labrat.IntSortsTest" time="0"/>
  <testcase name="HeapSortTest[881]" classname="labrat.IntSortsTest" time="0"/>
  <testcase name="HeapSortTest[882]" classname="labrat.IntSortsTest" time="0"/>
  <testcase name="HeapSortTest[883]" classname="labrat.IntSortsTest" time="0"/>
  <testcase name="HeapSortTest[884]" classname="labrat.IntSortsTest" time="0"/>
  <testcase name="HeapSortTest[885]" classname="labrat.IntSortsTest" time="0"/>
  <testcase name="HeapSortTest[886]" classname="labrat.IntSortsTest" time="0"/>
  <testcase name="HeapSortTest[887]" classname="labrat.IntSortsTest" time="0"/>
  <testcase name="HeapSortTest[888]" classname="labrat.IntSortsTest" time="0"/>
  <testcase name="HeapSortTest[889]" classname="labrat.IntSortsTest" time="0"/>
  <testcase name="HeapSortTest[890]" classname="labrat.IntSortsTest" time="0"/>
  <testcase name="HeapSortTest[891]" classname="labrat.IntSortsTest" time="0"/>
  <testcase name="HeapSortTest[892]" classname="labrat.IntSortsTest" time="0"/>
  <testcase name="HeapSortTest[893]" classname="labrat.IntSortsTest" time="0"/>
  <testcase name="HeapSortTest[894]" classname="labrat.IntSortsTest" time="0"/>
  <testcase name="HeapSortTest[895]" classname="labrat.IntSortsTest" time="0"/>
  <testcase name="HeapSortTest[896]" classname="labrat.IntSortsTest" time="0.001"/>
  <testcase name="HeapSortTest[897]" classname="labrat.IntSortsTest" time="0"/>
  <testcase name="HeapSortTest[898]" classname="labrat.IntSortsTest" time="0"/>
  <testcase name="HeapSortTest[899]" classname="labrat.IntSortsTest" time="0"/>
  <testcase name="HeapSortTest[900]" classname="labrat.IntSortsTest" time="0"/>
  <testcase name="HeapSortTest[901]" classname="labrat.IntSortsTest" time="0"/>
  <testcase name="HeapSortTest[902]" classname="labrat.IntSortsTest" time="0"/>
  <testcase name="HeapSortTest[903]" classname="labrat.IntSortsTest" time="0"/>
  <testcase name="HeapSortTest[904]" classname="labrat.IntSortsTest" time="0"/>
  <testcase name="HeapSortTest[905]" classname="labrat.IntSortsTest" time="0.001"/>
  <testcase name="HeapSortTest[906]" classname="labrat.IntSortsTest" time="0"/>
  <testcase name="HeapSortTest[907]" classname="labrat.IntSortsTest" time="0"/>
  <testcase name="HeapSortTest[908]" classname="labrat.IntSortsTest" time="0"/>
  <testcase name="HeapSortTest[909]" classname="labrat.IntSortsTest" time="0"/>
  <testcase name="HeapSortTest[910]" classname="labrat.IntSortsTest" time="0"/>
  <testcase name="HeapSortTest[911]" classname="labrat.IntSortsTest" time="0"/>
  <testcase name="HeapSortTest[912]" classname="labrat.IntSortsTest" time="0.003"/>
  <testcase name="HeapSortTest[913]" classname="labrat.IntSortsTest" time="0"/>
  <testcase name="HeapSortTest[914]" classname="labrat.IntSortsTest" time="0"/>
  <testcase name="HeapSortTest[915]" classname="labrat.IntSortsTest" time="0"/>
  <testcase name="HeapSortTest[916]" classname="labrat.IntSortsTest" time="0"/>
  <testcase name="HeapSortTest[917]" classname="labrat.IntSortsTest" time="0"/>
  <testcase name="HeapSortTest[918]" classname="labrat.IntSortsTest" time="0"/>
  <testcase name="HeapSortTest[919]" classname="labrat.IntSortsTest" time="0"/>
  <testcase name="HeapSortTest[920]" classname="labrat.IntSortsTest" time="0"/>
  <testcase name="HeapSortTest[921]" classname="labrat.IntSortsTest" time="0"/>
  <testcase name="HeapSortTest[922]" classname="labrat.IntSortsTest" time="0"/>
  <testcase name="HeapSortTest[923]" classname="labrat.IntSortsTest" time="0"/>
  <testcase name="HeapSortTest[924]" classname="labrat.IntSortsTest" time="0"/>
  <testcase name="HeapSortTest[925]" classname="labrat.IntSortsTest" time="0"/>
  <testcase name="HeapSortTest[926]" classname="labrat.IntSortsTest" time="0.001"/>
  <testcase name="HeapSortTest[927]" classname="labrat.IntSortsTest" time="0"/>
  <testcase name="HeapSortTest[928]" classname="labrat.IntSortsTest" time="0"/>
  <testcase name="HeapSortTest[929]" classname="labrat.IntSortsTest" time="0"/>
  <testcase name="HeapSortTest[930]" classname="labrat.IntSortsTest" time="0.001"/>
  <testcase name="HeapSortTest[931]" classname="labrat.IntSortsTest" time="0"/>
  <testcase name="HeapSortTest[932]" classname="labrat.IntSortsTest" time="0"/>
  <testcase name="HeapSortTest[933]" classname="labrat.IntSortsTest" time="0"/>
  <testcase name="HeapSortTest[934]" classname="labrat.IntSortsTest" time="0.001"/>
  <testcase name="HeapSortTest[935]" classname="labrat.IntSortsTest" time="0"/>
  <testcase name="HeapSortTest[936]" classname="labrat.IntSortsTest" time="0"/>
  <testcase name="HeapSortTest[937]" classname="labrat.IntSortsTest" time="0"/>
  <testcase name="HeapSortTest[938]" classname="labrat.IntSortsTest" time="0.001"/>
  <testcase name="HeapSortTest[939]" classname="labrat.IntSortsTest" time="0"/>
  <testcase name="HeapSortTest[940]" classname="labrat.IntSortsTest" time="0"/>
  <testcase name="HeapSortTest[941]" classname="labrat.IntSortsTest" time="0"/>
  <testcase name="HeapSortTest[942]" classname="labrat.IntSortsTest" time="0.001"/>
  <testcase name="HeapSortTest[943]" classname="labrat.IntSortsTest" time="0"/>
  <testcase name="HeapSortTest[944]" classname="labrat.IntSortsTest" time="0"/>
  <testcase name="HeapSortTest[945]" classname="labrat.IntSortsTest" time="0"/>
  <testcase name="HeapSortTest[946]" classname="labrat.IntSortsTest" time="0.001"/>
  <testcase name="HeapSortTest[947]" classname="labrat.IntSortsTest" time="0"/>
  <testcase name="HeapSortTest[948]" classname="labrat.IntSortsTest" time="0"/>
  <testcase name="HeapSortTest[949]" classname="labrat.IntSortsTest" time="0"/>
  <testcase name="HeapSortTest[950]" classname="labrat.IntSortsTest" time="0.001"/>
  <testcase name="HeapSortTest[951]" classname="labrat.IntSortsTest" time="0"/>
  <testcase name="HeapSortTest[952]" classname="labrat.IntSortsTest" time="0"/>
  <testcase name="HeapSortTest[953]" classname="labrat.IntSortsTest" time="0"/>
  <testcase name="HeapSortTest[954]" classname="labrat.IntSortsTest" time="0.001"/>
  <testcase name="HeapSortTest[955]" classname="labrat.IntSortsTest" time="0"/>
  <testcase name="HeapSortTest[956]" classname="labrat.IntSortsTest" time="0"/>
  <testcase name="HeapSortTest[957]" classname="labrat.IntSortsTest" time="0"/>
  <testcase name="HeapSortTest[958]" classname="labrat.IntSortsTest" time="0.001"/>
  <testcase name="HeapSortTest[959]" classname="labrat.IntSortsTest" time="0"/>
  <testcase name="HeapSortTest[960]" classname="labrat.IntSortsTest" time="0"/>
  <testcase name="HeapSortTest[961]" classname="labrat.IntSortsTest" time="0"/>
  <testcase name="HeapSortTest[962]" classname="labrat.IntSortsTest" time="0.001"/>
  <testcase name="HeapSortTest[963]" classname="labrat.IntSortsTest" time="0"/>
  <testcase name="HeapSortTest[964]" classname="labrat.IntSortsTest" time="0"/>
  <testcase name="HeapSortTest[965]" classname="labrat.IntSortsTest" time="0"/>
  <testcase name="HeapSortTest[966]" classname="labrat.IntSortsTest" time="0.001"/>
  <testcase name="HeapSortTest[967]" classname="labrat.IntSortsTest" time="0"/>
  <testcase name="HeapSortTest[968]" classname="labrat.IntSortsTest" time="0"/>
  <testcase name="HeapSortTest[969]" classname="labrat.IntSortsTest" time="0"/>
  <testcase name="HeapSortTest[970]" classname="labrat.IntSortsTest" time="0"/>
  <testcase name="HeapSortTest[971]" classname="labrat.IntSortsTest" time="0"/>
  <testcase name="HeapSortTest[972]" classname="labrat.IntSortsTest" time="0"/>
  <testcase name="HeapSortTest[973]" classname="labrat.IntSortsTest" time="0"/>
  <testcase name="HeapSortTest[974]" classname="labrat.IntSortsTest" time="0"/>
  <testcase name="HeapSortTest[975]" classname="labrat.IntSortsTest" time="0"/>
  <testcase name="HeapSortTest[976]" classname="labrat.IntSortsTest" time="0"/>
  <testcase name="HeapSortTest[977]" classname="labrat.IntSortsTest" time="0"/>
  <testcase name="HeapSortTest[978]" classname="labrat.IntSortsTest" time="0.001"/>
  <testcase name="HeapSortTest[979]" classname="labrat.IntSortsTest" time="0"/>
  <testcase name="HeapSortTest[980]" classname="labrat.IntSortsTest" time="0"/>
  <testcase name="HeapSortTest[981]" classname="labrat.IntSortsTest" time="0"/>
  <testcase name="HeapSortTest[982]" classname="labrat.IntSortsTest" time="0.001"/>
  <testcase name="HeapSortTest[983]" classname="labrat.IntSortsTest" time="0"/>
  <testcase name="HeapSortTest[984]" classname="labrat.IntSortsTest" time="0"/>
  <testcase name="HeapSortTest[985]" classname="labrat.IntSortsTest" time="0"/>
  <testcase name="HeapSortTest[986]" classname="labrat.IntSortsTest" time="0.001"/>
  <testcase name="HeapSortTest[987]" classname="labrat.IntSortsTest" time="0"/>
  <testcase name="HeapSortTest[988]" classname="labrat.IntSortsTest" time="0"/>
[...]
  <testcase name="MergeSortTest[757]" classname="labrat.IntSortsTest" time="0"/>
  <testcase name="MergeSortTest[758]" classname="labrat.IntSortsTest" time="0.001"/>
  <testcase name="MergeSortTest[759]" classname="labrat.IntSortsTest" time="0"/>
  <testcase name="MergeSortTest[760]" classname="labrat.IntSortsTest" time="0"/>
  <testcase name="MergeSortTest[761]" classname="labrat.IntSortsTest" time="0"/>
  <testcase name="MergeSortTest[762]" classname="labrat.IntSortsTest" time="0"/>
  <testcase name="MergeSortTest[763]" classname="labrat.IntSortsTest" time="0"/>
  <testcase name="MergeSortTest[764]" classname="labrat.IntSortsTest" time="0"/>
  <testcase name="MergeSortTest[765]" classname="labrat.IntSortsTest" time="0"/>
  <testcase name="MergeSortTest[766]" classname="labrat.IntSortsTest" time="0"/>
  <testcase name="MergeSortTest[767]" classname="labrat.IntSortsTest" time="0.001"/>
  <testcase name="MergeSortTest[768]" classname="labrat.IntSortsTest" time="0"/>
  <testcase name="MergeSortTest[769]" classname="labrat.IntSortsTest" time="0"/>
  <testcase name="MergeSortTest[770]" classname="labrat.IntSortsTest" time="0"/>
  <testcase name="MergeSortTest[771]" classname="labrat.IntSortsTest" time="0.001"/>
  <testcase name="MergeSortTest[772]" classname="labrat.IntSortsTest" time="0"/>
  <testcase name="MergeSortTest[773]" classname="labrat.IntSortsTest" time="0"/>
  <testcase name="MergeSortTest[774]" classname="labrat.IntSortsTest" time="0"/>
  <testcase name="MergeSortTest[775]" classname="labrat.IntSortsTest" time="0.001"/>
  <testcase name="MergeSortTest[776]" classname="labrat.IntSortsTest" time="0"/>
  <testcase name="MergeSortTest[777]" classname="labrat.IntSortsTest" time="0"/>
  <testcase name="MergeSortTest[778]" classname="labrat.IntSortsTest" time="0"/>
  <testcase name="MergeSortTest[779]" classname="labrat.IntSortsTest" time="0"/>
  <testcase name="MergeSortTest[780]" classname="labrat.IntSortsTest" time="0"/>
  <testcase name="MergeSortTest[781]" classname="labrat.IntSortsTest" time="0"/>
  <testcase name="MergeSortTest[782]" classname="labrat.IntSortsTest" time="0"/>
  <testcase name="MergeSortTest[783]" classname="labrat.IntSortsTest" time="0"/>
  <testcase name="MergeSortTest[784]" classname="labrat.IntSortsTest" time="0.001"/>
  <testcase name="MergeSortTest[785]" classname="labrat.IntSortsTest" time="0"/>
  <testcase name="MergeSortTest[786]" classname="labrat.IntSortsTest" time="0"/>
  <testcase name="MergeSortTest[787]" classname="labrat.IntSortsTest" time="0"/>
  <testcase name="MergeSortTest[788]" classname="labrat.IntSortsTest" time="0.001"/>
  <testcase name="MergeSortTest[789]" classname="labrat.IntSortsTest" time="0"/>
  <testcase name="MergeSortTest[790]" classname="labrat.IntSortsTest" time="0"/>
  <testcase name="MergeSortTest[791]" classname="labrat.IntSortsTest" time="0"/>
  <testcase name="MergeSortTest[792]" classname="labrat.IntSortsTest" time="0"/>
  <testcase name="MergeSortTest[793]" classname="labrat.IntSortsTest" time="0.001"/>
  <testcase name="MergeSortTest[794]" classname="labrat.IntSortsTest" time="0"/>
  <testcase name="MergeSortTest[795]" classname="labrat.IntSortsTest" time="0"/>
  <testcase name="MergeSortTest[796]" classname="labrat.IntSortsTest" time="0"/>
  <testcase name="MergeSortTest[797]" classname="labrat.IntSortsTest" time="0.001"/>
  <testcase name="MergeSortTest[798]" classname="labrat.IntSortsTest" time="0"/>
  <testcase name="MergeSortTest[799]" classname="labrat.IntSortsTest" time="0"/>
  <testcase name="MergeSortTest[800]" classname="labrat.IntSortsTest" time="0"/>
  <testcase name="MergeSortTest[801]" classname="labrat.IntSortsTest" time="0.001"/>
  <testcase name="MergeSortTest[802]" classname="labrat.IntSortsTest" time="0"/>
  <testcase name="MergeSortTest[803]" classname="labrat.IntSortsTest" time="0"/>
  <testcase name="MergeSortTest[804]" classname="labrat.IntSortsTest" time="0"/>
  <testcase name="MergeSortTest[805]" classname="labrat.IntSortsTest" time="0"/>
  <testcase name="MergeSortTest[806]" classname="labrat.IntSortsTest" time="0"/>
  <testcase name="MergeSortTest[807]" classname="labrat.IntSortsTest" time="0"/>
  <testcase name="MergeSortTest[808]" classname="labrat.IntSortsTest" time="0"/>
  <testcase name="MergeSortTest[809]" classname="labrat.IntSortsTest" time="0"/>
  <testcase name="MergeSortTest[810]" classname="labrat.IntSortsTest" time="0.001"/>
  <testcase name="MergeSortTest[811]" classname="labrat.IntSortsTest" time="0"/>
  <testcase name="MergeSortTest[812]" classname="labrat.IntSortsTest" time="0"/>
  <testcase name="MergeSortTest[813]" classname="labrat.IntSortsTest" time="0"/>
  <testcase name="MergeSortTest[814]" classname="labrat.IntSortsTest" time="0"/>
  <testcase name="MergeSortTest[815]" classname="labrat.IntSortsTest" time="0"/>
  <testcase name="MergeSortTest[816]" classname="labrat.IntSortsTest" time="0"/>
  <testcase name="MergeSortTest[817]" classname="labrat.IntSortsTest" time="0"/>
  <testcase name="MergeSortTest[818]" classname="labrat.IntSortsTest" time="0"/>
  <testcase name="MergeSortTest[819]" classname="labrat.IntSortsTest" time="0"/>
  <testcase name="MergeSortTest[820]" classname="labrat.IntSortsTest" time="0"/>
  <testcase name="MergeSortTest[821]" classname="labrat.IntSortsTest" time="0"/>
  <testcase name="MergeSortTest[822]" classname="labrat.IntSortsTest" time="0"/>
  <testcase name="MergeSortTest[823]" classname="labrat.IntSortsTest" time="0.001"/>
  <testcase name="MergeSortTest[824]" classname="labrat.IntSortsTest" time="0"/>
  <testcase name="MergeSortTest[825]" classname="labrat.IntSortsTest" time="0"/>
  <testcase name="MergeSortTest[826]" classname="labrat.IntSortsTest" time="0"/>
  <testcase name="MergeSortTest[827]" classname="labrat.IntSortsTest" time="0"/>
  <testcase name="MergeSortTest[828]" classname="labrat.IntSortsTest" time="0"/>
  <testcase name="MergeSortTest[829]" classname="labrat.IntSortsTest" time="0"/>
  <testcase name="MergeSortTest[830]" classname="labrat.IntSortsTest" time="0"/>
  <testcase name="MergeSortTest[831]" classname="labrat.IntSortsTest" time="0"/>
  <testcase name="MergeSortTest[832]" classname="labrat.IntSortsTest" time="0.001"/>
  <testcase name="MergeSortTest[833]" classname="labrat.IntSortsTest" time="0"/>
  <testcase name="MergeSortTest[834]" classname="labrat.IntSortsTest" time="0"/>
  <testcase name="MergeSortTest[835]" classname="labrat.IntSortsTest" time="0"/>
  <testcase name="MergeSortTest[836]" classname="labrat.IntSortsTest" time="0.001"/>
  <testcase name="MergeSortTest[837]" classname="labrat.IntSortsTest" time="0"/>
  <testcase name="MergeSortTest[838]" classname="labrat.IntSortsTest" time="0"/>
  <testcase name="MergeSortTest[839]" classname="labrat.IntSortsTest" time="0"/>
  <testcase name="MergeSortTest[840]" classname="labrat.IntSortsTest" time="0"/>
  <testcase name="MergeSortTest[841]" classname="labrat.IntSortsTest" time="0"/>
  <testcase name="MergeSortTest[842]" classname="labrat.IntSortsTest" time="0"/>
  <testcase name="MergeSortTest[843]" classname="labrat.IntSortsTest" time="0"/>
  <testcase name="MergeSortTest[844]" classname="labrat.IntSortsTest" time="0"/>
  <testcase name="MergeSortTest[845]" classname="labrat.IntSortsTest" time="0"/>
  <testcase name="MergeSortTest[846]" classname="labrat.IntSortsTest" time="0"/>
  <testcase name="MergeSortTest[847]" classname="labrat.IntSortsTest" time="0"/>
  <testcase name="MergeSortTest[848]" classname="labrat.IntSortsTest" time="0"/>
  <testcase name="MergeSortTest[849]" classname="labrat.IntSortsTest" time="0.001"/>
  <testcase name="MergeSortTest[850]" classname="labrat.IntSortsTest" time="0"/>
  <testcase name="MergeSortTest[851]" classname="labrat.IntSortsTest" time="0"/>
  <testcase name="MergeSortTest[852]" classname="labrat.IntSortsTest" time="0"/>
  <testcase name="MergeSortTest[853]" classname="labrat.IntSortsTest" time="0"/>
  <testcase name="MergeSortTest[854]" classname="labrat.IntSortsTest" time="0"/>
  <testcase name="MergeSortTest[855]" classname="labrat.IntSortsTest" time="0"/>
  <testcase name="MergeSortTest[856]" classname="labrat.IntSortsTest" time="0"/>
  <testcase name="MergeSortTest[857]" classname="labrat.IntSortsTest" time="0"/>
  <testcase name="MergeSortTest[858]" classname="labrat.IntSortsTest" time="0"/>
  <testcase name="MergeSortTest[859]" classname="labrat.IntSortsTest" time="0"/>
  <testcase name="MergeSortTest[860]" classname="labrat.IntSortsTest" time="0"/>
  <testcase name="MergeSortTest[861]" classname="labrat.IntSortsTest" time="0"/>
  <testcase name="MergeSortTest[862]" classname="labrat.IntSortsTest" time="0.001"/>
  <testcase name="MergeSortTest[863]" classname="labrat.IntSortsTest" time="0"/>
  <testcase name="MergeSortTest[864]" classname="labrat.IntSortsTest" time="0"/>
  <testcase name="MergeSortTest[865]" classname="labrat.IntSortsTest" time="0"/>
  <testcase name="MergeSortTest[866]" classname="labrat.IntSortsTest" time="0"/>
  <testcase name="MergeSortTest[867]" classname="labrat.IntSortsTest" time="0"/>
  <testcase name="MergeSortTest[868]" classname="labrat.IntSortsTest" time="0"/>
  <testcase name="MergeSortTest[869]" classname="labrat.IntSortsTest" time="0"/>
  <testcase name="MergeSortTest[870]" classname="labrat.IntSortsTest" time="0"/>
  <testcase name="MergeSortTest[871]" classname="labrat.IntSortsTest" time="0.001"/>
  <testcase name="MergeSortTest[872]" classname="labrat.IntSortsTest" time="0"/>
  <testcase name="MergeSortTest[873]" classname="labrat.IntSortsTest" time="0"/>
  <testcase name="MergeSortTest[874]" classname="labrat.IntSortsTest" time="0"/>
  <testcase name="MergeSortTest[875]" classname="labrat.IntSortsTest" time="0.001"/>
  <testcase name="MergeSortTest[876]" classname="labrat.IntSortsTest" time="0"/>
  <testcase name="MergeSortTest[877]" classname="labrat.IntSortsTest" time="0"/>
  <testcase name="MergeSortTest[878]" classname="labrat.IntSortsTest" time="0"/>
  <testcase name="MergeSortTest[879]" classname="labrat.IntSortsTest" time="0"/>
  <testcase name="MergeSortTest[880]" classname="labrat.IntSortsTest" time="0.001"/>
  <testcase name="MergeSortTest[881]" classname="labrat.IntSortsTest" time="0"/>
  <testcase name="MergeSortTest[882]" classname="labrat.IntSortsTest" time="0"/>
  <testcase name="MergeSortTest[883]" classname="labrat.IntSortsTest" time="0"/>
  <testcase name="MergeSortTest[884]" classname="labrat.IntSortsTest" time="0.001"/>
  <testcase name="MergeSortTest[885]" classname="labrat.IntSortsTest" time="0"/>
  <testcase name="MergeSortTest[886]" classname="labrat.IntSortsTest" time="0"/>
  <testcase name="MergeSortTest[887]" classname="labrat.IntSortsTest" time="0"/>
  <testcase name="MergeSortTest[888]" classname="labrat.IntSortsTest" time="0"/>
  <testcase name="MergeSortTest[889]" classname="labrat.IntSortsTest" time="0.001"/>
  <testcase name="MergeSortTest[890]" classname="labrat.IntSortsTest" time="0"/>
  <testcase name="MergeSortTest[891]" classname="labrat.IntSortsTest" time="0"/>
  <testcase name="MergeSortTest[892]" classname="labrat.IntSortsTest" time="0"/>
  <testcase name="MergeSortTest[893]" classname="labrat.IntSortsTest" time="0.001"/>
  <testcase name="MergeSortTest[894]" classname="labrat.IntSortsTest" time="0"/>
  <testcase name="MergeSortTest[895]" classname="labrat.IntSortsTest" time="0"/>
  <testcase name="MergeSortTest[896]" classname="labrat.IntSortsTest" time="0"/>
  <testcase name="MergeSortTest[897]" classname="labrat.IntSortsTest" time="0"/>
  <testcase name="MergeSortTest[898]" classname="labrat.IntSortsTest" time="0.001"/>
  <testcase name="MergeSortTest[899]" classname="labrat.IntSortsTest" time="0"/>
  <testcase name="MergeSortTest[900]" classname="labrat.IntSortsTest" time="0"/>
  <testcase name="MergeSortTest[901]" classname="labrat.IntSortsTest" time="0"/>
  <testcase name="MergeSortTest[902]" classname="labrat.IntSortsTest" time="0.001"/>
  <testcase name="MergeSortTest[903]" classname="labrat.IntSortsTest" time="0"/>
  <testcase name="MergeSortTest[904]" classname="labrat.IntSortsTest" time="0"/>
  <testcase name="MergeSortTest[905]" classname="labrat.IntSortsTest" time="0"/>
  <testcase name="MergeSortTest[906]" classname="labrat.IntSortsTest" time="0"/>
  <testcase name="MergeSortTest[907]" classname="labrat.IntSortsTest" time="0"/>
  <testcase name="MergeSortTest[908]" classname="labrat.IntSortsTest" time="0"/>
  <testcase name="MergeSortTest[909]" classname="labrat.IntSortsTest" time="0"/>
  <testcase name="MergeSortTest[910]" classname="labrat.IntSortsTest" time="0"/>
  <testcase name="MergeSortTest[911]" classname="labrat.IntSortsTest" time="0.001"/>
  <testcase name="MergeSortTest[912]" classname="labrat.IntSortsTest" time="0"/>
  <testcase name="MergeSortTest[913]" classname="labrat.IntSortsTest" time="0"/>
  <testcase name="MergeSortTest[914]" classname="labrat.IntSortsTest" time="0"/>
  <testcase name="MergeSortTest[915]" classname="labrat.IntSortsTest" time="0"/>
  <testcase name="MergeSortTest[916]" classname="labrat.IntSortsTest" time="0.001"/>
  <testcase name="MergeSortTest[917]" classname="labrat.IntSortsTest" time="0"/>
  <testcase name="MergeSortTest[918]" classname="labrat.IntSortsTest" time="0"/>
  <testcase name="MergeSortTest[919]" classname="labrat.IntSortsTest" time="0"/>
  <testcase name="MergeSortTest[920]" classname="labrat.IntSortsTest" time="0"/>
  <testcase name="MergeSortTest[921]" classname="labrat.IntSortsTest" time="0.001"/>
  <testcase name="MergeSortTest[922]" classname="labrat.IntSortsTest" time="0"/>
  <testcase name="MergeSortTest[923]" classname="labrat.IntSortsTest" time="0"/>
  <testcase name="MergeSortTest[924]" classname="labrat.IntSortsTest" time="0"/>
  <testcase name="MergeSortTest[925]" classname="labrat.IntSortsTest" time="0"/>
  <testcase name="MergeSortTest[926]" classname="labrat.IntSortsTest" time="0"/>
  <testcase name="MergeSortTest[927]" classname="labrat.IntSortsTest" time="0"/>
  <testcase name="MergeSortTest[928]" classname="labrat.IntSortsTest" time="0"/>
  <testcase name="MergeSortTest[929]" classname="labrat.IntSortsTest" time="0.001"/>
  <testcase name="MergeSortTest[930]" classname="labrat.IntSortsTest" time="0"/>
  <testcase name="MergeSortTest[931]" classname="labrat.IntSortsTest" time="0"/>
  <testcase name="MergeSortTest[932]" classname="labrat.IntSortsTest" time="0"/>
  <testcase name="MergeSortTest[933]" classname="labrat.IntSortsTest" time="0"/>
  <testcase name="MergeSortTest[934]" classname="labrat.IntSortsTest" time="0"/>
  <testcase name="MergeSortTest[935]" classname="labrat.IntSortsTest" time="0"/>
  <testcase name="MergeSortTest[936]" classname="labrat.IntSortsTest" time="0"/>
  <testcase name="MergeSortTest[937]" classname="labrat.IntSortsTest" time="0"/>
  <testcase name="MergeSortTest[938]" classname="labrat.IntSortsTest" time="0"/>
  <testcase name="MergeSortTest[939]" classname="labrat.IntSortsTest" time="0"/>
  <testcase name="MergeSortTest[940]" classname="labrat.IntSortsTest" time="0"/>
  <testcase name="MergeSortTest[941]" classname="labrat.IntSortsTest" time="0"/>
  <testcase name="MergeSortTest[942]" classname="labrat.IntSortsTest" time="0"/>
  <testcase name="MergeSortTest[943]" classname="labrat.IntSortsTest" time="0"/>
  <testcase name="MergeSortTest[944]" classname="labrat.IntSortsTest" time="0"/>
  <testcase name="MergeSortTest[945]" classname="labrat.IntSortsTest" time="0"/>
  <testcase name="MergeSortTest[946]" classname="labrat.IntSortsTest" time="0"/>
  <testcase name="MergeSortTest[947]" classname="labrat.IntSortsTest" time="0"/>
  <testcase name="MergeSortTest[948]" classname="labrat.IntSortsTest" time="0.001"/>
  <testcase name="MergeSortTest[949]" classname="labrat.IntSortsTest" time="0"/>
  <testcase name="MergeSortTest[950]" classname="labrat.IntSortsTest" time="0"/>
  <testcase name="MergeSortTest[951]" classname="labrat.IntSortsTest" time="0.001"/>
  <testcase name="MergeSortTest[952]" classname="labrat.IntSortsTest" time="0"/>
  <testcase name="MergeSortTest[953]" classname="labrat.IntSortsTest" time="0"/>
  <testcase name="MergeSortTest[954]" classname="labrat.IntSortsTest" time="0.001"/>
  <testcase name="MergeSortTest[955]" classname="labrat.IntSortsTest" time="0"/>
  <testcase name="MergeSortTest[956]" classname="labrat.IntSortsTest" time="0"/>
  <testcase name="MergeSortTest[957]" classname="labrat.IntSortsTest" time="0.001"/>
  <testcase name="MergeSortTest[958]" classname="labrat.IntSortsTest" time="0"/>
  <testcase name="MergeSortTest[959]" classname="labrat.IntSortsTest" time="0.001"/>
  <testcase name="MergeSortTest[960]" classname="labrat.IntSortsTest" time="0"/>
  <testcase name="MergeSortTest[961]" classname="labrat.IntSortsTest" time="0"/>
  <testcase name="MergeSortTest[962]" classname="labrat.IntSortsTest" time="0"/>
  <testcase name="MergeSortTest[963]" classname="labrat.IntSortsTest" time="0.001"/>
  <testcase name="MergeSortTest[964]" classname="labrat.IntSortsTest" time="0"/>
  <testcase name="MergeSortTest[965]" classname="labrat.IntSortsTest" time="0"/>
  <testcase name="MergeSortTest[966]" classname="labrat.IntSortsTest" time="0"/>
  <testcase name="MergeSortTest[967]" classname="labrat.IntSortsTest" time="0"/>
  <testcase name="MergeSortTest[968]" classname="labrat.IntSortsTest" time="0"/>
  <testcase name="MergeSortTest[969]" classname="labrat.IntSortsTest" time="0"/>
  <testcase name="MergeSortTest[970]" classname="labrat.IntSortsTest" time="0"/>
  <testcase name="MergeSortTest[971]" classname="labrat.IntSortsTest" time="0"/>
  <testcase name="MergeSortTest[972]" classname="labrat.IntSortsTest" time="0.001"/>
  <testcase name="MergeSortTest[973]" classname="labrat.IntSortsTest" time="0"/>
  <testcase name="MergeSortTest[974]" classname="labrat.IntSortsTest" time="0"/>
  <testcase name="MergeSortTest[975]" classname="labrat.IntSortsTest" time="0"/>
  <testcase name="MergeSortTest[976]" classname="labrat.IntSortsTest" time="0"/>
  <testcase name="MergeSortTest[977]" classname="labrat.IntSortsTest" time="0"/>
  <testcase name="MergeSortTest[978]" classname="labrat.IntSortsTest" time="0"/>
  <testcase name="MergeSortTest[979]" classname="labrat.IntSortsTest" time="0"/>
  <testcase name="MergeSortTest[980]" classname="labrat.IntSortsTest" time="0"/>
  <testcase name="MergeSortTest[981]" classname="labrat.IntSortsTest" time="0.001"/>
  <testcase name="MergeSortTest[982]" classname="labrat.IntSortsTest" time="0"/>
  <testcase name="MergeSortTest[983]" classname="labrat.IntSortsTest" time="0"/>
  <testcase name="MergeSortTest[984]" classname="labrat.IntSortsTest" time="0"/>
  <testcase name="MergeSortTest[985]" classname="labrat.IntSortsTest" time="0"/>
  <testcase name="MergeSortTest[986]" classname="labrat.IntSortsTest" time="0"/>
  <testcase name="MergeSortTest[987]" classname="labrat.IntSortsTest" time="0"/>
  <testcase name="MergeSortTest[988]" classname="labrat.IntSortsTest" time="0"/>
  <testcase name="MergeSortTest[989]" classname="labrat.IntSortsTest" time="0"/>
  <testcase name="MergeSortTest[990]" classname="labrat.IntSortsTest" time="0.001"/>
  <testcase name="MergeSortTest[991]" classname="labrat.IntSortsTest" time="0"/>
  <testcase name="MergeSortTest[992]" classname="labrat.IntSortsTest" time="0"/>
  <testcase name="MergeSortTest[993]" classname="labrat.IntSortsTest" time="0"/>
  <testcase name="MergeSortTest[994]" classname="labrat.IntSortsTest" time="0.001"/>
  <testcase name="MergeSortTest[995]" classname="labrat.IntSortsTest" time="0"/>
  <testcase name="MergeSortTest[996]" classname="labrat.IntSortsTest" time="0"/>
  <testcase name="MergeSortTest[997]" classname="labrat.IntSortsTest" time="0"/>
  <testcase name="MergeSortTest[998]" classname="labrat.IntSortsTest" time="0"/>
  <testcase name="MergeSortTest[999]" classname="labrat.IntSortsTest" time="0.001"/>
  <testcase name="MergeSortTest[1000]" classname="labrat.IntSortsTest" time="0"/>
</testsuite>