<?xml version="1.0" encoding="UTF-8"?>
<testsuite xmlns:xsi="http://www.w3.org/2001/XMLSchema-instance" xsi:noNamespaceSchemaLocation="https://maven.apache.org/surefire/maven-surefire-plugin/xsd/surefire-test-report.xsd" name="labrat.RedBlackTreeTests" time="0" tests="4" errors="0" skipped="3" failures="0">
  <properties>
[...]
</properties>
  <testcase name="MaxTest" classname="labrat.RedBlackTreeTests" time="0">
    <skipped message="void labrat.RedBlackTreeTests.MaxTest() is @Disabled"/>
  </testcase>
  <testcase name="MinTest" classname="labrat.RedBlackTreeTests" time="0">
    <skipped message="void labrat.RedBlackTreeTests.MinTest() is @Disabled"/>
  </testcase>
  <testcase name="RemoveRoot" classname="labrat.RedBlackTreeTests" time="0">
    <skipped message="void labrat.RedBlackTreeTests.RemoveRoot() is @Disabled"/>
  </testcase>
  <testcase name="FromArrSorted" classname="labrat.RedBlackTreeTests" time="0"/>
</testsuite>